[Fri May 13 09:34:19 2022|main.py|INFO] Progress| Parse args succeed!
[Fri May 13 09:34:20 2022|main.py|INFO] Progress| Load Bert config succeed!
[Fri May 13 09:34:20 2022|main.py|INFO] Progress| Task setup succeed!
[Fri May 13 09:34:27 2022|main.py|INFO] Progress| Load Bert tokenizer succeed!
[Fri May 13 09:34:28 2022|DatasetForClassification.py|INFO] train size: 6254
[Fri May 13 09:34:28 2022|DatasetForClassification.py|INFO] valid size: 886
[Fri May 13 09:34:28 2022|DatasetForClassification.py|INFO] test size: 1870
[Fri May 13 09:34:37 2022|main.py|INFO] Progress| Load Bert model succeed!
[Fri May 13 09:34:37 2022|main.py|INFO] Progress| Load Optimizer AdamW succeed!
[Fri May 13 09:34:37 2022|main.py|INFO] Progress| Load Accelerator succeed!
[Fri May 13 09:34:37 2022|TrainClassifier.py|INFO] Initial Evaluation Result
[Fri May 13 09:34:38 2022|MetricForClassification.py|INFO] 比喻 | Num:  306 | P: 50.00 | R:  0.65 | F1:  1.29
[Fri May 13 09:34:38 2022|MetricForClassification.py|INFO] 比拟 | Num:   94 | P: 29.63 | R:  8.51 | F1: 13.22
[Fri May 13 09:34:38 2022|MetricForClassification.py|INFO] 借代 | Num:   69 | P:  4.26 | R:  2.90 | F1:  3.45
[Fri May 13 09:34:38 2022|MetricForClassification.py|INFO] 夸张 | Num:   72 | P:  8.54 | R: 87.50 | F1: 15.56
[Fri May 13 09:34:38 2022|MetricForClassification.py|INFO] 反语 | Num:    4 | P:  0.00 | R:  0.00 | F1:  0.00
[Fri May 13 09:34:38 2022|MetricForClassification.py|INFO] 通感 | Num:    6 | P:  0.00 | R:  0.00 | F1:  0.00
[Fri May 13 09:34:38 2022|MetricForClassification.py|INFO] 问语 | Num:  115 | P:  0.00 | R:  0.00 | F1:  0.00
[Fri May 13 09:34:38 2022|MetricForClassification.py|INFO] 排比 | Num:   41 | P:  0.00 | R:  0.00 | F1:  0.00
[Fri May 13 09:34:38 2022|MetricForClassification.py|INFO] 对偶 | Num:   37 | P:  0.00 | R:  0.00 | F1:  0.00
[Fri May 13 09:34:38 2022|MetricForClassification.py|INFO] 反复 | Num:   57 | P:  0.00 | R:  0.00 | F1:  0.00
[Fri May 13 09:34:38 2022|MetricForClassification.py|INFO] 对比 | Num:   23 | P:  0.00 | R:  0.00 | F1:  0.00
[Fri May 13 09:34:38 2022|MetricForClassification.py|INFO] 引语 | Num:   62 | P: 26.67 | R:  6.45 | F1: 10.39
[Fri May 13 09:34:38 2022|MetricForClassification.py|INFO] Overall performance | Total num:  886 | P:  8.92 | R:  8.92 | Micro F1:  8.92 | Macro F1:  3.66
[Fri May 13 09:34:38 2022|TrainClassifier.py|INFO] epoch 0, iter 0, loss = 2.4728665351867676, lr=1e-05
[Fri May 13 09:34:43 2022|TrainClassifier.py|INFO] epoch 0, iter 50, loss = 1.7126325368881226, lr=9.91496598639456e-06
[Fri May 13 09:34:48 2022|TrainClassifier.py|INFO] epoch 0, iter 100, loss = 1.1826272010803223, lr=9.829931972789115e-06
[Fri May 13 09:34:53 2022|TrainClassifier.py|INFO] epoch 0, iter 150, loss = 0.6724534034729004, lr=9.744897959183674e-06
[Fri May 13 09:34:56 2022|TrainClassifier.py|INFO] Evaluation Result on epoch 0:
[Fri May 13 09:34:57 2022|MetricForClassification.py|INFO] 比喻 | Num:  306 | P: 77.17 | R: 87.25 | F1: 81.90
[Fri May 13 09:34:57 2022|MetricForClassification.py|INFO] 比拟 | Num:   94 | P: 43.67 | R: 73.40 | F1: 54.76
[Fri May 13 09:34:57 2022|MetricForClassification.py|INFO] 借代 | Num:   69 | P: 63.27 | R: 44.93 | F1: 52.54
[Fri May 13 09:34:57 2022|MetricForClassification.py|INFO] 夸张 | Num:   72 | P: 50.00 | R: 11.11 | F1: 18.18
[Fri May 13 09:34:57 2022|MetricForClassification.py|INFO] 反语 | Num:    4 | P:  0.00 | R:  0.00 | F1:  0.00
[Fri May 13 09:34:57 2022|MetricForClassification.py|INFO] 通感 | Num:    6 | P:  0.00 | R:  0.00 | F1:  0.00
[Fri May 13 09:34:57 2022|MetricForClassification.py|INFO] 问语 | Num:  115 | P: 89.43 | R: 95.65 | F1: 92.44
[Fri May 13 09:34:57 2022|MetricForClassification.py|INFO] 排比 | Num:   41 | P: 79.59 | R: 95.12 | F1: 86.67
[Fri May 13 09:34:57 2022|MetricForClassification.py|INFO] 对偶 | Num:   37 | P: 65.71 | R: 62.16 | F1: 63.89
[Fri May 13 09:34:57 2022|MetricForClassification.py|INFO] 反复 | Num:   57 | P: 94.00 | R: 82.46 | F1: 87.85
[Fri May 13 09:34:57 2022|MetricForClassification.py|INFO] 对比 | Num:   23 | P: 75.00 | R: 13.04 | F1: 22.22
[Fri May 13 09:34:57 2022|MetricForClassification.py|INFO] 引语 | Num:   62 | P: 89.29 | R: 80.65 | F1: 84.75
[Fri May 13 09:34:57 2022|MetricForClassification.py|INFO] Overall performance | Total num:  886 | P: 73.02 | R: 73.02 | Micro F1: 73.02 | Macro F1: 53.77
[Fri May 13 09:34:57 2022|TrainClassifier.py|INFO] Saving model for checkpoint 0
[Fri May 13 09:35:00 2022|TrainClassifier.py|INFO] epoch 1, iter 0, loss = 0.621880054473877, lr=9.666666666666667e-06
[Fri May 13 09:35:04 2022|TrainClassifier.py|INFO] epoch 1, iter 50, loss = 0.8410750031471252, lr=9.581632653061226e-06
[Fri May 13 09:35:09 2022|TrainClassifier.py|INFO] epoch 1, iter 100, loss = 0.759131133556366, lr=9.496598639455783e-06
[Fri May 13 09:35:13 2022|TrainClassifier.py|INFO] epoch 1, iter 150, loss = 0.35093337297439575, lr=9.411564625850342e-06
[Fri May 13 09:35:16 2022|TrainClassifier.py|INFO] Evaluation Result on epoch 1:
[Fri May 13 09:35:17 2022|MetricForClassification.py|INFO] 比喻 | Num:  306 | P: 79.88 | R: 88.24 | F1: 83.85
[Fri May 13 09:35:17 2022|MetricForClassification.py|INFO] 比拟 | Num:   94 | P: 53.12 | R: 72.34 | F1: 61.26
[Fri May 13 09:35:17 2022|MetricForClassification.py|INFO] 借代 | Num:   69 | P: 70.21 | R: 47.83 | F1: 56.90
[Fri May 13 09:35:17 2022|MetricForClassification.py|INFO] 夸张 | Num:   72 | P: 50.00 | R: 34.72 | F1: 40.98
[Fri May 13 09:35:17 2022|MetricForClassification.py|INFO] 反语 | Num:    4 | P:  0.00 | R:  0.00 | F1:  0.00
[Fri May 13 09:35:17 2022|MetricForClassification.py|INFO] 通感 | Num:    6 | P:  0.00 | R:  0.00 | F1:  0.00
[Fri May 13 09:35:17 2022|MetricForClassification.py|INFO] 问语 | Num:  115 | P: 91.74 | R: 96.52 | F1: 94.07
[Fri May 13 09:35:17 2022|MetricForClassification.py|INFO] 排比 | Num:   41 | P: 90.24 | R: 90.24 | F1: 90.24
[Fri May 13 09:35:17 2022|MetricForClassification.py|INFO] 对偶 | Num:   37 | P: 64.86 | R: 64.86 | F1: 64.86
[Fri May 13 09:35:17 2022|MetricForClassification.py|INFO] 反复 | Num:   57 | P: 92.73 | R: 89.47 | F1: 91.07
[Fri May 13 09:35:17 2022|MetricForClassification.py|INFO] 对比 | Num:   23 | P: 64.29 | R: 39.13 | F1: 48.65
[Fri May 13 09:35:17 2022|MetricForClassification.py|INFO] 引语 | Num:   62 | P: 92.73 | R: 82.26 | F1: 87.18
[Fri May 13 09:35:17 2022|MetricForClassification.py|INFO] Overall performance | Total num:  886 | P: 76.64 | R: 76.64 | Micro F1: 76.64 | Macro F1: 59.92
[Fri May 13 09:35:17 2022|TrainClassifier.py|INFO] Saving model for checkpoint 1
[Fri May 13 09:35:20 2022|TrainClassifier.py|INFO] epoch 2, iter 0, loss = 0.33916258811950684, lr=9.333333333333334e-06
[Fri May 13 09:35:25 2022|TrainClassifier.py|INFO] epoch 2, iter 50, loss = 0.671074390411377, lr=9.248299319727892e-06
[Fri May 13 09:35:29 2022|TrainClassifier.py|INFO] epoch 2, iter 100, loss = 0.5073218941688538, lr=9.163265306122449e-06
[Fri May 13 09:35:34 2022|TrainClassifier.py|INFO] epoch 2, iter 150, loss = 0.17145317792892456, lr=9.078231292517008e-06
[Fri May 13 09:35:37 2022|TrainClassifier.py|INFO] Evaluation Result on epoch 2:
[Fri May 13 09:35:38 2022|MetricForClassification.py|INFO] 比喻 | Num:  306 | P: 81.14 | R: 88.56 | F1: 84.69
[Fri May 13 09:35:38 2022|MetricForClassification.py|INFO] 比拟 | Num:   94 | P: 58.04 | R: 69.15 | F1: 63.11
[Fri May 13 09:35:38 2022|MetricForClassification.py|INFO] 借代 | Num:   69 | P: 72.50 | R: 42.03 | F1: 53.21
[Fri May 13 09:35:38 2022|MetricForClassification.py|INFO] 夸张 | Num:   72 | P: 55.38 | R: 50.00 | F1: 52.55
[Fri May 13 09:35:38 2022|MetricForClassification.py|INFO] 反语 | Num:    4 | P:  0.00 | R:  0.00 | F1:  0.00
[Fri May 13 09:35:38 2022|MetricForClassification.py|INFO] 通感 | Num:    6 | P:  0.00 | R:  0.00 | F1:  0.00
[Fri May 13 09:35:38 2022|MetricForClassification.py|INFO] 问语 | Num:  115 | P: 93.33 | R: 97.39 | F1: 95.32
[Fri May 13 09:35:38 2022|MetricForClassification.py|INFO] 排比 | Num:   41 | P: 88.37 | R: 92.68 | F1: 90.48
[Fri May 13 09:35:38 2022|MetricForClassification.py|INFO] 对偶 | Num:   37 | P: 63.41 | R: 70.27 | F1: 66.67
[Fri May 13 09:35:38 2022|MetricForClassification.py|INFO] 反复 | Num:   57 | P: 88.52 | R: 94.74 | F1: 91.53
[Fri May 13 09:35:38 2022|MetricForClassification.py|INFO] 对比 | Num:   23 | P: 60.00 | R: 39.13 | F1: 47.37
[Fri May 13 09:35:38 2022|MetricForClassification.py|INFO] 引语 | Num:   62 | P: 92.73 | R: 82.26 | F1: 87.18
[Fri May 13 09:35:38 2022|MetricForClassification.py|INFO] Overall performance | Total num:  886 | P: 77.99 | R: 77.99 | Micro F1: 77.99 | Macro F1: 61.01
[Fri May 13 09:35:38 2022|TrainClassifier.py|INFO] Saving model for checkpoint 2
[Fri May 13 09:35:41 2022|TrainClassifier.py|INFO] epoch 3, iter 0, loss = 0.2553997337818146, lr=9e-06
[Fri May 13 09:35:46 2022|TrainClassifier.py|INFO] epoch 3, iter 50, loss = 0.44600996375083923, lr=8.914965986394558e-06
[Fri May 13 09:35:50 2022|TrainClassifier.py|INFO] epoch 3, iter 100, loss = 0.43769243359565735, lr=8.829931972789117e-06
[Fri May 13 09:35:54 2022|TrainClassifier.py|INFO] epoch 3, iter 150, loss = 0.2020409107208252, lr=8.744897959183676e-06
[Fri May 13 09:35:58 2022|TrainClassifier.py|INFO] Evaluation Result on epoch 3:
[Fri May 13 09:35:59 2022|MetricForClassification.py|INFO] 比喻 | Num:  306 | P: 81.63 | R: 88.56 | F1: 84.95
[Fri May 13 09:35:59 2022|MetricForClassification.py|INFO] 比拟 | Num:   94 | P: 59.05 | R: 65.96 | F1: 62.31
[Fri May 13 09:35:59 2022|MetricForClassification.py|INFO] 借代 | Num:   69 | P: 76.74 | R: 47.83 | F1: 58.93
[Fri May 13 09:35:59 2022|MetricForClassification.py|INFO] 夸张 | Num:   72 | P: 62.71 | R: 51.39 | F1: 56.49
[Fri May 13 09:35:59 2022|MetricForClassification.py|INFO] 反语 | Num:    4 | P:  0.00 | R:  0.00 | F1:  0.00
[Fri May 13 09:35:59 2022|MetricForClassification.py|INFO] 通感 | Num:    6 | P:  0.00 | R:  0.00 | F1:  0.00
[Fri May 13 09:35:59 2022|MetricForClassification.py|INFO] 问语 | Num:  115 | P: 91.13 | R: 98.26 | F1: 94.56
[Fri May 13 09:35:59 2022|MetricForClassification.py|INFO] 排比 | Num:   41 | P: 88.37 | R: 92.68 | F1: 90.48
[Fri May 13 09:35:59 2022|MetricForClassification.py|INFO] 对偶 | Num:   37 | P: 62.50 | R: 81.08 | F1: 70.59
[Fri May 13 09:35:59 2022|MetricForClassification.py|INFO] 反复 | Num:   57 | P: 87.30 | R: 96.49 | F1: 91.67
[Fri May 13 09:35:59 2022|MetricForClassification.py|INFO] 对比 | Num:   23 | P: 55.56 | R: 43.48 | F1: 48.78
[Fri May 13 09:35:59 2022|MetricForClassification.py|INFO] 引语 | Num:   62 | P: 96.08 | R: 79.03 | F1: 86.73
[Fri May 13 09:35:59 2022|MetricForClassification.py|INFO] Overall performance | Total num:  886 | P: 78.78 | R: 78.78 | Micro F1: 78.78 | Macro F1: 62.12
[Fri May 13 09:35:59 2022|TrainClassifier.py|INFO] Saving model for checkpoint 3
[Fri May 13 09:36:02 2022|TrainClassifier.py|INFO] epoch 4, iter 0, loss = 0.11010029911994934, lr=8.666666666666668e-06
[Fri May 13 09:36:06 2022|TrainClassifier.py|INFO] epoch 4, iter 50, loss = 0.2072862684726715, lr=8.581632653061225e-06
[Fri May 13 09:36:10 2022|TrainClassifier.py|INFO] epoch 4, iter 100, loss = 0.2827206254005432, lr=8.496598639455782e-06
[Fri May 13 09:36:15 2022|TrainClassifier.py|INFO] epoch 4, iter 150, loss = 0.09859374910593033, lr=8.41156462585034e-06
[Fri May 13 09:36:18 2022|TrainClassifier.py|INFO] Evaluation Result on epoch 4:
[Fri May 13 09:36:19 2022|MetricForClassification.py|INFO] 比喻 | Num:  306 | P: 81.87 | R: 88.56 | F1: 85.09
[Fri May 13 09:36:19 2022|MetricForClassification.py|INFO] 比拟 | Num:   94 | P: 59.62 | R: 65.96 | F1: 62.63
[Fri May 13 09:36:19 2022|MetricForClassification.py|INFO] 借代 | Num:   69 | P: 72.92 | R: 50.72 | F1: 59.83
[Fri May 13 09:36:19 2022|MetricForClassification.py|INFO] 夸张 | Num:   72 | P: 56.92 | R: 51.39 | F1: 54.01
[Fri May 13 09:36:19 2022|MetricForClassification.py|INFO] 反语 | Num:    4 | P:  0.00 | R:  0.00 | F1:  0.00
[Fri May 13 09:36:19 2022|MetricForClassification.py|INFO] 通感 | Num:    6 | P:  0.00 | R:  0.00 | F1:  0.00
[Fri May 13 09:36:19 2022|MetricForClassification.py|INFO] 问语 | Num:  115 | P: 94.78 | R: 94.78 | F1: 94.78
[Fri May 13 09:36:19 2022|MetricForClassification.py|INFO] 排比 | Num:   41 | P: 86.36 | R: 92.68 | F1: 89.41
[Fri May 13 09:36:19 2022|MetricForClassification.py|INFO] 对偶 | Num:   37 | P: 67.44 | R: 78.38 | F1: 72.50
[Fri May 13 09:36:19 2022|MetricForClassification.py|INFO] 反复 | Num:   57 | P: 82.09 | R: 96.49 | F1: 88.71
[Fri May 13 09:36:19 2022|MetricForClassification.py|INFO] 对比 | Num:   23 | P: 62.50 | R: 43.48 | F1: 51.28
[Fri May 13 09:36:19 2022|MetricForClassification.py|INFO] 引语 | Num:   62 | P: 94.34 | R: 80.65 | F1: 86.96
[Fri May 13 09:36:19 2022|MetricForClassification.py|INFO] Overall performance | Total num:  886 | P: 78.56 | R: 78.56 | Micro F1: 78.56 | Macro F1: 62.10
[Fri May 13 09:36:19 2022|TrainClassifier.py|INFO] epoch 5, iter 0, loss = 0.1424526572227478, lr=8.333333333333334e-06
[Fri May 13 09:36:23 2022|TrainClassifier.py|INFO] epoch 5, iter 50, loss = 0.09165776520967484, lr=8.248299319727891e-06
[Fri May 13 09:36:27 2022|TrainClassifier.py|INFO] epoch 5, iter 100, loss = 0.2814556360244751, lr=8.16326530612245e-06
[Fri May 13 09:36:31 2022|TrainClassifier.py|INFO] epoch 5, iter 150, loss = 0.03136526048183441, lr=8.078231292517007e-06
[Fri May 13 09:36:35 2022|TrainClassifier.py|INFO] Evaluation Result on epoch 5:
[Fri May 13 09:36:36 2022|MetricForClassification.py|INFO] 比喻 | Num:  306 | P: 80.88 | R: 89.87 | F1: 85.14
[Fri May 13 09:36:36 2022|MetricForClassification.py|INFO] 比拟 | Num:   94 | P: 60.82 | R: 62.77 | F1: 61.78
[Fri May 13 09:36:36 2022|MetricForClassification.py|INFO] 借代 | Num:   69 | P: 68.00 | R: 49.28 | F1: 57.14
[Fri May 13 09:36:36 2022|MetricForClassification.py|INFO] 夸张 | Num:   72 | P: 58.62 | R: 47.22 | F1: 52.31
[Fri May 13 09:36:36 2022|MetricForClassification.py|INFO] 反语 | Num:    4 | P:  0.00 | R:  0.00 | F1:  0.00
[Fri May 13 09:36:36 2022|MetricForClassification.py|INFO] 通感 | Num:    6 | P:  0.00 | R:  0.00 | F1:  0.00
[Fri May 13 09:36:36 2022|MetricForClassification.py|INFO] 问语 | Num:  115 | P: 94.07 | R: 96.52 | F1: 95.28
[Fri May 13 09:36:36 2022|MetricForClassification.py|INFO] 排比 | Num:   41 | P: 86.96 | R: 97.56 | F1: 91.95
[Fri May 13 09:36:36 2022|MetricForClassification.py|INFO] 对偶 | Num:   37 | P: 68.18 | R: 81.08 | F1: 74.07
[Fri May 13 09:36:36 2022|MetricForClassification.py|INFO] 反复 | Num:   57 | P: 87.30 | R: 96.49 | F1: 91.67
[Fri May 13 09:36:36 2022|MetricForClassification.py|INFO] 对比 | Num:   23 | P: 66.67 | R: 43.48 | F1: 52.63
[Fri May 13 09:36:36 2022|MetricForClassification.py|INFO] 引语 | Num:   62 | P: 92.73 | R: 82.26 | F1: 87.18
[Fri May 13 09:36:36 2022|MetricForClassification.py|INFO] Overall performance | Total num:  886 | P: 78.89 | R: 78.89 | Micro F1: 78.89 | Macro F1: 62.43
[Fri May 13 09:36:36 2022|TrainClassifier.py|INFO] Saving model for checkpoint 5
[Fri May 13 09:36:39 2022|TrainClassifier.py|INFO] epoch 6, iter 0, loss = 0.02326534502208233, lr=8.000000000000001e-06
[Fri May 13 09:36:43 2022|TrainClassifier.py|INFO] epoch 6, iter 50, loss = 0.03492526337504387, lr=7.914965986394559e-06
[Fri May 13 09:36:47 2022|TrainClassifier.py|INFO] epoch 6, iter 100, loss = 0.1765986680984497, lr=7.829931972789116e-06
[Fri May 13 09:36:51 2022|TrainClassifier.py|INFO] epoch 6, iter 150, loss = 0.02518509142100811, lr=7.744897959183673e-06
[Fri May 13 09:36:55 2022|TrainClassifier.py|INFO] Evaluation Result on epoch 6:
[Fri May 13 09:36:55 2022|MetricForClassification.py|INFO] 比喻 | Num:  306 | P: 80.35 | R: 89.54 | F1: 84.70
[Fri May 13 09:36:55 2022|MetricForClassification.py|INFO] 比拟 | Num:   94 | P: 65.59 | R: 64.89 | F1: 65.24
[Fri May 13 09:36:55 2022|MetricForClassification.py|INFO] 借代 | Num:   69 | P: 66.67 | R: 46.38 | F1: 54.70
[Fri May 13 09:36:55 2022|MetricForClassification.py|INFO] 夸张 | Num:   72 | P: 58.82 | R: 41.67 | F1: 48.78
[Fri May 13 09:36:55 2022|MetricForClassification.py|INFO] 反语 | Num:    4 | P: 25.00 | R: 25.00 | F1: 25.00
[Fri May 13 09:36:55 2022|MetricForClassification.py|INFO] 通感 | Num:    6 | P:  0.00 | R:  0.00 | F1:  0.00
[Fri May 13 09:36:55 2022|MetricForClassification.py|INFO] 问语 | Num:  115 | P: 94.83 | R: 95.65 | F1: 95.24
[Fri May 13 09:36:55 2022|MetricForClassification.py|INFO] 排比 | Num:   41 | P: 86.36 | R: 92.68 | F1: 89.41
[Fri May 13 09:36:55 2022|MetricForClassification.py|INFO] 对偶 | Num:   37 | P: 61.22 | R: 81.08 | F1: 69.77
[Fri May 13 09:36:55 2022|MetricForClassification.py|INFO] 反复 | Num:   57 | P: 84.62 | R: 96.49 | F1: 90.16
[Fri May 13 09:36:55 2022|MetricForClassification.py|INFO] 对比 | Num:   23 | P: 66.67 | R: 43.48 | F1: 52.63
[Fri May 13 09:36:55 2022|MetricForClassification.py|INFO] 引语 | Num:   62 | P: 91.53 | R: 87.10 | F1: 89.26
[Fri May 13 09:36:55 2022|MetricForClassification.py|INFO] Overall performance | Total num:  886 | P: 78.44 | R: 78.44 | Micro F1: 78.44 | Macro F1: 63.74
[Fri May 13 09:36:55 2022|TrainClassifier.py|INFO] epoch 7, iter 0, loss = 0.023342199623584747, lr=7.666666666666667e-06
[Fri May 13 09:36:59 2022|TrainClassifier.py|INFO] epoch 7, iter 50, loss = 0.12492828816175461, lr=7.581632653061225e-06
[Fri May 13 09:37:04 2022|TrainClassifier.py|INFO] epoch 7, iter 100, loss = 0.07956229150295258, lr=7.4965986394557835e-06
[Fri May 13 09:37:08 2022|TrainClassifier.py|INFO] epoch 7, iter 150, loss = 0.02903633937239647, lr=7.411564625850341e-06
[Fri May 13 09:37:12 2022|TrainClassifier.py|INFO] Evaluation Result on epoch 7:
[Fri May 13 09:37:12 2022|MetricForClassification.py|INFO] 比喻 | Num:  306 | P: 80.06 | R: 90.52 | F1: 84.97
[Fri May 13 09:37:12 2022|MetricForClassification.py|INFO] 比拟 | Num:   94 | P: 63.92 | R: 65.96 | F1: 64.92
[Fri May 13 09:37:12 2022|MetricForClassification.py|INFO] 借代 | Num:   69 | P: 68.75 | R: 47.83 | F1: 56.41
[Fri May 13 09:37:12 2022|MetricForClassification.py|INFO] 夸张 | Num:   72 | P: 61.90 | R: 36.11 | F1: 45.61
[Fri May 13 09:37:12 2022|MetricForClassification.py|INFO] 反语 | Num:    4 | P: 25.00 | R: 25.00 | F1: 25.00
[Fri May 13 09:37:12 2022|MetricForClassification.py|INFO] 通感 | Num:    6 | P:  0.00 | R:  0.00 | F1:  0.00
[Fri May 13 09:37:12 2022|MetricForClassification.py|INFO] 问语 | Num:  115 | P: 92.56 | R: 97.39 | F1: 94.92
[Fri May 13 09:37:12 2022|MetricForClassification.py|INFO] 排比 | Num:   41 | P: 86.36 | R: 92.68 | F1: 89.41
[Fri May 13 09:37:12 2022|MetricForClassification.py|INFO] 对偶 | Num:   37 | P: 58.49 | R: 83.78 | F1: 68.89
[Fri May 13 09:37:12 2022|MetricForClassification.py|INFO] 反复 | Num:   57 | P: 87.30 | R: 96.49 | F1: 91.67
[Fri May 13 09:37:12 2022|MetricForClassification.py|INFO] 对比 | Num:   23 | P: 66.67 | R: 43.48 | F1: 52.63
[Fri May 13 09:37:12 2022|MetricForClassification.py|INFO] 引语 | Num:   62 | P: 96.15 | R: 80.65 | F1: 87.72
[Fri May 13 09:37:12 2022|MetricForClassification.py|INFO] Overall performance | Total num:  886 | P: 78.44 | R: 78.44 | Micro F1: 78.44 | Macro F1: 63.51
[Fri May 13 09:37:12 2022|TrainClassifier.py|INFO] epoch 8, iter 0, loss = 0.0255991593003273, lr=7.333333333333333e-06
[Fri May 13 09:37:16 2022|TrainClassifier.py|INFO] epoch 8, iter 50, loss = 0.0224093459546566, lr=7.248299319727891e-06
[Fri May 13 09:37:21 2022|TrainClassifier.py|INFO] epoch 8, iter 100, loss = 0.07725673913955688, lr=7.16326530612245e-06
[Fri May 13 09:37:25 2022|TrainClassifier.py|INFO] epoch 8, iter 150, loss = 0.023497754707932472, lr=7.078231292517007e-06
[Fri May 13 09:37:28 2022|TrainClassifier.py|INFO] Evaluation Result on epoch 8:
[Fri May 13 09:37:29 2022|MetricForClassification.py|INFO] 比喻 | Num:  306 | P: 82.26 | R: 87.91 | F1: 84.99
[Fri May 13 09:37:29 2022|MetricForClassification.py|INFO] 比拟 | Num:   94 | P: 60.38 | R: 68.09 | F1: 64.00
[Fri May 13 09:37:29 2022|MetricForClassification.py|INFO] 借代 | Num:   69 | P: 70.45 | R: 44.93 | F1: 54.87
[Fri May 13 09:37:29 2022|MetricForClassification.py|INFO] 夸张 | Num:   72 | P: 53.70 | R: 40.28 | F1: 46.03
[Fri May 13 09:37:29 2022|MetricForClassification.py|INFO] 反语 | Num:    4 | P: 25.00 | R: 25.00 | F1: 25.00
[Fri May 13 09:37:29 2022|MetricForClassification.py|INFO] 通感 | Num:    6 | P:  0.00 | R:  0.00 | F1:  0.00
[Fri May 13 09:37:29 2022|MetricForClassification.py|INFO] 问语 | Num:  115 | P: 92.62 | R: 98.26 | F1: 95.36
[Fri May 13 09:37:29 2022|MetricForClassification.py|INFO] 排比 | Num:   41 | P: 86.36 | R: 92.68 | F1: 89.41
[Fri May 13 09:37:29 2022|MetricForClassification.py|INFO] 对偶 | Num:   37 | P: 61.22 | R: 81.08 | F1: 69.77
[Fri May 13 09:37:29 2022|MetricForClassification.py|INFO] 反复 | Num:   57 | P: 88.71 | R: 96.49 | F1: 92.44
[Fri May 13 09:37:29 2022|MetricForClassification.py|INFO] 对比 | Num:   23 | P: 66.67 | R: 43.48 | F1: 52.63
[Fri May 13 09:37:29 2022|MetricForClassification.py|INFO] 引语 | Num:   62 | P: 91.53 | R: 87.10 | F1: 89.26
[Fri May 13 09:37:29 2022|MetricForClassification.py|INFO] Overall performance | Total num:  886 | P: 78.33 | R: 78.33 | Micro F1: 78.33 | Macro F1: 63.65
[Fri May 13 09:37:29 2022|TrainClassifier.py|INFO] epoch 9, iter 0, loss = 0.02348126471042633, lr=7e-06
[Fri May 13 09:37:33 2022|TrainClassifier.py|INFO] epoch 9, iter 50, loss = 0.1998053789138794, lr=6.914965986394558e-06
[Fri May 13 09:37:37 2022|TrainClassifier.py|INFO] epoch 9, iter 100, loss = 0.04268284887075424, lr=6.829931972789117e-06
[Fri May 13 09:37:41 2022|TrainClassifier.py|INFO] epoch 9, iter 150, loss = 0.007982058450579643, lr=6.7448979591836735e-06
[Fri May 13 09:37:45 2022|TrainClassifier.py|INFO] Evaluation Result on epoch 9:
[Fri May 13 09:37:45 2022|MetricForClassification.py|INFO] 比喻 | Num:  306 | P: 84.54 | R: 83.99 | F1: 84.26
[Fri May 13 09:37:45 2022|MetricForClassification.py|INFO] 比拟 | Num:   94 | P: 55.20 | R: 73.40 | F1: 63.01
[Fri May 13 09:37:45 2022|MetricForClassification.py|INFO] 借代 | Num:   69 | P: 67.39 | R: 44.93 | F1: 53.91
[Fri May 13 09:37:45 2022|MetricForClassification.py|INFO] 夸张 | Num:   72 | P: 55.74 | R: 47.22 | F1: 51.13
[Fri May 13 09:37:45 2022|MetricForClassification.py|INFO] 反语 | Num:    4 | P:  0.00 | R:  0.00 | F1:  0.00
[Fri May 13 09:37:45 2022|MetricForClassification.py|INFO] 通感 | Num:    6 | P:  0.00 | R:  0.00 | F1:  0.00
[Fri May 13 09:37:45 2022|MetricForClassification.py|INFO] 问语 | Num:  115 | P: 93.97 | R: 94.78 | F1: 94.37
[Fri May 13 09:37:45 2022|MetricForClassification.py|INFO] 排比 | Num:   41 | P: 86.67 | R: 95.12 | F1: 90.70
[Fri May 13 09:37:45 2022|MetricForClassification.py|INFO] 对偶 | Num:   37 | P: 60.00 | R: 81.08 | F1: 68.97
[Fri May 13 09:37:45 2022|MetricForClassification.py|INFO] 反复 | Num:   57 | P: 82.09 | R: 96.49 | F1: 88.71
[Fri May 13 09:37:45 2022|MetricForClassification.py|INFO] 对比 | Num:   23 | P: 66.67 | R: 43.48 | F1: 52.63
[Fri May 13 09:37:45 2022|MetricForClassification.py|INFO] 引语 | Num:   62 | P: 94.44 | R: 82.26 | F1: 87.93
[Fri May 13 09:37:45 2022|MetricForClassification.py|INFO] Overall performance | Total num:  886 | P: 77.31 | R: 77.31 | Micro F1: 77.31 | Macro F1: 61.30
[Fri May 13 09:37:45 2022|TrainClassifier.py|INFO] epoch 10, iter 0, loss = 0.04126983880996704, lr=6.666666666666667e-06
[Fri May 13 09:37:49 2022|TrainClassifier.py|INFO] epoch 10, iter 50, loss = 0.017568912357091904, lr=6.581632653061225e-06
[Fri May 13 09:37:54 2022|TrainClassifier.py|INFO] epoch 10, iter 100, loss = 0.021768709644675255, lr=6.496598639455784e-06
[Fri May 13 09:37:58 2022|TrainClassifier.py|INFO] epoch 10, iter 150, loss = 0.06266875565052032, lr=6.41156462585034e-06
[Fri May 13 09:38:01 2022|TrainClassifier.py|INFO] Evaluation Result on epoch 10:
[Fri May 13 09:38:02 2022|MetricForClassification.py|INFO] 比喻 | Num:  306 | P: 81.71 | R: 87.58 | F1: 84.54
[Fri May 13 09:38:02 2022|MetricForClassification.py|INFO] 比拟 | Num:   94 | P: 62.00 | R: 65.96 | F1: 63.92
[Fri May 13 09:38:02 2022|MetricForClassification.py|INFO] 借代 | Num:   69 | P: 65.96 | R: 44.93 | F1: 53.45
[Fri May 13 09:38:02 2022|MetricForClassification.py|INFO] 夸张 | Num:   72 | P: 56.36 | R: 43.06 | F1: 48.82
[Fri May 13 09:38:02 2022|MetricForClassification.py|INFO] 反语 | Num:    4 | P: 25.00 | R: 25.00 | F1: 25.00
[Fri May 13 09:38:02 2022|MetricForClassification.py|INFO] 通感 | Num:    6 | P: 50.00 | R: 16.67 | F1: 25.00
[Fri May 13 09:38:02 2022|MetricForClassification.py|INFO] 问语 | Num:  115 | P: 92.62 | R: 98.26 | F1: 95.36
[Fri May 13 09:38:02 2022|MetricForClassification.py|INFO] 排比 | Num:   41 | P: 86.67 | R: 95.12 | F1: 90.70
[Fri May 13 09:38:02 2022|MetricForClassification.py|INFO] 对偶 | Num:   37 | P: 61.70 | R: 78.38 | F1: 69.05
[Fri May 13 09:38:02 2022|MetricForClassification.py|INFO] 反复 | Num:   57 | P: 87.30 | R: 96.49 | F1: 91.67
[Fri May 13 09:38:02 2022|MetricForClassification.py|INFO] 对比 | Num:   23 | P: 62.50 | R: 43.48 | F1: 51.28
[Fri May 13 09:38:02 2022|MetricForClassification.py|INFO] 引语 | Num:   62 | P: 92.98 | R: 85.48 | F1: 89.08
[Fri May 13 09:38:02 2022|MetricForClassification.py|INFO] Overall performance | Total num:  886 | P: 78.22 | R: 78.22 | Micro F1: 78.22 | Macro F1: 65.65
[Fri May 13 09:38:02 2022|TrainClassifier.py|INFO] epoch 11, iter 0, loss = 0.014229487627744675, lr=6.333333333333333e-06
[Fri May 13 09:38:06 2022|TrainClassifier.py|INFO] epoch 11, iter 50, loss = 0.008397855795919895, lr=6.2482993197278915e-06
[Fri May 13 09:38:10 2022|TrainClassifier.py|INFO] epoch 11, iter 100, loss = 0.016343098133802414, lr=6.163265306122449e-06
[Fri May 13 09:38:14 2022|TrainClassifier.py|INFO] epoch 11, iter 150, loss = 0.014539510942995548, lr=6.078231292517007e-06
[Fri May 13 09:38:17 2022|TrainClassifier.py|INFO] Evaluation Result on epoch 11:
[Fri May 13 09:38:18 2022|MetricForClassification.py|INFO] 比喻 | Num:  306 | P: 82.32 | R: 88.24 | F1: 85.17
[Fri May 13 09:38:18 2022|MetricForClassification.py|INFO] 比拟 | Num:   94 | P: 59.80 | R: 64.89 | F1: 62.24
[Fri May 13 09:38:18 2022|MetricForClassification.py|INFO] 借代 | Num:   69 | P: 69.57 | R: 46.38 | F1: 55.65
[Fri May 13 09:38:18 2022|MetricForClassification.py|INFO] 夸张 | Num:   72 | P: 59.57 | R: 38.89 | F1: 47.06
[Fri May 13 09:38:18 2022|MetricForClassification.py|INFO] 反语 | Num:    4 | P:  0.00 | R:  0.00 | F1:  0.00
[Fri May 13 09:38:18 2022|MetricForClassification.py|INFO] 通感 | Num:    6 | P: 100.00 | R: 16.67 | F1: 28.57
[Fri May 13 09:38:18 2022|MetricForClassification.py|INFO] 问语 | Num:  115 | P: 93.39 | R: 98.26 | F1: 95.76
[Fri May 13 09:38:18 2022|MetricForClassification.py|INFO] 排比 | Num:   41 | P: 86.67 | R: 95.12 | F1: 90.70
[Fri May 13 09:38:18 2022|MetricForClassification.py|INFO] 对偶 | Num:   37 | P: 61.22 | R: 81.08 | F1: 69.77
[Fri May 13 09:38:18 2022|MetricForClassification.py|INFO] 反复 | Num:   57 | P: 88.71 | R: 96.49 | F1: 92.44
[Fri May 13 09:38:18 2022|MetricForClassification.py|INFO] 对比 | Num:   23 | P: 52.17 | R: 52.17 | F1: 52.17
[Fri May 13 09:38:18 2022|MetricForClassification.py|INFO] 引语 | Num:   62 | P: 91.53 | R: 87.10 | F1: 89.26
[Fri May 13 09:38:18 2022|MetricForClassification.py|INFO] Overall performance | Total num:  886 | P: 78.44 | R: 78.44 | Micro F1: 78.44 | Macro F1: 64.07
[Fri May 13 09:38:18 2022|TrainClassifier.py|INFO] epoch 12, iter 0, loss = 0.004096508026123047, lr=6e-06
[Fri May 13 09:38:22 2022|TrainClassifier.py|INFO] epoch 12, iter 50, loss = 0.003842016914859414, lr=5.914965986394558e-06
[Fri May 13 09:38:26 2022|TrainClassifier.py|INFO] epoch 12, iter 100, loss = 0.008888541720807552, lr=5.829931972789116e-06
[Fri May 13 09:38:30 2022|TrainClassifier.py|INFO] epoch 12, iter 150, loss = 0.0025065613444894552, lr=5.744897959183674e-06
[Fri May 13 09:38:34 2022|TrainClassifier.py|INFO] Evaluation Result on epoch 12:
[Fri May 13 09:38:35 2022|MetricForClassification.py|INFO] 比喻 | Num:  306 | P: 78.55 | R: 88.56 | F1: 83.26
[Fri May 13 09:38:35 2022|MetricForClassification.py|INFO] 比拟 | Num:   94 | P: 63.83 | R: 63.83 | F1: 63.83
[Fri May 13 09:38:35 2022|MetricForClassification.py|INFO] 借代 | Num:   69 | P: 67.50 | R: 39.13 | F1: 49.54
[Fri May 13 09:38:35 2022|MetricForClassification.py|INFO] 夸张 | Num:   72 | P: 59.57 | R: 38.89 | F1: 47.06
[Fri May 13 09:38:35 2022|MetricForClassification.py|INFO] 反语 | Num:    4 | P: 25.00 | R: 25.00 | F1: 25.00
[Fri May 13 09:38:35 2022|MetricForClassification.py|INFO] 通感 | Num:    6 | P: 50.00 | R: 16.67 | F1: 25.00
[Fri May 13 09:38:35 2022|MetricForClassification.py|INFO] 问语 | Num:  115 | P: 92.50 | R: 96.52 | F1: 94.47
[Fri May 13 09:38:35 2022|MetricForClassification.py|INFO] 排比 | Num:   41 | P: 86.67 | R: 95.12 | F1: 90.70
[Fri May 13 09:38:35 2022|MetricForClassification.py|INFO] 对偶 | Num:   37 | P: 59.18 | R: 78.38 | F1: 67.44
[Fri May 13 09:38:35 2022|MetricForClassification.py|INFO] 反复 | Num:   57 | P: 80.88 | R: 96.49 | F1: 88.00
[Fri May 13 09:38:35 2022|MetricForClassification.py|INFO] 对比 | Num:   23 | P: 60.00 | R: 39.13 | F1: 47.37
[Fri May 13 09:38:35 2022|MetricForClassification.py|INFO] 引语 | Num:   62 | P: 94.74 | R: 87.10 | F1: 90.76
[Fri May 13 09:38:35 2022|MetricForClassification.py|INFO] Overall performance | Total num:  886 | P: 77.31 | R: 77.31 | Micro F1: 77.31 | Macro F1: 64.37
[Fri May 13 09:38:35 2022|TrainClassifier.py|INFO] epoch 13, iter 0, loss = 0.0046540554612874985, lr=5.666666666666667e-06
[Fri May 13 09:38:39 2022|TrainClassifier.py|INFO] epoch 13, iter 50, loss = 0.0061929901130497456, lr=5.581632653061225e-06
[Fri May 13 09:38:43 2022|TrainClassifier.py|INFO] epoch 13, iter 100, loss = 0.006276690401136875, lr=5.496598639455782e-06
[Fri May 13 09:38:48 2022|TrainClassifier.py|INFO] epoch 13, iter 150, loss = 0.004526341799646616, lr=5.4115646258503405e-06
[Fri May 13 09:38:51 2022|TrainClassifier.py|INFO] Evaluation Result on epoch 13:
[Fri May 13 09:38:52 2022|MetricForClassification.py|INFO] 比喻 | Num:  306 | P: 82.72 | R: 87.58 | F1: 85.08
[Fri May 13 09:38:52 2022|MetricForClassification.py|INFO] 比拟 | Num:   94 | P: 54.84 | R: 72.34 | F1: 62.39
[Fri May 13 09:38:52 2022|MetricForClassification.py|INFO] 借代 | Num:   69 | P: 74.42 | R: 46.38 | F1: 57.14
[Fri May 13 09:38:52 2022|MetricForClassification.py|INFO] 夸张 | Num:   72 | P: 57.45 | R: 37.50 | F1: 45.38
[Fri May 13 09:38:52 2022|MetricForClassification.py|INFO] 反语 | Num:    4 | P: 50.00 | R: 50.00 | F1: 50.00
[Fri May 13 09:38:52 2022|MetricForClassification.py|INFO] 通感 | Num:    6 | P:  0.00 | R:  0.00 | F1:  0.00
[Fri May 13 09:38:52 2022|MetricForClassification.py|INFO] 问语 | Num:  115 | P: 94.87 | R: 96.52 | F1: 95.69
[Fri May 13 09:38:52 2022|MetricForClassification.py|INFO] 排比 | Num:   41 | P: 86.67 | R: 95.12 | F1: 90.70
[Fri May 13 09:38:52 2022|MetricForClassification.py|INFO] 对偶 | Num:   37 | P: 64.44 | R: 78.38 | F1: 70.73
[Fri May 13 09:38:52 2022|MetricForClassification.py|INFO] 反复 | Num:   57 | P: 85.94 | R: 96.49 | F1: 90.91
[Fri May 13 09:38:52 2022|MetricForClassification.py|INFO] 对比 | Num:   23 | P: 56.25 | R: 39.13 | F1: 46.15
[Fri May 13 09:38:52 2022|MetricForClassification.py|INFO] 引语 | Num:   62 | P: 92.98 | R: 85.48 | F1: 89.08
[Fri May 13 09:38:52 2022|MetricForClassification.py|INFO] Overall performance | Total num:  886 | P: 78.22 | R: 78.22 | Micro F1: 78.22 | Macro F1: 65.27
[Fri May 13 09:38:52 2022|TrainClassifier.py|INFO] epoch 14, iter 0, loss = 0.07459590584039688, lr=5.333333333333334e-06
[Fri May 13 09:38:56 2022|TrainClassifier.py|INFO] epoch 14, iter 50, loss = 0.005827073473483324, lr=5.248299319727892e-06
[Fri May 13 09:39:00 2022|TrainClassifier.py|INFO] epoch 14, iter 100, loss = 0.0031428379006683826, lr=5.163265306122449e-06
[Fri May 13 09:39:05 2022|TrainClassifier.py|INFO] epoch 14, iter 150, loss = 0.004115503281354904, lr=5.078231292517007e-06
[Fri May 13 09:39:09 2022|TrainClassifier.py|INFO] Evaluation Result on epoch 14:
[Fri May 13 09:39:10 2022|MetricForClassification.py|INFO] 比喻 | Num:  306 | P: 78.84 | R: 88.89 | F1: 83.56
[Fri May 13 09:39:10 2022|MetricForClassification.py|INFO] 比拟 | Num:   94 | P: 63.44 | R: 62.77 | F1: 63.10
[Fri May 13 09:39:10 2022|MetricForClassification.py|INFO] 借代 | Num:   69 | P: 71.05 | R: 39.13 | F1: 50.47
[Fri May 13 09:39:10 2022|MetricForClassification.py|INFO] 夸张 | Num:   72 | P: 56.25 | R: 37.50 | F1: 45.00
[Fri May 13 09:39:10 2022|MetricForClassification.py|INFO] 反语 | Num:    4 | P: 33.33 | R: 25.00 | F1: 28.57
[Fri May 13 09:39:10 2022|MetricForClassification.py|INFO] 通感 | Num:    6 | P: 100.00 | R: 16.67 | F1: 28.57
[Fri May 13 09:39:10 2022|MetricForClassification.py|INFO] 问语 | Num:  115 | P: 90.40 | R: 98.26 | F1: 94.17
[Fri May 13 09:39:10 2022|MetricForClassification.py|INFO] 排比 | Num:   41 | P: 88.64 | R: 95.12 | F1: 91.76
[Fri May 13 09:39:10 2022|MetricForClassification.py|INFO] 对偶 | Num:   37 | P: 57.14 | R: 75.68 | F1: 65.12
[Fri May 13 09:39:10 2022|MetricForClassification.py|INFO] 反复 | Num:   57 | P: 83.08 | R: 94.74 | F1: 88.52
[Fri May 13 09:39:10 2022|MetricForClassification.py|INFO] 对比 | Num:   23 | P: 52.63 | R: 43.48 | F1: 47.62
[Fri May 13 09:39:10 2022|MetricForClassification.py|INFO] 引语 | Num:   62 | P: 94.64 | R: 85.48 | F1: 89.83
[Fri May 13 09:39:10 2022|MetricForClassification.py|INFO] Overall performance | Total num:  886 | P: 77.20 | R: 77.20 | Micro F1: 77.20 | Macro F1: 64.69
[Fri May 13 09:39:10 2022|TrainClassifier.py|INFO] epoch 15, iter 0, loss = 0.25600963830947876, lr=5e-06
[Fri May 13 09:39:14 2022|TrainClassifier.py|INFO] epoch 15, iter 50, loss = 0.006583026144653559, lr=4.914965986394558e-06
[Fri May 13 09:39:18 2022|TrainClassifier.py|INFO] epoch 15, iter 100, loss = 0.006564765702933073, lr=4.829931972789116e-06
[Fri May 13 09:39:22 2022|TrainClassifier.py|INFO] epoch 15, iter 150, loss = 0.0028246059082448483, lr=4.744897959183674e-06
[Fri May 13 09:39:26 2022|TrainClassifier.py|INFO] Evaluation Result on epoch 15:
[Fri May 13 09:39:26 2022|MetricForClassification.py|INFO] 比喻 | Num:  306 | P: 79.48 | R: 89.87 | F1: 84.36
[Fri May 13 09:39:26 2022|MetricForClassification.py|INFO] 比拟 | Num:   94 | P: 57.89 | R: 70.21 | F1: 63.46
[Fri May 13 09:39:26 2022|MetricForClassification.py|INFO] 借代 | Num:   69 | P: 78.38 | R: 42.03 | F1: 54.72
[Fri May 13 09:39:26 2022|MetricForClassification.py|INFO] 夸张 | Num:   72 | P: 60.00 | R: 29.17 | F1: 39.25
[Fri May 13 09:39:26 2022|MetricForClassification.py|INFO] 反语 | Num:    4 | P:  0.00 | R:  0.00 | F1:  0.00
[Fri May 13 09:39:26 2022|MetricForClassification.py|INFO] 通感 | Num:    6 | P:  0.00 | R:  0.00 | F1:  0.00
[Fri May 13 09:39:26 2022|MetricForClassification.py|INFO] 问语 | Num:  115 | P: 94.02 | R: 95.65 | F1: 94.83
[Fri May 13 09:39:26 2022|MetricForClassification.py|INFO] 排比 | Num:   41 | P: 86.67 | R: 95.12 | F1: 90.70
[Fri May 13 09:39:26 2022|MetricForClassification.py|INFO] 对偶 | Num:   37 | P: 57.69 | R: 81.08 | F1: 67.42
[Fri May 13 09:39:26 2022|MetricForClassification.py|INFO] 反复 | Num:   57 | P: 87.30 | R: 96.49 | F1: 91.67
[Fri May 13 09:39:26 2022|MetricForClassification.py|INFO] 对比 | Num:   23 | P: 50.00 | R: 43.48 | F1: 46.51
[Fri May 13 09:39:26 2022|MetricForClassification.py|INFO] 引语 | Num:   62 | P: 94.55 | R: 83.87 | F1: 88.89
[Fri May 13 09:39:26 2022|MetricForClassification.py|INFO] Overall performance | Total num:  886 | P: 77.54 | R: 77.54 | Micro F1: 77.54 | Macro F1: 60.15
[Fri May 13 09:39:26 2022|TrainClassifier.py|INFO] epoch 16, iter 0, loss = 0.003286941908299923, lr=4.666666666666667e-06
[Fri May 13 09:39:30 2022|TrainClassifier.py|INFO] epoch 16, iter 50, loss = 0.0038187087047845125, lr=4.5816326530612245e-06
[Fri May 13 09:39:35 2022|TrainClassifier.py|INFO] epoch 16, iter 100, loss = 0.017520947381854057, lr=4.496598639455783e-06
[Fri May 13 09:39:39 2022|TrainClassifier.py|INFO] epoch 16, iter 150, loss = 0.0024403980933129787, lr=4.41156462585034e-06
[Fri May 13 09:39:42 2022|TrainClassifier.py|INFO] Evaluation Result on epoch 16:
[Fri May 13 09:39:43 2022|MetricForClassification.py|INFO] 比喻 | Num:  306 | P: 81.25 | R: 89.22 | F1: 85.05
[Fri May 13 09:39:43 2022|MetricForClassification.py|INFO] 比拟 | Num:   94 | P: 64.36 | R: 69.15 | F1: 66.67
[Fri May 13 09:39:43 2022|MetricForClassification.py|INFO] 借代 | Num:   69 | P: 77.78 | R: 50.72 | F1: 61.40
[Fri May 13 09:39:43 2022|MetricForClassification.py|INFO] 夸张 | Num:   72 | P: 66.67 | R: 36.11 | F1: 46.85
[Fri May 13 09:39:43 2022|MetricForClassification.py|INFO] 反语 | Num:    4 | P:  0.00 | R:  0.00 | F1:  0.00
[Fri May 13 09:39:43 2022|MetricForClassification.py|INFO] 通感 | Num:    6 | P: 50.00 | R: 16.67 | F1: 25.00
[Fri May 13 09:39:43 2022|MetricForClassification.py|INFO] 问语 | Num:  115 | P: 91.80 | R: 97.39 | F1: 94.51
[Fri May 13 09:39:43 2022|MetricForClassification.py|INFO] 排比 | Num:   41 | P: 86.67 | R: 95.12 | F1: 90.70
[Fri May 13 09:39:43 2022|MetricForClassification.py|INFO] 对偶 | Num:   37 | P: 56.60 | R: 81.08 | F1: 66.67
[Fri May 13 09:39:43 2022|MetricForClassification.py|INFO] 反复 | Num:   57 | P: 87.30 | R: 96.49 | F1: 91.67
[Fri May 13 09:39:43 2022|MetricForClassification.py|INFO] 对比 | Num:   23 | P: 52.17 | R: 52.17 | F1: 52.17
[Fri May 13 09:39:43 2022|MetricForClassification.py|INFO] 引语 | Num:   62 | P: 94.55 | R: 83.87 | F1: 88.89
[Fri May 13 09:39:43 2022|MetricForClassification.py|INFO] Overall performance | Total num:  886 | P: 79.01 | R: 79.01 | Micro F1: 79.01 | Macro F1: 64.13
[Fri May 13 09:39:43 2022|TrainClassifier.py|INFO] Saving model for checkpoint 16
[Fri May 13 09:39:46 2022|TrainClassifier.py|INFO] epoch 17, iter 0, loss = 0.0023719046730548143, lr=4.333333333333334e-06
[Fri May 13 09:39:50 2022|TrainClassifier.py|INFO] epoch 17, iter 50, loss = 0.004481983371078968, lr=4.248299319727891e-06
[Fri May 13 09:39:54 2022|TrainClassifier.py|INFO] epoch 17, iter 100, loss = 0.004350232891738415, lr=4.163265306122449e-06
[Fri May 13 09:39:58 2022|TrainClassifier.py|INFO] epoch 17, iter 150, loss = 0.001096442574635148, lr=4.078231292517007e-06
[Fri May 13 09:40:02 2022|TrainClassifier.py|INFO] Evaluation Result on epoch 17:
[Fri May 13 09:40:03 2022|MetricForClassification.py|INFO] 比喻 | Num:  306 | P: 79.77 | R: 88.89 | F1: 84.08
[Fri May 13 09:40:03 2022|MetricForClassification.py|INFO] 比拟 | Num:   94 | P: 62.63 | R: 65.96 | F1: 64.25
[Fri May 13 09:40:03 2022|MetricForClassification.py|INFO] 借代 | Num:   69 | P: 77.78 | R: 40.58 | F1: 53.33
[Fri May 13 09:40:03 2022|MetricForClassification.py|INFO] 夸张 | Num:   72 | P: 60.42 | R: 40.28 | F1: 48.33
[Fri May 13 09:40:03 2022|MetricForClassification.py|INFO] 反语 | Num:    4 | P: 25.00 | R: 25.00 | F1: 25.00
[Fri May 13 09:40:03 2022|MetricForClassification.py|INFO] 通感 | Num:    6 | P: 33.33 | R: 16.67 | F1: 22.22
[Fri May 13 09:40:03 2022|MetricForClassification.py|INFO] 问语 | Num:  115 | P: 91.87 | R: 98.26 | F1: 94.96
[Fri May 13 09:40:03 2022|MetricForClassification.py|INFO] 排比 | Num:   41 | P: 86.67 | R: 95.12 | F1: 90.70
[Fri May 13 09:40:03 2022|MetricForClassification.py|INFO] 对偶 | Num:   37 | P: 62.50 | R: 81.08 | F1: 70.59
[Fri May 13 09:40:03 2022|MetricForClassification.py|INFO] 反复 | Num:   57 | P: 87.30 | R: 96.49 | F1: 91.67
[Fri May 13 09:40:03 2022|MetricForClassification.py|INFO] 对比 | Num:   23 | P: 55.00 | R: 47.83 | F1: 51.16
[Fri May 13 09:40:03 2022|MetricForClassification.py|INFO] 引语 | Num:   62 | P: 94.64 | R: 85.48 | F1: 89.83
[Fri May 13 09:40:03 2022|MetricForClassification.py|INFO] Overall performance | Total num:  886 | P: 78.33 | R: 78.33 | Micro F1: 78.33 | Macro F1: 65.51
[Fri May 13 09:40:03 2022|TrainClassifier.py|INFO] epoch 18, iter 0, loss = 0.0013077635085210204, lr=4.000000000000001e-06
[Fri May 13 09:40:07 2022|TrainClassifier.py|INFO] epoch 18, iter 50, loss = 0.0044649033807218075, lr=3.914965986394558e-06
[Fri May 13 09:40:11 2022|TrainClassifier.py|INFO] epoch 18, iter 100, loss = 0.00194550899323076, lr=3.829931972789116e-06
[Fri May 13 09:40:15 2022|TrainClassifier.py|INFO] epoch 18, iter 150, loss = 0.0015846528112888336, lr=3.744897959183674e-06
[Fri May 13 09:40:19 2022|TrainClassifier.py|INFO] Evaluation Result on epoch 18:
[Fri May 13 09:40:19 2022|MetricForClassification.py|INFO] 比喻 | Num:  306 | P: 82.57 | R: 88.24 | F1: 85.31
[Fri May 13 09:40:19 2022|MetricForClassification.py|INFO] 比拟 | Num:   94 | P: 61.90 | R: 69.15 | F1: 65.33
[Fri May 13 09:40:19 2022|MetricForClassification.py|INFO] 借代 | Num:   69 | P: 72.34 | R: 49.28 | F1: 58.62
[Fri May 13 09:40:19 2022|MetricForClassification.py|INFO] 夸张 | Num:   72 | P: 62.00 | R: 43.06 | F1: 50.82
[Fri May 13 09:40:19 2022|MetricForClassification.py|INFO] 反语 | Num:    4 | P: 25.00 | R: 25.00 | F1: 25.00
[Fri May 13 09:40:19 2022|MetricForClassification.py|INFO] 通感 | Num:    6 | P: 50.00 | R: 16.67 | F1: 25.00
[Fri May 13 09:40:19 2022|MetricForClassification.py|INFO] 问语 | Num:  115 | P: 92.50 | R: 96.52 | F1: 94.47
[Fri May 13 09:40:19 2022|MetricForClassification.py|INFO] 排比 | Num:   41 | P: 86.67 | R: 95.12 | F1: 90.70
[Fri May 13 09:40:19 2022|MetricForClassification.py|INFO] 对偶 | Num:   37 | P: 65.91 | R: 78.38 | F1: 71.60
[Fri May 13 09:40:19 2022|MetricForClassification.py|INFO] 反复 | Num:   57 | P: 84.62 | R: 96.49 | F1: 90.16
[Fri May 13 09:40:19 2022|MetricForClassification.py|INFO] 对比 | Num:   23 | P: 61.11 | R: 47.83 | F1: 53.66
[Fri May 13 09:40:19 2022|MetricForClassification.py|INFO] 引语 | Num:   62 | P: 91.53 | R: 87.10 | F1: 89.26
[Fri May 13 09:40:19 2022|MetricForClassification.py|INFO] Overall performance | Total num:  886 | P: 79.12 | R: 79.12 | Micro F1: 79.12 | Macro F1: 66.66
[Fri May 13 09:40:19 2022|TrainClassifier.py|INFO] Saving model for checkpoint 18
[Fri May 13 09:40:23 2022|TrainClassifier.py|INFO] epoch 19, iter 0, loss = 0.004657218232750893, lr=3.6666666666666666e-06
[Fri May 13 09:40:26 2022|TrainClassifier.py|INFO] epoch 19, iter 50, loss = 0.0015641276258975267, lr=3.581632653061225e-06
[Fri May 13 09:40:31 2022|TrainClassifier.py|INFO] epoch 19, iter 100, loss = 0.0028131313156336546, lr=3.496598639455783e-06
[Fri May 13 09:40:35 2022|TrainClassifier.py|INFO] epoch 19, iter 150, loss = 0.0015927513595670462, lr=3.4115646258503406e-06
[Fri May 13 09:40:38 2022|TrainClassifier.py|INFO] Evaluation Result on epoch 19:
[Fri May 13 09:40:39 2022|MetricForClassification.py|INFO] 比喻 | Num:  306 | P: 79.48 | R: 89.87 | F1: 84.36
[Fri May 13 09:40:39 2022|MetricForClassification.py|INFO] 比拟 | Num:   94 | P: 62.63 | R: 65.96 | F1: 64.25
[Fri May 13 09:40:39 2022|MetricForClassification.py|INFO] 借代 | Num:   69 | P: 76.32 | R: 42.03 | F1: 54.21
[Fri May 13 09:40:39 2022|MetricForClassification.py|INFO] 夸张 | Num:   72 | P: 58.70 | R: 37.50 | F1: 45.76
[Fri May 13 09:40:39 2022|MetricForClassification.py|INFO] 反语 | Num:    4 | P: 50.00 | R: 25.00 | F1: 33.33
[Fri May 13 09:40:39 2022|MetricForClassification.py|INFO] 通感 | Num:    6 | P:  0.00 | R:  0.00 | F1:  0.00
[Fri May 13 09:40:39 2022|MetricForClassification.py|INFO] 问语 | Num:  115 | P: 90.48 | R: 99.13 | F1: 94.61
[Fri May 13 09:40:39 2022|MetricForClassification.py|INFO] 排比 | Num:   41 | P: 88.64 | R: 95.12 | F1: 91.76
[Fri May 13 09:40:39 2022|MetricForClassification.py|INFO] 对偶 | Num:   37 | P: 63.04 | R: 78.38 | F1: 69.88
[Fri May 13 09:40:39 2022|MetricForClassification.py|INFO] 反复 | Num:   57 | P: 88.52 | R: 94.74 | F1: 91.53
[Fri May 13 09:40:39 2022|MetricForClassification.py|INFO] 对比 | Num:   23 | P: 52.63 | R: 43.48 | F1: 47.62
[Fri May 13 09:40:39 2022|MetricForClassification.py|INFO] 引语 | Num:   62 | P: 91.53 | R: 87.10 | F1: 89.26
[Fri May 13 09:40:39 2022|MetricForClassification.py|INFO] Overall performance | Total num:  886 | P: 78.33 | R: 78.33 | Micro F1: 78.33 | Macro F1: 63.88
[Fri May 13 09:40:39 2022|TrainClassifier.py|INFO] epoch 20, iter 0, loss = 0.002235081046819687, lr=3.3333333333333333e-06
[Fri May 13 09:40:43 2022|TrainClassifier.py|INFO] epoch 20, iter 50, loss = 0.0027125603519380093, lr=3.248299319727892e-06
[Fri May 13 09:40:48 2022|TrainClassifier.py|INFO] epoch 20, iter 100, loss = 0.0011769618140533566, lr=3.1632653061224496e-06
[Fri May 13 09:40:52 2022|TrainClassifier.py|INFO] epoch 20, iter 150, loss = 0.0012794681824743748, lr=3.0782312925170073e-06
[Fri May 13 09:40:55 2022|TrainClassifier.py|INFO] Evaluation Result on epoch 20:
[Fri May 13 09:40:56 2022|MetricForClassification.py|INFO] 比喻 | Num:  306 | P: 81.76 | R: 87.91 | F1: 84.72
[Fri May 13 09:40:56 2022|MetricForClassification.py|INFO] 比拟 | Num:   94 | P: 66.67 | R: 65.96 | F1: 66.31
[Fri May 13 09:40:56 2022|MetricForClassification.py|INFO] 借代 | Num:   69 | P: 63.27 | R: 44.93 | F1: 52.54
[Fri May 13 09:40:56 2022|MetricForClassification.py|INFO] 夸张 | Num:   72 | P: 56.36 | R: 43.06 | F1: 48.82
[Fri May 13 09:40:56 2022|MetricForClassification.py|INFO] 反语 | Num:    4 | P: 20.00 | R: 25.00 | F1: 22.22
[Fri May 13 09:40:56 2022|MetricForClassification.py|INFO] 通感 | Num:    6 | P: 50.00 | R: 16.67 | F1: 25.00
[Fri May 13 09:40:56 2022|MetricForClassification.py|INFO] 问语 | Num:  115 | P: 89.76 | R: 99.13 | F1: 94.21
[Fri May 13 09:40:56 2022|MetricForClassification.py|INFO] 排比 | Num:   41 | P: 88.64 | R: 95.12 | F1: 91.76
[Fri May 13 09:40:56 2022|MetricForClassification.py|INFO] 对偶 | Num:   37 | P: 65.91 | R: 78.38 | F1: 71.60
[Fri May 13 09:40:56 2022|MetricForClassification.py|INFO] 反复 | Num:   57 | P: 87.10 | R: 94.74 | F1: 90.76
[Fri May 13 09:40:56 2022|MetricForClassification.py|INFO] 对比 | Num:   23 | P: 55.56 | R: 43.48 | F1: 48.78
[Fri May 13 09:40:56 2022|MetricForClassification.py|INFO] 引语 | Num:   62 | P: 93.10 | R: 87.10 | F1: 90.00
[Fri May 13 09:40:56 2022|MetricForClassification.py|INFO] Overall performance | Total num:  886 | P: 78.44 | R: 78.44 | Micro F1: 78.44 | Macro F1: 65.56
[Fri May 13 09:40:56 2022|TrainClassifier.py|INFO] epoch 21, iter 0, loss = 0.0037057059817016125, lr=3e-06
[Fri May 13 09:41:00 2022|TrainClassifier.py|INFO] epoch 21, iter 50, loss = 0.0017151409992948174, lr=2.914965986394558e-06
[Fri May 13 09:41:04 2022|TrainClassifier.py|INFO] epoch 21, iter 100, loss = 0.0025656712241470814, lr=2.829931972789116e-06
[Fri May 13 09:41:08 2022|TrainClassifier.py|INFO] epoch 21, iter 150, loss = 0.022122839465737343, lr=2.7448979591836737e-06
[Fri May 13 09:41:12 2022|TrainClassifier.py|INFO] Evaluation Result on epoch 21:
[Fri May 13 09:41:13 2022|MetricForClassification.py|INFO] 比喻 | Num:  306 | P: 82.57 | R: 88.24 | F1: 85.31
[Fri May 13 09:41:13 2022|MetricForClassification.py|INFO] 比拟 | Num:   94 | P: 61.82 | R: 72.34 | F1: 66.67
[Fri May 13 09:41:13 2022|MetricForClassification.py|INFO] 借代 | Num:   69 | P: 74.42 | R: 46.38 | F1: 57.14
[Fri May 13 09:41:13 2022|MetricForClassification.py|INFO] 夸张 | Num:   72 | P: 57.14 | R: 38.89 | F1: 46.28
[Fri May 13 09:41:13 2022|MetricForClassification.py|INFO] 反语 | Num:    4 | P: 25.00 | R: 25.00 | F1: 25.00
[Fri May 13 09:41:13 2022|MetricForClassification.py|INFO] 通感 | Num:    6 | P:  0.00 | R:  0.00 | F1:  0.00
[Fri May 13 09:41:13 2022|MetricForClassification.py|INFO] 问语 | Num:  115 | P: 92.56 | R: 97.39 | F1: 94.92
[Fri May 13 09:41:13 2022|MetricForClassification.py|INFO] 排比 | Num:   41 | P: 86.67 | R: 95.12 | F1: 90.70
[Fri May 13 09:41:13 2022|MetricForClassification.py|INFO] 对偶 | Num:   37 | P: 63.04 | R: 78.38 | F1: 69.88
[Fri May 13 09:41:13 2022|MetricForClassification.py|INFO] 反复 | Num:   57 | P: 85.94 | R: 96.49 | F1: 90.91
[Fri May 13 09:41:13 2022|MetricForClassification.py|INFO] 对比 | Num:   23 | P: 55.56 | R: 43.48 | F1: 48.78
[Fri May 13 09:41:13 2022|MetricForClassification.py|INFO] 引语 | Num:   62 | P: 93.10 | R: 87.10 | F1: 90.00
[Fri May 13 09:41:13 2022|MetricForClassification.py|INFO] Overall performance | Total num:  886 | P: 78.78 | R: 78.78 | Micro F1: 78.78 | Macro F1: 63.80
[Fri May 13 09:41:13 2022|TrainClassifier.py|INFO] epoch 22, iter 0, loss = 0.002020367654040456, lr=2.666666666666667e-06
[Fri May 13 09:41:17 2022|TrainClassifier.py|INFO] epoch 22, iter 50, loss = 0.002728297607973218, lr=2.5816326530612246e-06
[Fri May 13 09:41:21 2022|TrainClassifier.py|INFO] epoch 22, iter 100, loss = 0.003191592637449503, lr=2.4965986394557827e-06
[Fri May 13 09:41:25 2022|TrainClassifier.py|INFO] epoch 22, iter 150, loss = 0.002905072644352913, lr=2.4115646258503404e-06
[Fri May 13 09:41:28 2022|TrainClassifier.py|INFO] Evaluation Result on epoch 22:
[Fri May 13 09:41:29 2022|MetricForClassification.py|INFO] 比喻 | Num:  306 | P: 81.14 | R: 88.56 | F1: 84.69
[Fri May 13 09:41:29 2022|MetricForClassification.py|INFO] 比拟 | Num:   94 | P: 65.26 | R: 65.96 | F1: 65.61
[Fri May 13 09:41:29 2022|MetricForClassification.py|INFO] 借代 | Num:   69 | P: 75.61 | R: 44.93 | F1: 56.36
[Fri May 13 09:41:29 2022|MetricForClassification.py|INFO] 夸张 | Num:   72 | P: 52.83 | R: 38.89 | F1: 44.80
[Fri May 13 09:41:29 2022|MetricForClassification.py|INFO] 反语 | Num:    4 | P: 20.00 | R: 25.00 | F1: 22.22
[Fri May 13 09:41:29 2022|MetricForClassification.py|INFO] 通感 | Num:    6 | P: 50.00 | R: 16.67 | F1: 25.00
[Fri May 13 09:41:29 2022|MetricForClassification.py|INFO] 问语 | Num:  115 | P: 91.87 | R: 98.26 | F1: 94.96
[Fri May 13 09:41:29 2022|MetricForClassification.py|INFO] 排比 | Num:   41 | P: 86.67 | R: 95.12 | F1: 90.70
[Fri May 13 09:41:29 2022|MetricForClassification.py|INFO] 对偶 | Num:   37 | P: 64.44 | R: 78.38 | F1: 70.73
[Fri May 13 09:41:29 2022|MetricForClassification.py|INFO] 反复 | Num:   57 | P: 87.30 | R: 96.49 | F1: 91.67
[Fri May 13 09:41:29 2022|MetricForClassification.py|INFO] 对比 | Num:   23 | P: 50.00 | R: 43.48 | F1: 46.51
[Fri May 13 09:41:29 2022|MetricForClassification.py|INFO] 引语 | Num:   62 | P: 90.00 | R: 87.10 | F1: 88.52
[Fri May 13 09:41:29 2022|MetricForClassification.py|INFO] Overall performance | Total num:  886 | P: 78.33 | R: 78.33 | Micro F1: 78.33 | Macro F1: 65.15
[Fri May 13 09:41:29 2022|TrainClassifier.py|INFO] epoch 23, iter 0, loss = 0.001262363395653665, lr=2.3333333333333336e-06
[Fri May 13 09:41:33 2022|TrainClassifier.py|INFO] epoch 23, iter 50, loss = 0.0008767342660576105, lr=2.2482993197278913e-06
[Fri May 13 09:41:38 2022|TrainClassifier.py|INFO] epoch 23, iter 100, loss = 0.023562772199511528, lr=2.1632653061224495e-06
[Fri May 13 09:41:42 2022|TrainClassifier.py|INFO] epoch 23, iter 150, loss = 0.0008606931660324335, lr=2.078231292517007e-06
[Fri May 13 09:41:45 2022|TrainClassifier.py|INFO] Evaluation Result on epoch 23:
[Fri May 13 09:41:46 2022|MetricForClassification.py|INFO] 比喻 | Num:  306 | P: 83.54 | R: 86.27 | F1: 84.89
[Fri May 13 09:41:46 2022|MetricForClassification.py|INFO] 比拟 | Num:   94 | P: 59.29 | R: 71.28 | F1: 64.73
[Fri May 13 09:41:46 2022|MetricForClassification.py|INFO] 借代 | Num:   69 | P: 72.34 | R: 49.28 | F1: 58.62
[Fri May 13 09:41:46 2022|MetricForClassification.py|INFO] 夸张 | Num:   72 | P: 57.69 | R: 41.67 | F1: 48.39
[Fri May 13 09:41:46 2022|MetricForClassification.py|INFO] 反语 | Num:    4 | P: 33.33 | R: 25.00 | F1: 28.57
[Fri May 13 09:41:46 2022|MetricForClassification.py|INFO] 通感 | Num:    6 | P: 100.00 | R: 16.67 | F1: 28.57
[Fri May 13 09:41:46 2022|MetricForClassification.py|INFO] 问语 | Num:  115 | P: 91.13 | R: 98.26 | F1: 94.56
[Fri May 13 09:41:46 2022|MetricForClassification.py|INFO] 排比 | Num:   41 | P: 86.36 | R: 92.68 | F1: 89.41
[Fri May 13 09:41:46 2022|MetricForClassification.py|INFO] 对偶 | Num:   37 | P: 65.12 | R: 75.68 | F1: 70.00
[Fri May 13 09:41:46 2022|MetricForClassification.py|INFO] 反复 | Num:   57 | P: 85.94 | R: 96.49 | F1: 90.91
[Fri May 13 09:41:46 2022|MetricForClassification.py|INFO] 对比 | Num:   23 | P: 55.00 | R: 47.83 | F1: 51.16
[Fri May 13 09:41:46 2022|MetricForClassification.py|INFO] 引语 | Num:   62 | P: 91.53 | R: 87.10 | F1: 89.26
[Fri May 13 09:41:46 2022|MetricForClassification.py|INFO] Overall performance | Total num:  886 | P: 78.56 | R: 78.56 | Micro F1: 78.56 | Macro F1: 66.59
[Fri May 13 09:41:46 2022|TrainClassifier.py|INFO] epoch 24, iter 0, loss = 0.02023811638355255, lr=2.0000000000000003e-06
[Fri May 13 09:41:50 2022|TrainClassifier.py|INFO] epoch 24, iter 50, loss = 0.001471092225983739, lr=1.914965986394558e-06
[Fri May 13 09:41:54 2022|TrainClassifier.py|INFO] epoch 24, iter 100, loss = 0.005581262055784464, lr=1.8299319727891158e-06
[Fri May 13 09:41:58 2022|TrainClassifier.py|INFO] epoch 24, iter 150, loss = 0.000750118400901556, lr=1.7448979591836737e-06
[Fri May 13 09:42:02 2022|TrainClassifier.py|INFO] Evaluation Result on epoch 24:
[Fri May 13 09:42:02 2022|MetricForClassification.py|INFO] 比喻 | Num:  306 | P: 82.21 | R: 87.58 | F1: 84.81
[Fri May 13 09:42:02 2022|MetricForClassification.py|INFO] 比拟 | Num:   94 | P: 64.36 | R: 69.15 | F1: 66.67
[Fri May 13 09:42:02 2022|MetricForClassification.py|INFO] 借代 | Num:   69 | P: 69.23 | R: 52.17 | F1: 59.50
[Fri May 13 09:42:02 2022|MetricForClassification.py|INFO] 夸张 | Num:   72 | P: 57.69 | R: 41.67 | F1: 48.39
[Fri May 13 09:42:02 2022|MetricForClassification.py|INFO] 反语 | Num:    4 | P: 33.33 | R: 25.00 | F1: 28.57
[Fri May 13 09:42:02 2022|MetricForClassification.py|INFO] 通感 | Num:    6 | P: 50.00 | R: 16.67 | F1: 25.00
[Fri May 13 09:42:02 2022|MetricForClassification.py|INFO] 问语 | Num:  115 | P: 93.22 | R: 95.65 | F1: 94.42
[Fri May 13 09:42:02 2022|MetricForClassification.py|INFO] 排比 | Num:   41 | P: 86.67 | R: 95.12 | F1: 90.70
[Fri May 13 09:42:02 2022|MetricForClassification.py|INFO] 对偶 | Num:   37 | P: 65.85 | R: 72.97 | F1: 69.23
[Fri May 13 09:42:02 2022|MetricForClassification.py|INFO] 反复 | Num:   57 | P: 82.09 | R: 96.49 | F1: 88.71
[Fri May 13 09:42:02 2022|MetricForClassification.py|INFO] 对比 | Num:   23 | P: 52.63 | R: 43.48 | F1: 47.62
[Fri May 13 09:42:02 2022|MetricForClassification.py|INFO] 引语 | Num:   62 | P: 90.00 | R: 87.10 | F1: 88.52
[Fri May 13 09:42:02 2022|MetricForClassification.py|INFO] Overall performance | Total num:  886 | P: 78.56 | R: 78.56 | Micro F1: 78.56 | Macro F1: 66.01
[Fri May 13 09:42:02 2022|TrainClassifier.py|INFO] epoch 25, iter 0, loss = 0.0009822013089433312, lr=1.6666666666666667e-06
[Fri May 13 09:42:06 2022|TrainClassifier.py|INFO] epoch 25, iter 50, loss = 0.00431204866617918, lr=1.5816326530612248e-06
[Fri May 13 09:42:10 2022|TrainClassifier.py|INFO] epoch 25, iter 100, loss = 0.0017909606685861945, lr=1.4965986394557825e-06
[Fri May 13 09:42:14 2022|TrainClassifier.py|INFO] epoch 25, iter 150, loss = 0.0011660080635920167, lr=1.4115646258503403e-06
[Fri May 13 09:42:18 2022|TrainClassifier.py|INFO] Evaluation Result on epoch 25:
[Fri May 13 09:42:18 2022|MetricForClassification.py|INFO] 比喻 | Num:  306 | P: 81.87 | R: 88.56 | F1: 85.09
[Fri May 13 09:42:18 2022|MetricForClassification.py|INFO] 比拟 | Num:   94 | P: 64.65 | R: 68.09 | F1: 66.32
[Fri May 13 09:42:18 2022|MetricForClassification.py|INFO] 借代 | Num:   69 | P: 77.27 | R: 49.28 | F1: 60.18
[Fri May 13 09:42:18 2022|MetricForClassification.py|INFO] 夸张 | Num:   72 | P: 59.18 | R: 40.28 | F1: 47.93
[Fri May 13 09:42:18 2022|MetricForClassification.py|INFO] 反语 | Num:    4 | P: 25.00 | R: 25.00 | F1: 25.00
[Fri May 13 09:42:18 2022|MetricForClassification.py|INFO] 通感 | Num:    6 | P: 100.00 | R: 16.67 | F1: 28.57
[Fri May 13 09:42:18 2022|MetricForClassification.py|INFO] 问语 | Num:  115 | P: 91.87 | R: 98.26 | F1: 94.96
[Fri May 13 09:42:18 2022|MetricForClassification.py|INFO] 排比 | Num:   41 | P: 86.96 | R: 97.56 | F1: 91.95
[Fri May 13 09:42:18 2022|MetricForClassification.py|INFO] 对偶 | Num:   37 | P: 63.64 | R: 75.68 | F1: 69.14
[Fri May 13 09:42:18 2022|MetricForClassification.py|INFO] 反复 | Num:   57 | P: 85.94 | R: 96.49 | F1: 90.91
[Fri May 13 09:42:18 2022|MetricForClassification.py|INFO] 对比 | Num:   23 | P: 52.38 | R: 47.83 | F1: 50.00
[Fri May 13 09:42:18 2022|MetricForClassification.py|INFO] 引语 | Num:   62 | P: 90.00 | R: 87.10 | F1: 88.52
[Fri May 13 09:42:18 2022|MetricForClassification.py|INFO] Overall performance | Total num:  886 | P: 79.12 | R: 79.12 | Micro F1: 79.12 | Macro F1: 66.55
[Fri May 13 09:42:18 2022|TrainClassifier.py|INFO] epoch 26, iter 0, loss = 0.0010130834998562932, lr=1.3333333333333334e-06
[Fri May 13 09:42:22 2022|TrainClassifier.py|INFO] epoch 26, iter 50, loss = 0.0014852052554488182, lr=1.2482993197278913e-06
[Fri May 13 09:42:26 2022|TrainClassifier.py|INFO] epoch 26, iter 100, loss = 0.0016429165843874216, lr=1.163265306122449e-06
[Fri May 13 09:42:30 2022|TrainClassifier.py|INFO] epoch 26, iter 150, loss = 0.0005732339341193438, lr=1.0782312925170068e-06
[Fri May 13 09:42:34 2022|TrainClassifier.py|INFO] Evaluation Result on epoch 26:
[Fri May 13 09:42:34 2022|MetricForClassification.py|INFO] 比喻 | Num:  306 | P: 83.33 | R: 88.24 | F1: 85.71
[Fri May 13 09:42:34 2022|MetricForClassification.py|INFO] 比拟 | Num:   94 | P: 62.50 | R: 69.15 | F1: 65.66
[Fri May 13 09:42:34 2022|MetricForClassification.py|INFO] 借代 | Num:   69 | P: 75.00 | R: 47.83 | F1: 58.41
[Fri May 13 09:42:34 2022|MetricForClassification.py|INFO] 夸张 | Num:   72 | P: 57.69 | R: 41.67 | F1: 48.39
[Fri May 13 09:42:34 2022|MetricForClassification.py|INFO] 反语 | Num:    4 | P: 33.33 | R: 25.00 | F1: 28.57
[Fri May 13 09:42:34 2022|MetricForClassification.py|INFO] 通感 | Num:    6 | P: 100.00 | R: 16.67 | F1: 28.57
[Fri May 13 09:42:34 2022|MetricForClassification.py|INFO] 问语 | Num:  115 | P: 91.80 | R: 97.39 | F1: 94.51
[Fri May 13 09:42:34 2022|MetricForClassification.py|INFO] 排比 | Num:   41 | P: 86.96 | R: 97.56 | F1: 91.95
[Fri May 13 09:42:34 2022|MetricForClassification.py|INFO] 对偶 | Num:   37 | P: 62.22 | R: 75.68 | F1: 68.29
[Fri May 13 09:42:34 2022|MetricForClassification.py|INFO] 反复 | Num:   57 | P: 83.33 | R: 96.49 | F1: 89.43
[Fri May 13 09:42:34 2022|MetricForClassification.py|INFO] 对比 | Num:   23 | P: 52.38 | R: 47.83 | F1: 50.00
[Fri May 13 09:42:34 2022|MetricForClassification.py|INFO] 引语 | Num:   62 | P: 91.38 | R: 85.48 | F1: 88.33
[Fri May 13 09:42:34 2022|MetricForClassification.py|INFO] Overall performance | Total num:  886 | P: 78.89 | R: 78.89 | Micro F1: 78.89 | Macro F1: 66.49
[Fri May 13 09:42:34 2022|TrainClassifier.py|INFO] epoch 27, iter 0, loss = 0.0009337224182672799, lr=1.0000000000000002e-06
[Fri May 13 09:42:38 2022|TrainClassifier.py|INFO] epoch 27, iter 50, loss = 0.001160072279162705, lr=9.149659863945579e-07
[Fri May 13 09:42:43 2022|TrainClassifier.py|INFO] epoch 27, iter 100, loss = 0.0007906492101028562, lr=8.299319727891157e-07
[Fri May 13 09:42:47 2022|TrainClassifier.py|INFO] epoch 27, iter 150, loss = 0.0005518667749129236, lr=7.448979591836736e-07
[Fri May 13 09:42:50 2022|TrainClassifier.py|INFO] Evaluation Result on epoch 27:
[Fri May 13 09:42:51 2022|MetricForClassification.py|INFO] 比喻 | Num:  306 | P: 82.57 | R: 88.24 | F1: 85.31
[Fri May 13 09:42:51 2022|MetricForClassification.py|INFO] 比拟 | Num:   94 | P: 64.00 | R: 68.09 | F1: 65.98
[Fri May 13 09:42:51 2022|MetricForClassification.py|INFO] 借代 | Num:   69 | P: 73.47 | R: 52.17 | F1: 61.02
[Fri May 13 09:42:51 2022|MetricForClassification.py|INFO] 夸张 | Num:   72 | P: 59.18 | R: 40.28 | F1: 47.93
[Fri May 13 09:42:51 2022|MetricForClassification.py|INFO] 反语 | Num:    4 | P: 33.33 | R: 25.00 | F1: 28.57
[Fri May 13 09:42:51 2022|MetricForClassification.py|INFO] 通感 | Num:    6 | P: 100.00 | R: 16.67 | F1: 28.57
[Fri May 13 09:42:51 2022|MetricForClassification.py|INFO] 问语 | Num:  115 | P: 91.80 | R: 97.39 | F1: 94.51
[Fri May 13 09:42:51 2022|MetricForClassification.py|INFO] 排比 | Num:   41 | P: 86.96 | R: 97.56 | F1: 91.95
[Fri May 13 09:42:51 2022|MetricForClassification.py|INFO] 对偶 | Num:   37 | P: 63.64 | R: 75.68 | F1: 69.14
[Fri May 13 09:42:51 2022|MetricForClassification.py|INFO] 反复 | Num:   57 | P: 83.33 | R: 96.49 | F1: 89.43
[Fri May 13 09:42:51 2022|MetricForClassification.py|INFO] 对比 | Num:   23 | P: 55.00 | R: 47.83 | F1: 51.16
[Fri May 13 09:42:51 2022|MetricForClassification.py|INFO] 引语 | Num:   62 | P: 91.53 | R: 87.10 | F1: 89.26
[Fri May 13 09:42:51 2022|MetricForClassification.py|INFO] Overall performance | Total num:  886 | P: 79.12 | R: 79.12 | Micro F1: 79.12 | Macro F1: 66.90
[Fri May 13 09:42:51 2022|TrainClassifier.py|INFO] epoch 28, iter 0, loss = 0.00198172265663743, lr=6.666666666666667e-07
[Fri May 13 09:42:55 2022|TrainClassifier.py|INFO] epoch 28, iter 50, loss = 0.0009296965436078608, lr=5.816326530612245e-07
[Fri May 13 09:42:59 2022|TrainClassifier.py|INFO] epoch 28, iter 100, loss = 0.0014096183003857732, lr=4.965986394557824e-07
[Fri May 13 09:43:03 2022|TrainClassifier.py|INFO] epoch 28, iter 150, loss = 0.000587307324167341, lr=4.1156462585034014e-07
[Fri May 13 09:43:06 2022|TrainClassifier.py|INFO] Evaluation Result on epoch 28:
[Fri May 13 09:43:07 2022|MetricForClassification.py|INFO] 比喻 | Num:  306 | P: 83.23 | R: 87.58 | F1: 85.35
[Fri May 13 09:43:07 2022|MetricForClassification.py|INFO] 比拟 | Num:   94 | P: 61.90 | R: 69.15 | F1: 65.33
[Fri May 13 09:43:07 2022|MetricForClassification.py|INFO] 借代 | Num:   69 | P: 71.43 | R: 50.72 | F1: 59.32
[Fri May 13 09:43:07 2022|MetricForClassification.py|INFO] 夸张 | Num:   72 | P: 60.00 | R: 41.67 | F1: 49.18
[Fri May 13 09:43:07 2022|MetricForClassification.py|INFO] 反语 | Num:    4 | P: 33.33 | R: 25.00 | F1: 28.57
[Fri May 13 09:43:07 2022|MetricForClassification.py|INFO] 通感 | Num:    6 | P: 100.00 | R: 16.67 | F1: 28.57
[Fri May 13 09:43:07 2022|MetricForClassification.py|INFO] 问语 | Num:  115 | P: 91.13 | R: 98.26 | F1: 94.56
[Fri May 13 09:43:07 2022|MetricForClassification.py|INFO] 排比 | Num:   41 | P: 86.96 | R: 97.56 | F1: 91.95
[Fri May 13 09:43:07 2022|MetricForClassification.py|INFO] 对偶 | Num:   37 | P: 62.22 | R: 75.68 | F1: 68.29
[Fri May 13 09:43:07 2022|MetricForClassification.py|INFO] 反复 | Num:   57 | P: 84.62 | R: 96.49 | F1: 90.16
[Fri May 13 09:43:07 2022|MetricForClassification.py|INFO] 对比 | Num:   23 | P: 55.00 | R: 47.83 | F1: 51.16
[Fri May 13 09:43:07 2022|MetricForClassification.py|INFO] 引语 | Num:   62 | P: 94.64 | R: 85.48 | F1: 89.83
[Fri May 13 09:43:07 2022|MetricForClassification.py|INFO] Overall performance | Total num:  886 | P: 79.01 | R: 79.01 | Micro F1: 79.01 | Macro F1: 66.86
[Fri May 13 09:43:07 2022|TrainClassifier.py|INFO] epoch 29, iter 0, loss = 0.0007150936289690435, lr=3.3333333333333335e-07
[Fri May 13 09:43:11 2022|TrainClassifier.py|INFO] epoch 29, iter 50, loss = 0.0018193223513662815, lr=2.482993197278912e-07
[Fri May 13 09:43:15 2022|TrainClassifier.py|INFO] epoch 29, iter 100, loss = 0.0012094839476048946, lr=1.6326530612244901e-07
[Fri May 13 09:43:19 2022|TrainClassifier.py|INFO] epoch 29, iter 150, loss = 0.00682621356099844, lr=7.823129251700682e-08
[Fri May 13 09:43:22 2022|TrainClassifier.py|INFO] Evaluation Result on epoch 29:
[Fri May 13 09:43:23 2022|MetricForClassification.py|INFO] 比喻 | Num:  306 | P: 82.57 | R: 88.24 | F1: 85.31
[Fri May 13 09:43:23 2022|MetricForClassification.py|INFO] 比拟 | Num:   94 | P: 62.75 | R: 68.09 | F1: 65.31
[Fri May 13 09:43:23 2022|MetricForClassification.py|INFO] 借代 | Num:   69 | P: 71.43 | R: 50.72 | F1: 59.32
[Fri May 13 09:43:23 2022|MetricForClassification.py|INFO] 夸张 | Num:   72 | P: 60.42 | R: 40.28 | F1: 48.33
[Fri May 13 09:43:23 2022|MetricForClassification.py|INFO] 反语 | Num:    4 | P: 33.33 | R: 25.00 | F1: 28.57
[Fri May 13 09:43:23 2022|MetricForClassification.py|INFO] 通感 | Num:    6 | P: 100.00 | R: 16.67 | F1: 28.57
[Fri May 13 09:43:23 2022|MetricForClassification.py|INFO] 问语 | Num:  115 | P: 91.13 | R: 98.26 | F1: 94.56
[Fri May 13 09:43:23 2022|MetricForClassification.py|INFO] 排比 | Num:   41 | P: 86.96 | R: 97.56 | F1: 91.95
[Fri May 13 09:43:23 2022|MetricForClassification.py|INFO] 对偶 | Num:   37 | P: 61.36 | R: 72.97 | F1: 66.67
[Fri May 13 09:43:23 2022|MetricForClassification.py|INFO] 反复 | Num:   57 | P: 84.62 | R: 96.49 | F1: 90.16
[Fri May 13 09:43:23 2022|MetricForClassification.py|INFO] 对比 | Num:   23 | P: 55.00 | R: 47.83 | F1: 51.16
[Fri May 13 09:43:23 2022|MetricForClassification.py|INFO] 引语 | Num:   62 | P: 92.98 | R: 85.48 | F1: 89.08
[Fri May 13 09:43:23 2022|MetricForClassification.py|INFO] Overall performance | Total num:  886 | P: 78.89 | R: 78.89 | Micro F1: 78.89 | Macro F1: 66.58
[Fri May 13 09:43:23 2022|main.py|INFO] Progress| Train Complete!
[Fri May 13 09:43:23 2022|TrainClassifier.py|INFO] Load best checkpoint from epoch 18
[Fri May 13 09:43:24 2022|MetricForClassification.py|INFO] 比喻 | Num:  683 | P: 83.10 | R: 87.85 | F1: 85.41
[Fri May 13 09:43:24 2022|MetricForClassification.py|INFO] 比拟 | Num:  243 | P: 65.02 | R: 65.02 | F1: 65.02
[Fri May 13 09:43:24 2022|MetricForClassification.py|INFO] 借代 | Num:  123 | P: 67.33 | R: 55.28 | F1: 60.71
[Fri May 13 09:43:24 2022|MetricForClassification.py|INFO] 夸张 | Num:  145 | P: 63.92 | R: 42.76 | F1: 51.24
[Fri May 13 09:43:24 2022|MetricForClassification.py|INFO] 反语 | Num:    5 | P: 20.00 | R: 20.00 | F1: 20.00
[Fri May 13 09:43:24 2022|MetricForClassification.py|INFO] 通感 | Num:   10 | P: 28.57 | R: 20.00 | F1: 23.53
[Fri May 13 09:43:24 2022|MetricForClassification.py|INFO] 问语 | Num:  202 | P: 90.78 | R: 97.52 | F1: 94.03
[Fri May 13 09:43:24 2022|MetricForClassification.py|INFO] 排比 | Num:   99 | P: 82.61 | R: 95.96 | F1: 88.79
[Fri May 13 09:43:24 2022|MetricForClassification.py|INFO] 对偶 | Num:   76 | P: 72.15 | R: 75.00 | F1: 73.55
[Fri May 13 09:43:24 2022|MetricForClassification.py|INFO] 反复 | Num:  105 | P: 88.18 | R: 92.38 | F1: 90.23
[Fri May 13 09:43:24 2022|MetricForClassification.py|INFO] 对比 | Num:   62 | P: 71.19 | R: 67.74 | F1: 69.42
[Fri May 13 09:43:24 2022|MetricForClassification.py|INFO] 引语 | Num:  117 | P: 86.09 | R: 84.62 | F1: 85.34
[Fri May 13 09:43:24 2022|MetricForClassification.py|INFO] Overall performance | Total num: 1870 | P: 79.04 | R: 79.04 | Micro F1: 79.04 | Macro F1: 67.27
