[Fri May 13 09:31:34 2022|main.py|INFO] Progress| Parse args succeed!
[Fri May 13 09:31:35 2022|main.py|INFO] Progress| Load Bert config succeed!
[Fri May 13 09:31:35 2022|main.py|INFO] Progress| Task setup succeed!
[Fri May 13 09:31:42 2022|main.py|INFO] Progress| Load Bert tokenizer succeed!
[Fri May 13 09:31:43 2022|DatasetForClassificationContext.py|INFO] train size: 6254
[Fri May 13 09:31:43 2022|DatasetForClassificationContext.py|INFO] valid size: 886
[Fri May 13 09:31:43 2022|DatasetForClassificationContext.py|INFO] test size: 1870
[Fri May 13 09:31:53 2022|main.py|INFO] Progress| Load Bert model succeed!
[Fri May 13 09:31:53 2022|main.py|INFO] Progress| Load Optimizer AdamW succeed!
[Fri May 13 09:31:53 2022|main.py|INFO] Progress| Load Accelerator succeed!
[Fri May 13 09:31:53 2022|TrainClassifier.py|INFO] Initial Evaluation Result
[Fri May 13 09:31:54 2022|MetricForClassification.py|INFO] 比喻 | Num:  306 | P: 25.00 | R:  3.92 | F1:  6.78
[Fri May 13 09:31:54 2022|MetricForClassification.py|INFO] 比拟 | Num:   94 | P:  0.00 | R:  0.00 | F1:  0.00
[Fri May 13 09:31:54 2022|MetricForClassification.py|INFO] 借代 | Num:   69 | P:  0.00 | R:  0.00 | F1:  0.00
[Fri May 13 09:31:54 2022|MetricForClassification.py|INFO] 夸张 | Num:   72 | P:  0.00 | R:  0.00 | F1:  0.00
[Fri May 13 09:31:54 2022|MetricForClassification.py|INFO] 反语 | Num:    4 | P:  0.44 | R: 75.00 | F1:  0.88
[Fri May 13 09:31:54 2022|MetricForClassification.py|INFO] 通感 | Num:    6 | P:  0.00 | R:  0.00 | F1:  0.00
[Fri May 13 09:31:54 2022|MetricForClassification.py|INFO] 问语 | Num:  115 | P:  3.47 | R:  4.35 | F1:  3.86
[Fri May 13 09:31:54 2022|MetricForClassification.py|INFO] 排比 | Num:   41 | P:  0.00 | R:  0.00 | F1:  0.00
[Fri May 13 09:31:54 2022|MetricForClassification.py|INFO] 对偶 | Num:   37 | P:  0.00 | R:  0.00 | F1:  0.00
[Fri May 13 09:31:54 2022|MetricForClassification.py|INFO] 反复 | Num:   57 | P:  0.00 | R:  0.00 | F1:  0.00
[Fri May 13 09:31:54 2022|MetricForClassification.py|INFO] 对比 | Num:   23 | P:  0.00 | R:  0.00 | F1:  0.00
[Fri May 13 09:31:54 2022|MetricForClassification.py|INFO] 引语 | Num:   62 | P:  0.00 | R:  0.00 | F1:  0.00
[Fri May 13 09:31:54 2022|MetricForClassification.py|INFO] Overall performance | Total num:  886 | P:  2.26 | R:  2.26 | Micro F1:  2.26 | Macro F1:  0.96
[Fri May 13 09:31:54 2022|TrainClassifier.py|INFO] epoch 0, iter 0, loss = 2.484055280685425, lr=1e-05
[Fri May 13 09:32:00 2022|TrainClassifier.py|INFO] epoch 0, iter 50, loss = 1.796143651008606, lr=9.957374254049446e-06
[Fri May 13 09:32:04 2022|TrainClassifier.py|INFO] epoch 0, iter 100, loss = 1.6212992668151855, lr=9.914748508098893e-06
[Fri May 13 09:32:09 2022|TrainClassifier.py|INFO] epoch 0, iter 150, loss = 1.3793416023254395, lr=9.872122762148338e-06
[Fri May 13 09:32:14 2022|TrainClassifier.py|INFO] epoch 0, iter 200, loss = 0.7661846280097961, lr=9.829497016197784e-06
[Fri May 13 09:32:19 2022|TrainClassifier.py|INFO] epoch 0, iter 250, loss = 0.8809275031089783, lr=9.78687127024723e-06
[Fri May 13 09:32:24 2022|TrainClassifier.py|INFO] epoch 0, iter 300, loss = 0.4533313512802124, lr=9.744245524296676e-06
[Fri May 13 09:32:28 2022|TrainClassifier.py|INFO] epoch 0, iter 350, loss = 0.8881080150604248, lr=9.701619778346121e-06
[Fri May 13 09:32:31 2022|TrainClassifier.py|INFO] Evaluation Result on epoch 0:
[Fri May 13 09:32:32 2022|MetricForClassification.py|INFO] 比喻 | Num:  306 | P: 78.82 | R: 87.58 | F1: 82.97
[Fri May 13 09:32:32 2022|MetricForClassification.py|INFO] 比拟 | Num:   94 | P: 45.27 | R: 71.28 | F1: 55.37
[Fri May 13 09:32:32 2022|MetricForClassification.py|INFO] 借代 | Num:   69 | P: 68.89 | R: 44.93 | F1: 54.39
[Fri May 13 09:32:32 2022|MetricForClassification.py|INFO] 夸张 | Num:   72 | P: 64.00 | R: 22.22 | F1: 32.99
[Fri May 13 09:32:32 2022|MetricForClassification.py|INFO] 反语 | Num:    4 | P:  0.00 | R:  0.00 | F1:  0.00
[Fri May 13 09:32:32 2022|MetricForClassification.py|INFO] 通感 | Num:    6 | P:  0.00 | R:  0.00 | F1:  0.00
[Fri May 13 09:32:32 2022|MetricForClassification.py|INFO] 问语 | Num:  115 | P: 92.50 | R: 96.52 | F1: 94.47
[Fri May 13 09:32:32 2022|MetricForClassification.py|INFO] 排比 | Num:   41 | P: 81.25 | R: 95.12 | F1: 87.64
[Fri May 13 09:32:32 2022|MetricForClassification.py|INFO] 对偶 | Num:   37 | P: 57.14 | R: 54.05 | F1: 55.56
[Fri May 13 09:32:32 2022|MetricForClassification.py|INFO] 反复 | Num:   57 | P: 91.07 | R: 89.47 | F1: 90.27
[Fri May 13 09:32:32 2022|MetricForClassification.py|INFO] 对比 | Num:   23 | P: 66.67 | R: 34.78 | F1: 45.71
[Fri May 13 09:32:32 2022|MetricForClassification.py|INFO] 引语 | Num:   62 | P: 91.23 | R: 83.87 | F1: 87.39
[Fri May 13 09:32:32 2022|MetricForClassification.py|INFO] Overall performance | Total num:  886 | P: 74.83 | R: 74.83 | Micro F1: 74.83 | Macro F1: 57.23
[Fri May 13 09:32:32 2022|TrainClassifier.py|INFO] Saving model for checkpoint 0
[Fri May 13 09:32:33 2022|TrainClassifier.py|INFO] epoch 1, iter 0, loss = 0.641048014163971, lr=9.666666666666667e-06
[Fri May 13 09:32:37 2022|TrainClassifier.py|INFO] epoch 1, iter 50, loss = 0.6313367486000061, lr=9.624040920716114e-06
[Fri May 13 09:32:42 2022|TrainClassifier.py|INFO] epoch 1, iter 100, loss = 0.8588396906852722, lr=9.581415174765559e-06
[Fri May 13 09:32:46 2022|TrainClassifier.py|INFO] epoch 1, iter 150, loss = 0.8663277626037598, lr=9.538789428815004e-06
[Fri May 13 09:32:51 2022|TrainClassifier.py|INFO] epoch 1, iter 200, loss = 0.6273927092552185, lr=9.496163682864451e-06
[Fri May 13 09:32:56 2022|TrainClassifier.py|INFO] epoch 1, iter 250, loss = 0.4657297134399414, lr=9.453537936913897e-06
[Fri May 13 09:33:02 2022|TrainClassifier.py|INFO] epoch 1, iter 300, loss = 0.3048439025878906, lr=9.410912190963342e-06
[Fri May 13 09:33:07 2022|TrainClassifier.py|INFO] epoch 1, iter 350, loss = 0.5973294973373413, lr=9.368286445012789e-06
[Fri May 13 09:33:12 2022|TrainClassifier.py|INFO] Evaluation Result on epoch 1:
[Fri May 13 09:33:13 2022|MetricForClassification.py|INFO] 比喻 | Num:  306 | P: 81.96 | R: 87.58 | F1: 84.68
[Fri May 13 09:33:13 2022|MetricForClassification.py|INFO] 比拟 | Num:   94 | P: 53.66 | R: 70.21 | F1: 60.83
[Fri May 13 09:33:13 2022|MetricForClassification.py|INFO] 借代 | Num:   69 | P: 67.31 | R: 50.72 | F1: 57.85
[Fri May 13 09:33:13 2022|MetricForClassification.py|INFO] 夸张 | Num:   72 | P: 56.14 | R: 44.44 | F1: 49.61
[Fri May 13 09:33:13 2022|MetricForClassification.py|INFO] 反语 | Num:    4 | P:  0.00 | R:  0.00 | F1:  0.00
[Fri May 13 09:33:13 2022|MetricForClassification.py|INFO] 通感 | Num:    6 | P:  0.00 | R:  0.00 | F1:  0.00
[Fri May 13 09:33:13 2022|MetricForClassification.py|INFO] 问语 | Num:  115 | P: 96.52 | R: 96.52 | F1: 96.52
[Fri May 13 09:33:13 2022|MetricForClassification.py|INFO] 排比 | Num:   41 | P: 86.36 | R: 92.68 | F1: 89.41
[Fri May 13 09:33:13 2022|MetricForClassification.py|INFO] 对偶 | Num:   37 | P: 61.11 | R: 59.46 | F1: 60.27
[Fri May 13 09:33:13 2022|MetricForClassification.py|INFO] 反复 | Num:   57 | P: 91.53 | R: 94.74 | F1: 93.10
[Fri May 13 09:33:13 2022|MetricForClassification.py|INFO] 对比 | Num:   23 | P: 52.63 | R: 43.48 | F1: 47.62
[Fri May 13 09:33:13 2022|MetricForClassification.py|INFO] 引语 | Num:   62 | P: 90.74 | R: 79.03 | F1: 84.48
[Fri May 13 09:33:13 2022|MetricForClassification.py|INFO] Overall performance | Total num:  886 | P: 77.31 | R: 77.31 | Micro F1: 77.31 | Macro F1: 60.37
[Fri May 13 09:33:13 2022|TrainClassifier.py|INFO] Saving model for checkpoint 1
[Fri May 13 09:33:16 2022|TrainClassifier.py|INFO] epoch 2, iter 0, loss = 0.3595457077026367, lr=9.333333333333334e-06
[Fri May 13 09:33:22 2022|TrainClassifier.py|INFO] epoch 2, iter 50, loss = 0.3401235342025757, lr=9.29070758738278e-06
[Fri May 13 09:33:28 2022|TrainClassifier.py|INFO] epoch 2, iter 100, loss = 0.45649391412734985, lr=9.248081841432227e-06
[Fri May 13 09:33:34 2022|TrainClassifier.py|INFO] epoch 2, iter 150, loss = 0.40809476375579834, lr=9.205456095481672e-06
[Fri May 13 09:33:39 2022|TrainClassifier.py|INFO] epoch 2, iter 200, loss = 0.45948275923728943, lr=9.162830349531117e-06
[Fri May 13 09:33:45 2022|TrainClassifier.py|INFO] epoch 2, iter 250, loss = 0.36411961913108826, lr=9.120204603580564e-06
[Fri May 13 09:33:50 2022|TrainClassifier.py|INFO] epoch 2, iter 300, loss = 0.13400869071483612, lr=9.07757885763001e-06
[Fri May 13 09:33:55 2022|TrainClassifier.py|INFO] epoch 2, iter 350, loss = 0.39667636156082153, lr=9.034953111679455e-06
[Fri May 13 09:33:59 2022|TrainClassifier.py|INFO] Evaluation Result on epoch 2:
[Fri May 13 09:34:01 2022|MetricForClassification.py|INFO] 比喻 | Num:  306 | P: 83.91 | R: 86.93 | F1: 85.39
[Fri May 13 09:34:01 2022|MetricForClassification.py|INFO] 比拟 | Num:   94 | P: 53.66 | R: 70.21 | F1: 60.83
[Fri May 13 09:34:01 2022|MetricForClassification.py|INFO] 借代 | Num:   69 | P: 70.59 | R: 52.17 | F1: 60.00
[Fri May 13 09:34:01 2022|MetricForClassification.py|INFO] 夸张 | Num:   72 | P: 58.49 | R: 43.06 | F1: 49.60
[Fri May 13 09:34:01 2022|MetricForClassification.py|INFO] 反语 | Num:    4 | P:  0.00 | R:  0.00 | F1:  0.00
[Fri May 13 09:34:01 2022|MetricForClassification.py|INFO] 通感 | Num:    6 | P:  0.00 | R:  0.00 | F1:  0.00
[Fri May 13 09:34:01 2022|MetricForClassification.py|INFO] 问语 | Num:  115 | P: 90.40 | R: 98.26 | F1: 94.17
[Fri May 13 09:34:01 2022|MetricForClassification.py|INFO] 排比 | Num:   41 | P: 90.70 | R: 95.12 | F1: 92.86
[Fri May 13 09:34:01 2022|MetricForClassification.py|INFO] 对偶 | Num:   37 | P: 64.29 | R: 72.97 | F1: 68.35
[Fri May 13 09:34:01 2022|MetricForClassification.py|INFO] 反复 | Num:   57 | P: 89.83 | R: 92.98 | F1: 91.38
[Fri May 13 09:34:01 2022|MetricForClassification.py|INFO] 对比 | Num:   23 | P: 52.38 | R: 47.83 | F1: 50.00
[Fri May 13 09:34:01 2022|MetricForClassification.py|INFO] 引语 | Num:   62 | P: 94.23 | R: 79.03 | F1: 85.96
[Fri May 13 09:34:01 2022|MetricForClassification.py|INFO] Overall performance | Total num:  886 | P: 77.99 | R: 77.99 | Micro F1: 77.99 | Macro F1: 61.55
[Fri May 13 09:34:01 2022|TrainClassifier.py|INFO] Saving model for checkpoint 2
[Fri May 13 09:34:04 2022|TrainClassifier.py|INFO] epoch 3, iter 0, loss = 0.15267086029052734, lr=9e-06
[Fri May 13 09:34:10 2022|TrainClassifier.py|INFO] epoch 3, iter 50, loss = 0.15380024909973145, lr=8.957374254049447e-06
[Fri May 13 09:34:15 2022|TrainClassifier.py|INFO] epoch 3, iter 100, loss = 0.3583892285823822, lr=8.914748508098893e-06
[Fri May 13 09:34:21 2022|TrainClassifier.py|INFO] epoch 3, iter 150, loss = 0.2980978488922119, lr=8.872122762148338e-06
[Fri May 13 09:34:26 2022|TrainClassifier.py|INFO] epoch 3, iter 200, loss = 0.389129102230072, lr=8.829497016197785e-06
[Fri May 13 09:34:31 2022|TrainClassifier.py|INFO] epoch 3, iter 250, loss = 0.2683688998222351, lr=8.78687127024723e-06
[Fri May 13 09:34:36 2022|TrainClassifier.py|INFO] epoch 3, iter 300, loss = 0.06018202379345894, lr=8.744245524296675e-06
[Fri May 13 09:34:42 2022|TrainClassifier.py|INFO] epoch 3, iter 350, loss = 0.21833331882953644, lr=8.701619778346122e-06
[Fri May 13 09:34:46 2022|TrainClassifier.py|INFO] Evaluation Result on epoch 3:
[Fri May 13 09:34:47 2022|MetricForClassification.py|INFO] 比喻 | Num:  306 | P: 78.59 | R: 87.58 | F1: 82.84
[Fri May 13 09:34:47 2022|MetricForClassification.py|INFO] 比拟 | Num:   94 | P: 55.17 | R: 68.09 | F1: 60.95
[Fri May 13 09:34:47 2022|MetricForClassification.py|INFO] 借代 | Num:   69 | P: 70.00 | R: 50.72 | F1: 58.82
[Fri May 13 09:34:47 2022|MetricForClassification.py|INFO] 夸张 | Num:   72 | P: 65.22 | R: 41.67 | F1: 50.85
[Fri May 13 09:34:47 2022|MetricForClassification.py|INFO] 反语 | Num:    4 | P:  0.00 | R:  0.00 | F1:  0.00
[Fri May 13 09:34:47 2022|MetricForClassification.py|INFO] 通感 | Num:    6 | P:  0.00 | R:  0.00 | F1:  0.00
[Fri May 13 09:34:47 2022|MetricForClassification.py|INFO] 问语 | Num:  115 | P: 93.28 | R: 96.52 | F1: 94.87
[Fri May 13 09:34:47 2022|MetricForClassification.py|INFO] 排比 | Num:   41 | P: 90.70 | R: 95.12 | F1: 92.86
[Fri May 13 09:34:47 2022|MetricForClassification.py|INFO] 对偶 | Num:   37 | P: 64.10 | R: 67.57 | F1: 65.79
[Fri May 13 09:34:47 2022|MetricForClassification.py|INFO] 反复 | Num:   57 | P: 88.71 | R: 96.49 | F1: 92.44
[Fri May 13 09:34:47 2022|MetricForClassification.py|INFO] 对比 | Num:   23 | P: 55.00 | R: 47.83 | F1: 51.16
[Fri May 13 09:34:47 2022|MetricForClassification.py|INFO] 引语 | Num:   62 | P: 96.00 | R: 77.42 | F1: 85.71
[Fri May 13 09:34:47 2022|MetricForClassification.py|INFO] Overall performance | Total num:  886 | P: 77.43 | R: 77.43 | Micro F1: 77.43 | Macro F1: 61.36
[Fri May 13 09:34:47 2022|TrainClassifier.py|INFO] epoch 4, iter 0, loss = 0.03994806110858917, lr=8.666666666666668e-06
[Fri May 13 09:34:53 2022|TrainClassifier.py|INFO] epoch 4, iter 50, loss = 0.05828646942973137, lr=8.624040920716113e-06
[Fri May 13 09:34:59 2022|TrainClassifier.py|INFO] epoch 4, iter 100, loss = 0.20837660133838654, lr=8.58141517476556e-06
[Fri May 13 09:35:05 2022|TrainClassifier.py|INFO] epoch 4, iter 150, loss = 0.0636642649769783, lr=8.538789428815005e-06
[Fri May 13 09:35:11 2022|TrainClassifier.py|INFO] epoch 4, iter 200, loss = 0.4086182415485382, lr=8.49616368286445e-06
[Fri May 13 09:35:17 2022|TrainClassifier.py|INFO] epoch 4, iter 250, loss = 0.10893815755844116, lr=8.453537936913898e-06
[Fri May 13 09:35:23 2022|TrainClassifier.py|INFO] epoch 4, iter 300, loss = 0.05970008671283722, lr=8.410912190963343e-06
[Fri May 13 09:35:29 2022|TrainClassifier.py|INFO] epoch 4, iter 350, loss = 0.12233152240514755, lr=8.368286445012788e-06
[Fri May 13 09:35:34 2022|TrainClassifier.py|INFO] Evaluation Result on epoch 4:
[Fri May 13 09:35:35 2022|MetricForClassification.py|INFO] 比喻 | Num:  306 | P: 78.20 | R: 87.91 | F1: 82.77
[Fri May 13 09:35:35 2022|MetricForClassification.py|INFO] 比拟 | Num:   94 | P: 57.02 | R: 69.15 | F1: 62.50
[Fri May 13 09:35:35 2022|MetricForClassification.py|INFO] 借代 | Num:   69 | P: 74.42 | R: 46.38 | F1: 57.14
[Fri May 13 09:35:35 2022|MetricForClassification.py|INFO] 夸张 | Num:   72 | P: 64.00 | R: 44.44 | F1: 52.46
[Fri May 13 09:35:35 2022|MetricForClassification.py|INFO] 反语 | Num:    4 | P:  0.00 | R:  0.00 | F1:  0.00
[Fri May 13 09:35:35 2022|MetricForClassification.py|INFO] 通感 | Num:    6 | P:  0.00 | R:  0.00 | F1:  0.00
[Fri May 13 09:35:35 2022|MetricForClassification.py|INFO] 问语 | Num:  115 | P: 92.68 | R: 99.13 | F1: 95.80
[Fri May 13 09:35:35 2022|MetricForClassification.py|INFO] 排比 | Num:   41 | P: 90.70 | R: 95.12 | F1: 92.86
[Fri May 13 09:35:35 2022|MetricForClassification.py|INFO] 对偶 | Num:   37 | P: 62.79 | R: 72.97 | F1: 67.50
[Fri May 13 09:35:35 2022|MetricForClassification.py|INFO] 反复 | Num:   57 | P: 89.83 | R: 92.98 | F1: 91.38
[Fri May 13 09:35:35 2022|MetricForClassification.py|INFO] 对比 | Num:   23 | P: 61.11 | R: 47.83 | F1: 53.66
[Fri May 13 09:35:35 2022|MetricForClassification.py|INFO] 引语 | Num:   62 | P: 93.88 | R: 74.19 | F1: 82.88
[Fri May 13 09:35:35 2022|MetricForClassification.py|INFO] Overall performance | Total num:  886 | P: 77.65 | R: 77.65 | Micro F1: 77.65 | Macro F1: 61.58
[Fri May 13 09:35:35 2022|TrainClassifier.py|INFO] epoch 5, iter 0, loss = 0.02228674851357937, lr=8.333333333333334e-06
[Fri May 13 09:35:41 2022|TrainClassifier.py|INFO] epoch 5, iter 50, loss = 0.02998928353190422, lr=8.29070758738278e-06
[Fri May 13 09:35:46 2022|TrainClassifier.py|INFO] epoch 5, iter 100, loss = 0.14350031316280365, lr=8.248081841432226e-06
[Fri May 13 09:35:51 2022|TrainClassifier.py|INFO] epoch 5, iter 150, loss = 0.04246704280376434, lr=8.205456095481671e-06
[Fri May 13 09:35:57 2022|TrainClassifier.py|INFO] epoch 5, iter 200, loss = 0.15379680693149567, lr=8.162830349531118e-06
[Fri May 13 09:36:02 2022|TrainClassifier.py|INFO] epoch 5, iter 250, loss = 0.13911041617393494, lr=8.120204603580564e-06
[Fri May 13 09:36:08 2022|TrainClassifier.py|INFO] epoch 5, iter 300, loss = 0.05387527123093605, lr=8.077578857630009e-06
[Fri May 13 09:36:13 2022|TrainClassifier.py|INFO] epoch 5, iter 350, loss = 0.2324049472808838, lr=8.034953111679456e-06
[Fri May 13 09:36:17 2022|TrainClassifier.py|INFO] Evaluation Result on epoch 5:
[Fri May 13 09:36:19 2022|MetricForClassification.py|INFO] 比喻 | Num:  306 | P: 80.06 | R: 86.60 | F1: 83.20
[Fri May 13 09:36:19 2022|MetricForClassification.py|INFO] 比拟 | Num:   94 | P: 50.75 | R: 72.34 | F1: 59.65
[Fri May 13 09:36:19 2022|MetricForClassification.py|INFO] 借代 | Num:   69 | P: 76.32 | R: 42.03 | F1: 54.21
[Fri May 13 09:36:19 2022|MetricForClassification.py|INFO] 夸张 | Num:   72 | P: 61.22 | R: 41.67 | F1: 49.59
[Fri May 13 09:36:19 2022|MetricForClassification.py|INFO] 反语 | Num:    4 | P:  0.00 | R:  0.00 | F1:  0.00
[Fri May 13 09:36:19 2022|MetricForClassification.py|INFO] 通感 | Num:    6 | P:  0.00 | R:  0.00 | F1:  0.00
[Fri May 13 09:36:19 2022|MetricForClassification.py|INFO] 问语 | Num:  115 | P: 96.49 | R: 95.65 | F1: 96.07
[Fri May 13 09:36:19 2022|MetricForClassification.py|INFO] 排比 | Num:   41 | P: 88.64 | R: 95.12 | F1: 91.76
[Fri May 13 09:36:19 2022|MetricForClassification.py|INFO] 对偶 | Num:   37 | P: 65.22 | R: 81.08 | F1: 72.29
[Fri May 13 09:36:19 2022|MetricForClassification.py|INFO] 反复 | Num:   57 | P: 87.30 | R: 96.49 | F1: 91.67
[Fri May 13 09:36:19 2022|MetricForClassification.py|INFO] 对比 | Num:   23 | P: 68.75 | R: 47.83 | F1: 56.41
[Fri May 13 09:36:19 2022|MetricForClassification.py|INFO] 引语 | Num:   62 | P: 94.12 | R: 77.42 | F1: 84.96
[Fri May 13 09:36:19 2022|MetricForClassification.py|INFO] Overall performance | Total num:  886 | P: 77.31 | R: 77.31 | Micro F1: 77.31 | Macro F1: 61.65
[Fri May 13 09:36:19 2022|TrainClassifier.py|INFO] epoch 6, iter 0, loss = 0.025397568941116333, lr=8.000000000000001e-06
[Fri May 13 09:36:24 2022|TrainClassifier.py|INFO] epoch 6, iter 50, loss = 0.01451790425926447, lr=7.957374254049447e-06
[Fri May 13 09:36:30 2022|TrainClassifier.py|INFO] epoch 6, iter 100, loss = 0.08139033615589142, lr=7.914748508098894e-06
[Fri May 13 09:36:35 2022|TrainClassifier.py|INFO] epoch 6, iter 150, loss = 0.012757917866110802, lr=7.872122762148339e-06
[Fri May 13 09:36:40 2022|TrainClassifier.py|INFO] epoch 6, iter 200, loss = 0.06588730961084366, lr=7.829497016197784e-06
[Fri May 13 09:36:46 2022|TrainClassifier.py|INFO] epoch 6, iter 250, loss = 0.04854399338364601, lr=7.786871270247231e-06
[Fri May 13 09:36:51 2022|TrainClassifier.py|INFO] epoch 6, iter 300, loss = 0.023630620911717415, lr=7.744245524296677e-06
[Fri May 13 09:36:56 2022|TrainClassifier.py|INFO] epoch 6, iter 350, loss = 0.13221992552280426, lr=7.701619778346122e-06
[Fri May 13 09:37:00 2022|TrainClassifier.py|INFO] Evaluation Result on epoch 6:
[Fri May 13 09:37:02 2022|MetricForClassification.py|INFO] 比喻 | Num:  306 | P: 82.45 | R: 85.95 | F1: 84.16
[Fri May 13 09:37:02 2022|MetricForClassification.py|INFO] 比拟 | Num:   94 | P: 53.54 | R: 72.34 | F1: 61.54
[Fri May 13 09:37:02 2022|MetricForClassification.py|INFO] 借代 | Num:   69 | P: 74.36 | R: 42.03 | F1: 53.70
[Fri May 13 09:37:02 2022|MetricForClassification.py|INFO] 夸张 | Num:   72 | P: 60.87 | R: 38.89 | F1: 47.46
[Fri May 13 09:37:02 2022|MetricForClassification.py|INFO] 反语 | Num:    4 | P:  0.00 | R:  0.00 | F1:  0.00
[Fri May 13 09:37:02 2022|MetricForClassification.py|INFO] 通感 | Num:    6 | P:  0.00 | R:  0.00 | F1:  0.00
[Fri May 13 09:37:02 2022|MetricForClassification.py|INFO] 问语 | Num:  115 | P: 91.80 | R: 97.39 | F1: 94.51
[Fri May 13 09:37:02 2022|MetricForClassification.py|INFO] 排比 | Num:   41 | P: 88.64 | R: 95.12 | F1: 91.76
[Fri May 13 09:37:02 2022|MetricForClassification.py|INFO] 对偶 | Num:   37 | P: 55.17 | R: 86.49 | F1: 67.37
[Fri May 13 09:37:02 2022|MetricForClassification.py|INFO] 反复 | Num:   57 | P: 90.00 | R: 94.74 | F1: 92.31
[Fri May 13 09:37:02 2022|MetricForClassification.py|INFO] 对比 | Num:   23 | P: 50.00 | R: 39.13 | F1: 43.90
[Fri May 13 09:37:02 2022|MetricForClassification.py|INFO] 引语 | Num:   62 | P: 92.16 | R: 75.81 | F1: 83.19
[Fri May 13 09:37:02 2022|MetricForClassification.py|INFO] Overall performance | Total num:  886 | P: 76.86 | R: 76.86 | Micro F1: 76.86 | Macro F1: 59.99
[Fri May 13 09:37:02 2022|TrainClassifier.py|INFO] epoch 7, iter 0, loss = 0.018299555405974388, lr=7.666666666666667e-06
[Fri May 13 09:37:08 2022|TrainClassifier.py|INFO] epoch 7, iter 50, loss = 0.052436262369155884, lr=7.624040920716113e-06
[Fri May 13 09:37:13 2022|TrainClassifier.py|INFO] epoch 7, iter 100, loss = 0.0256650410592556, lr=7.5814151747655595e-06
[Fri May 13 09:37:18 2022|TrainClassifier.py|INFO] epoch 7, iter 150, loss = 0.012860785238444805, lr=7.538789428815006e-06
[Fri May 13 09:37:24 2022|TrainClassifier.py|INFO] epoch 7, iter 200, loss = 0.011296676471829414, lr=7.496163682864451e-06
[Fri May 13 09:37:29 2022|TrainClassifier.py|INFO] epoch 7, iter 250, loss = 0.025985002517700195, lr=7.453537936913897e-06
[Fri May 13 09:37:34 2022|TrainClassifier.py|INFO] epoch 7, iter 300, loss = 0.06135207787156105, lr=7.410912190963342e-06
[Fri May 13 09:37:39 2022|TrainClassifier.py|INFO] epoch 7, iter 350, loss = 0.025277085602283478, lr=7.368286445012788e-06
[Fri May 13 09:37:44 2022|TrainClassifier.py|INFO] Evaluation Result on epoch 7:
[Fri May 13 09:37:45 2022|MetricForClassification.py|INFO] 比喻 | Num:  306 | P: 82.55 | R: 86.60 | F1: 84.53
[Fri May 13 09:37:45 2022|MetricForClassification.py|INFO] 比拟 | Num:   94 | P: 53.54 | R: 72.34 | F1: 61.54
[Fri May 13 09:37:45 2022|MetricForClassification.py|INFO] 借代 | Num:   69 | P: 71.74 | R: 47.83 | F1: 57.39
[Fri May 13 09:37:45 2022|MetricForClassification.py|INFO] 夸张 | Num:   72 | P: 60.87 | R: 38.89 | F1: 47.46
[Fri May 13 09:37:45 2022|MetricForClassification.py|INFO] 反语 | Num:    4 | P:  0.00 | R:  0.00 | F1:  0.00
[Fri May 13 09:37:45 2022|MetricForClassification.py|INFO] 通感 | Num:    6 | P:  0.00 | R:  0.00 | F1:  0.00
[Fri May 13 09:37:45 2022|MetricForClassification.py|INFO] 问语 | Num:  115 | P: 94.83 | R: 95.65 | F1: 95.24
[Fri May 13 09:37:45 2022|MetricForClassification.py|INFO] 排比 | Num:   41 | P: 88.37 | R: 92.68 | F1: 90.48
[Fri May 13 09:37:45 2022|MetricForClassification.py|INFO] 对偶 | Num:   37 | P: 63.27 | R: 83.78 | F1: 72.09
[Fri May 13 09:37:45 2022|MetricForClassification.py|INFO] 反复 | Num:   57 | P: 87.10 | R: 94.74 | F1: 90.76
[Fri May 13 09:37:45 2022|MetricForClassification.py|INFO] 对比 | Num:   23 | P: 50.00 | R: 39.13 | F1: 43.90
[Fri May 13 09:37:45 2022|MetricForClassification.py|INFO] 引语 | Num:   62 | P: 87.72 | R: 80.65 | F1: 84.03
[Fri May 13 09:37:45 2022|MetricForClassification.py|INFO] Overall performance | Total num:  886 | P: 77.43 | R: 77.43 | Micro F1: 77.43 | Macro F1: 60.62
[Fri May 13 09:37:45 2022|TrainClassifier.py|INFO] epoch 8, iter 0, loss = 0.01570820063352585, lr=7.333333333333333e-06
[Fri May 13 09:37:50 2022|TrainClassifier.py|INFO] epoch 8, iter 50, loss = 0.01961369253695011, lr=7.290707587382779e-06
[Fri May 13 09:37:55 2022|TrainClassifier.py|INFO] epoch 8, iter 100, loss = 0.016643274575471878, lr=7.2480818414322254e-06
[Fri May 13 09:38:00 2022|TrainClassifier.py|INFO] epoch 8, iter 150, loss = 0.006593494210392237, lr=7.205456095481671e-06
[Fri May 13 09:38:06 2022|TrainClassifier.py|INFO] epoch 8, iter 200, loss = 0.0526731014251709, lr=7.162830349531117e-06
[Fri May 13 09:38:12 2022|TrainClassifier.py|INFO] epoch 8, iter 250, loss = 0.07802749425172806, lr=7.120204603580563e-06
[Fri May 13 09:38:18 2022|TrainClassifier.py|INFO] epoch 8, iter 300, loss = 0.006053169257938862, lr=7.077578857630008e-06
[Fri May 13 09:38:24 2022|TrainClassifier.py|INFO] epoch 8, iter 350, loss = 0.006556324660778046, lr=7.0349531116794545e-06
[Fri May 13 09:38:29 2022|TrainClassifier.py|INFO] Evaluation Result on epoch 8:
[Fri May 13 09:38:30 2022|MetricForClassification.py|INFO] 比喻 | Num:  306 | P: 79.77 | R: 88.89 | F1: 84.08
[Fri May 13 09:38:30 2022|MetricForClassification.py|INFO] 比拟 | Num:   94 | P: 60.40 | R: 64.89 | F1: 62.56
[Fri May 13 09:38:30 2022|MetricForClassification.py|INFO] 借代 | Num:   69 | P: 64.29 | R: 52.17 | F1: 57.60
[Fri May 13 09:38:30 2022|MetricForClassification.py|INFO] 夸张 | Num:   72 | P: 62.50 | R: 41.67 | F1: 50.00
[Fri May 13 09:38:30 2022|MetricForClassification.py|INFO] 反语 | Num:    4 | P: 50.00 | R: 25.00 | F1: 33.33
[Fri May 13 09:38:30 2022|MetricForClassification.py|INFO] 通感 | Num:    6 | P:  0.00 | R:  0.00 | F1:  0.00
[Fri May 13 09:38:30 2022|MetricForClassification.py|INFO] 问语 | Num:  115 | P: 92.50 | R: 96.52 | F1: 94.47
[Fri May 13 09:38:30 2022|MetricForClassification.py|INFO] 排比 | Num:   41 | P: 82.98 | R: 95.12 | F1: 88.64
[Fri May 13 09:38:30 2022|MetricForClassification.py|INFO] 对偶 | Num:   37 | P: 65.91 | R: 78.38 | F1: 71.60
[Fri May 13 09:38:30 2022|MetricForClassification.py|INFO] 反复 | Num:   57 | P: 88.52 | R: 94.74 | F1: 91.53
[Fri May 13 09:38:30 2022|MetricForClassification.py|INFO] 对比 | Num:   23 | P: 62.50 | R: 43.48 | F1: 51.28
[Fri May 13 09:38:30 2022|MetricForClassification.py|INFO] 引语 | Num:   62 | P: 94.00 | R: 75.81 | F1: 83.93
[Fri May 13 09:38:30 2022|MetricForClassification.py|INFO] Overall performance | Total num:  886 | P: 77.88 | R: 77.88 | Micro F1: 77.88 | Macro F1: 64.09
[Fri May 13 09:38:31 2022|TrainClassifier.py|INFO] epoch 9, iter 0, loss = 0.004757076036185026, lr=7e-06
[Fri May 13 09:38:37 2022|TrainClassifier.py|INFO] epoch 9, iter 50, loss = 0.009177304804325104, lr=6.957374254049446e-06
[Fri May 13 09:38:42 2022|TrainClassifier.py|INFO] epoch 9, iter 100, loss = 0.010950475931167603, lr=6.914748508098892e-06
[Fri May 13 09:38:48 2022|TrainClassifier.py|INFO] epoch 9, iter 150, loss = 0.009901048615574837, lr=6.8721227621483375e-06
[Fri May 13 09:38:54 2022|TrainClassifier.py|INFO] epoch 9, iter 200, loss = 0.012528212741017342, lr=6.829497016197784e-06
[Fri May 13 09:38:59 2022|TrainClassifier.py|INFO] epoch 9, iter 250, loss = 0.04693242162466049, lr=6.78687127024723e-06
[Fri May 13 09:39:06 2022|TrainClassifier.py|INFO] epoch 9, iter 300, loss = 0.012824474833905697, lr=6.744245524296675e-06
[Fri May 13 09:39:12 2022|TrainClassifier.py|INFO] epoch 9, iter 350, loss = 0.005765918642282486, lr=6.701619778346121e-06
[Fri May 13 09:39:17 2022|TrainClassifier.py|INFO] Evaluation Result on epoch 9:
[Fri May 13 09:39:19 2022|MetricForClassification.py|INFO] 比喻 | Num:  306 | P: 76.23 | R: 91.18 | F1: 83.04
[Fri May 13 09:39:19 2022|MetricForClassification.py|INFO] 比拟 | Num:   94 | P: 65.52 | R: 60.64 | F1: 62.98
[Fri May 13 09:39:19 2022|MetricForClassification.py|INFO] 借代 | Num:   69 | P: 70.00 | R: 40.58 | F1: 51.38
[Fri May 13 09:39:19 2022|MetricForClassification.py|INFO] 夸张 | Num:   72 | P: 61.70 | R: 40.28 | F1: 48.74
[Fri May 13 09:39:19 2022|MetricForClassification.py|INFO] 反语 | Num:    4 | P:  0.00 | R:  0.00 | F1:  0.00
[Fri May 13 09:39:19 2022|MetricForClassification.py|INFO] 通感 | Num:    6 | P:  0.00 | R:  0.00 | F1:  0.00
[Fri May 13 09:39:19 2022|MetricForClassification.py|INFO] 问语 | Num:  115 | P: 91.87 | R: 98.26 | F1: 94.96
[Fri May 13 09:39:19 2022|MetricForClassification.py|INFO] 排比 | Num:   41 | P: 88.64 | R: 95.12 | F1: 91.76
[Fri May 13 09:39:19 2022|MetricForClassification.py|INFO] 对偶 | Num:   37 | P: 66.67 | R: 75.68 | F1: 70.89
[Fri May 13 09:39:19 2022|MetricForClassification.py|INFO] 反复 | Num:   57 | P: 90.16 | R: 96.49 | F1: 93.22
[Fri May 13 09:39:19 2022|MetricForClassification.py|INFO] 对比 | Num:   23 | P: 55.00 | R: 47.83 | F1: 51.16
[Fri May 13 09:39:19 2022|MetricForClassification.py|INFO] 引语 | Num:   62 | P: 90.74 | R: 79.03 | F1: 84.48
[Fri May 13 09:39:19 2022|MetricForClassification.py|INFO] Overall performance | Total num:  886 | P: 77.65 | R: 77.65 | Micro F1: 77.65 | Macro F1: 61.05
[Fri May 13 09:39:19 2022|TrainClassifier.py|INFO] epoch 10, iter 0, loss = 0.004649635870009661, lr=6.666666666666667e-06
[Fri May 13 09:39:25 2022|TrainClassifier.py|INFO] epoch 10, iter 50, loss = 0.07735048234462738, lr=6.624040920716113e-06
[Fri May 13 09:39:31 2022|TrainClassifier.py|INFO] epoch 10, iter 100, loss = 0.006671349983662367, lr=6.581415174765559e-06
[Fri May 13 09:39:36 2022|TrainClassifier.py|INFO] epoch 10, iter 150, loss = 0.006655627861618996, lr=6.538789428815004e-06
[Fri May 13 09:39:42 2022|TrainClassifier.py|INFO] epoch 10, iter 200, loss = 0.014209488406777382, lr=6.49616368286445e-06
[Fri May 13 09:39:47 2022|TrainClassifier.py|INFO] epoch 10, iter 250, loss = 0.056793197989463806, lr=6.4535379369138966e-06
[Fri May 13 09:39:53 2022|TrainClassifier.py|INFO] epoch 10, iter 300, loss = 0.014481090940535069, lr=6.410912190963342e-06
[Fri May 13 09:39:58 2022|TrainClassifier.py|INFO] epoch 10, iter 350, loss = 0.05344473943114281, lr=6.368286445012788e-06
[Fri May 13 09:40:03 2022|TrainClassifier.py|INFO] Evaluation Result on epoch 10:
[Fri May 13 09:40:05 2022|MetricForClassification.py|INFO] 比喻 | Num:  306 | P: 80.90 | R: 88.56 | F1: 84.56
[Fri May 13 09:40:05 2022|MetricForClassification.py|INFO] 比拟 | Num:   94 | P: 60.55 | R: 70.21 | F1: 65.02
[Fri May 13 09:40:05 2022|MetricForClassification.py|INFO] 借代 | Num:   69 | P: 72.50 | R: 42.03 | F1: 53.21
[Fri May 13 09:40:05 2022|MetricForClassification.py|INFO] 夸张 | Num:   72 | P: 58.33 | R: 48.61 | F1: 53.03
[Fri May 13 09:40:05 2022|MetricForClassification.py|INFO] 反语 | Num:    4 | P:  0.00 | R:  0.00 | F1:  0.00
[Fri May 13 09:40:05 2022|MetricForClassification.py|INFO] 通感 | Num:    6 | P:  0.00 | R:  0.00 | F1:  0.00
[Fri May 13 09:40:05 2022|MetricForClassification.py|INFO] 问语 | Num:  115 | P: 96.43 | R: 93.91 | F1: 95.15
[Fri May 13 09:40:05 2022|MetricForClassification.py|INFO] 排比 | Num:   41 | P: 88.64 | R: 95.12 | F1: 91.76
[Fri May 13 09:40:05 2022|MetricForClassification.py|INFO] 对偶 | Num:   37 | P: 59.26 | R: 86.49 | F1: 70.33
[Fri May 13 09:40:05 2022|MetricForClassification.py|INFO] 反复 | Num:   57 | P: 91.67 | R: 96.49 | F1: 94.02
[Fri May 13 09:40:05 2022|MetricForClassification.py|INFO] 对比 | Num:   23 | P: 57.14 | R: 34.78 | F1: 43.24
[Fri May 13 09:40:05 2022|MetricForClassification.py|INFO] 引语 | Num:   62 | P: 92.86 | R: 83.87 | F1: 88.14
[Fri May 13 09:40:05 2022|MetricForClassification.py|INFO] Overall performance | Total num:  886 | P: 78.44 | R: 78.44 | Micro F1: 78.44 | Macro F1: 61.54
[Fri May 13 09:40:05 2022|TrainClassifier.py|INFO] Saving model for checkpoint 10
[Fri May 13 09:40:08 2022|TrainClassifier.py|INFO] epoch 11, iter 0, loss = 0.005895460490137339, lr=6.333333333333333e-06
[Fri May 13 09:40:13 2022|TrainClassifier.py|INFO] epoch 11, iter 50, loss = 0.04561986029148102, lr=6.2907075873827796e-06
[Fri May 13 09:40:19 2022|TrainClassifier.py|INFO] epoch 11, iter 100, loss = 0.10656813532114029, lr=6.248081841432226e-06
[Fri May 13 09:40:24 2022|TrainClassifier.py|INFO] epoch 11, iter 150, loss = 0.007146409712731838, lr=6.205456095481671e-06
[Fri May 13 09:40:30 2022|TrainClassifier.py|INFO] epoch 11, iter 200, loss = 0.00265925913117826, lr=6.162830349531117e-06
[Fri May 13 09:40:35 2022|TrainClassifier.py|INFO] epoch 11, iter 250, loss = 0.0032612180802971125, lr=6.120204603580563e-06
[Fri May 13 09:40:40 2022|TrainClassifier.py|INFO] epoch 11, iter 300, loss = 0.008555098436772823, lr=6.077578857630009e-06
[Fri May 13 09:40:46 2022|TrainClassifier.py|INFO] epoch 11, iter 350, loss = 0.0028258070815354586, lr=6.034953111679455e-06
[Fri May 13 09:40:50 2022|TrainClassifier.py|INFO] Evaluation Result on epoch 11:
[Fri May 13 09:40:52 2022|MetricForClassification.py|INFO] 比喻 | Num:  306 | P: 77.25 | R: 89.87 | F1: 83.08
[Fri May 13 09:40:52 2022|MetricForClassification.py|INFO] 比拟 | Num:   94 | P: 56.88 | R: 65.96 | F1: 61.08
[Fri May 13 09:40:52 2022|MetricForClassification.py|INFO] 借代 | Num:   69 | P: 78.12 | R: 36.23 | F1: 49.50
[Fri May 13 09:40:52 2022|MetricForClassification.py|INFO] 夸张 | Num:   72 | P: 62.22 | R: 38.89 | F1: 47.86
[Fri May 13 09:40:52 2022|MetricForClassification.py|INFO] 反语 | Num:    4 | P:  0.00 | R:  0.00 | F1:  0.00
[Fri May 13 09:40:52 2022|MetricForClassification.py|INFO] 通感 | Num:    6 | P:  0.00 | R:  0.00 | F1:  0.00
[Fri May 13 09:40:52 2022|MetricForClassification.py|INFO] 问语 | Num:  115 | P: 95.61 | R: 94.78 | F1: 95.20
[Fri May 13 09:40:52 2022|MetricForClassification.py|INFO] 排比 | Num:   41 | P: 86.96 | R: 97.56 | F1: 91.95
[Fri May 13 09:40:52 2022|MetricForClassification.py|INFO] 对偶 | Num:   37 | P: 63.04 | R: 78.38 | F1: 69.88
[Fri May 13 09:40:52 2022|MetricForClassification.py|INFO] 反复 | Num:   57 | P: 84.62 | R: 96.49 | F1: 90.16
[Fri May 13 09:40:52 2022|MetricForClassification.py|INFO] 对比 | Num:   23 | P: 52.63 | R: 43.48 | F1: 47.62
[Fri May 13 09:40:52 2022|MetricForClassification.py|INFO] 引语 | Num:   62 | P: 92.59 | R: 80.65 | F1: 86.21
[Fri May 13 09:40:52 2022|MetricForClassification.py|INFO] Overall performance | Total num:  886 | P: 77.09 | R: 77.09 | Micro F1: 77.09 | Macro F1: 60.21
[Fri May 13 09:40:52 2022|TrainClassifier.py|INFO] epoch 12, iter 0, loss = 0.0023585986346006393, lr=6e-06
[Fri May 13 09:40:57 2022|TrainClassifier.py|INFO] epoch 12, iter 50, loss = 0.0036526063922792673, lr=5.957374254049446e-06
[Fri May 13 09:41:03 2022|TrainClassifier.py|INFO] epoch 12, iter 100, loss = 0.006657685153186321, lr=5.914748508098892e-06
[Fri May 13 09:41:08 2022|TrainClassifier.py|INFO] epoch 12, iter 150, loss = 0.006058072671294212, lr=5.872122762148338e-06
[Fri May 13 09:41:14 2022|TrainClassifier.py|INFO] epoch 12, iter 200, loss = 0.004571445751935244, lr=5.829497016197784e-06
[Fri May 13 09:41:19 2022|TrainClassifier.py|INFO] epoch 12, iter 250, loss = 0.019856082275509834, lr=5.786871270247229e-06
[Fri May 13 09:41:25 2022|TrainClassifier.py|INFO] epoch 12, iter 300, loss = 0.001848149113357067, lr=5.744245524296675e-06
[Fri May 13 09:41:30 2022|TrainClassifier.py|INFO] epoch 12, iter 350, loss = 0.0015251333825290203, lr=5.7016197783461215e-06
[Fri May 13 09:41:35 2022|TrainClassifier.py|INFO] Evaluation Result on epoch 12:
[Fri May 13 09:41:36 2022|MetricForClassification.py|INFO] 比喻 | Num:  306 | P: 81.08 | R: 88.24 | F1: 84.51
[Fri May 13 09:41:36 2022|MetricForClassification.py|INFO] 比拟 | Num:   94 | P: 56.45 | R: 74.47 | F1: 64.22
[Fri May 13 09:41:36 2022|MetricForClassification.py|INFO] 借代 | Num:   69 | P: 69.77 | R: 43.48 | F1: 53.57
[Fri May 13 09:41:36 2022|MetricForClassification.py|INFO] 夸张 | Num:   72 | P: 68.42 | R: 36.11 | F1: 47.27
[Fri May 13 09:41:36 2022|MetricForClassification.py|INFO] 反语 | Num:    4 | P:  0.00 | R:  0.00 | F1:  0.00
[Fri May 13 09:41:36 2022|MetricForClassification.py|INFO] 通感 | Num:    6 | P:  0.00 | R:  0.00 | F1:  0.00
[Fri May 13 09:41:36 2022|MetricForClassification.py|INFO] 问语 | Num:  115 | P: 94.02 | R: 95.65 | F1: 94.83
[Fri May 13 09:41:36 2022|MetricForClassification.py|INFO] 排比 | Num:   41 | P: 88.89 | R: 97.56 | F1: 93.02
[Fri May 13 09:41:36 2022|MetricForClassification.py|INFO] 对偶 | Num:   37 | P: 56.14 | R: 86.49 | F1: 68.09
[Fri May 13 09:41:36 2022|MetricForClassification.py|INFO] 反复 | Num:   57 | P: 91.67 | R: 96.49 | F1: 94.02
[Fri May 13 09:41:36 2022|MetricForClassification.py|INFO] 对比 | Num:   23 | P: 56.25 | R: 39.13 | F1: 46.15
[Fri May 13 09:41:36 2022|MetricForClassification.py|INFO] 引语 | Num:   62 | P: 98.00 | R: 79.03 | F1: 87.50
[Fri May 13 09:41:36 2022|MetricForClassification.py|INFO] Overall performance | Total num:  886 | P: 77.99 | R: 77.99 | Micro F1: 77.99 | Macro F1: 61.10
[Fri May 13 09:41:37 2022|TrainClassifier.py|INFO] epoch 13, iter 0, loss = 0.022877268493175507, lr=5.666666666666667e-06
[Fri May 13 09:41:42 2022|TrainClassifier.py|INFO] epoch 13, iter 50, loss = 0.0025191225577145815, lr=5.624040920716113e-06
[Fri May 13 09:41:48 2022|TrainClassifier.py|INFO] epoch 13, iter 100, loss = 0.0037306363228708506, lr=5.581415174765558e-06
[Fri May 13 09:41:54 2022|TrainClassifier.py|INFO] epoch 13, iter 150, loss = 0.001830005319789052, lr=5.5387894288150045e-06
[Fri May 13 09:42:00 2022|TrainClassifier.py|INFO] epoch 13, iter 200, loss = 0.04533922299742699, lr=5.496163682864451e-06
[Fri May 13 09:42:06 2022|TrainClassifier.py|INFO] epoch 13, iter 250, loss = 0.0021986369974911213, lr=5.453537936913896e-06
[Fri May 13 09:42:12 2022|TrainClassifier.py|INFO] epoch 13, iter 300, loss = 0.0035555704962462187, lr=5.410912190963342e-06
[Fri May 13 09:42:17 2022|TrainClassifier.py|INFO] epoch 13, iter 350, loss = 0.0010893985163420439, lr=5.368286445012788e-06
[Fri May 13 09:42:22 2022|TrainClassifier.py|INFO] Evaluation Result on epoch 13:
[Fri May 13 09:42:23 2022|MetricForClassification.py|INFO] 比喻 | Num:  306 | P: 81.14 | R: 88.56 | F1: 84.69
[Fri May 13 09:42:23 2022|MetricForClassification.py|INFO] 比拟 | Num:   94 | P: 59.46 | R: 70.21 | F1: 64.39
[Fri May 13 09:42:23 2022|MetricForClassification.py|INFO] 借代 | Num:   69 | P: 66.00 | R: 47.83 | F1: 55.46
[Fri May 13 09:42:23 2022|MetricForClassification.py|INFO] 夸张 | Num:   72 | P: 60.42 | R: 40.28 | F1: 48.33
[Fri May 13 09:42:23 2022|MetricForClassification.py|INFO] 反语 | Num:    4 | P:  0.00 | R:  0.00 | F1:  0.00
[Fri May 13 09:42:23 2022|MetricForClassification.py|INFO] 通感 | Num:    6 | P:  0.00 | R:  0.00 | F1:  0.00
[Fri May 13 09:42:23 2022|MetricForClassification.py|INFO] 问语 | Num:  115 | P: 94.83 | R: 95.65 | F1: 95.24
[Fri May 13 09:42:23 2022|MetricForClassification.py|INFO] 排比 | Num:   41 | P: 86.67 | R: 95.12 | F1: 90.70
[Fri May 13 09:42:23 2022|MetricForClassification.py|INFO] 对偶 | Num:   37 | P: 63.04 | R: 78.38 | F1: 69.88
[Fri May 13 09:42:23 2022|MetricForClassification.py|INFO] 反复 | Num:   57 | P: 87.30 | R: 96.49 | F1: 91.67
[Fri May 13 09:42:23 2022|MetricForClassification.py|INFO] 对比 | Num:   23 | P: 58.82 | R: 43.48 | F1: 50.00
[Fri May 13 09:42:23 2022|MetricForClassification.py|INFO] 引语 | Num:   62 | P: 89.09 | R: 79.03 | F1: 83.76
[Fri May 13 09:42:23 2022|MetricForClassification.py|INFO] Overall performance | Total num:  886 | P: 77.99 | R: 77.99 | Micro F1: 77.99 | Macro F1: 61.18
[Fri May 13 09:42:23 2022|TrainClassifier.py|INFO] epoch 14, iter 0, loss = 0.004955558106303215, lr=5.333333333333334e-06
[Fri May 13 09:42:29 2022|TrainClassifier.py|INFO] epoch 14, iter 50, loss = 0.0008601595764048398, lr=5.29070758738278e-06
[Fri May 13 09:42:34 2022|TrainClassifier.py|INFO] epoch 14, iter 100, loss = 0.011913135647773743, lr=5.248081841432225e-06
[Fri May 13 09:42:39 2022|TrainClassifier.py|INFO] epoch 14, iter 150, loss = 0.0016986408736556768, lr=5.205456095481671e-06
[Fri May 13 09:42:45 2022|TrainClassifier.py|INFO] epoch 14, iter 200, loss = 0.003389546414837241, lr=5.162830349531117e-06
[Fri May 13 09:42:50 2022|TrainClassifier.py|INFO] epoch 14, iter 250, loss = 0.0041285352781414986, lr=5.120204603580563e-06
[Fri May 13 09:42:56 2022|TrainClassifier.py|INFO] epoch 14, iter 300, loss = 0.004679515026509762, lr=5.077578857630009e-06
[Fri May 13 09:43:02 2022|TrainClassifier.py|INFO] epoch 14, iter 350, loss = 0.0008333513396792114, lr=5.034953111679455e-06
[Fri May 13 09:43:06 2022|TrainClassifier.py|INFO] Evaluation Result on epoch 14:
[Fri May 13 09:43:07 2022|MetricForClassification.py|INFO] 比喻 | Num:  306 | P: 76.55 | R: 88.56 | F1: 82.12
[Fri May 13 09:43:07 2022|MetricForClassification.py|INFO] 比拟 | Num:   94 | P: 60.87 | R: 59.57 | F1: 60.22
[Fri May 13 09:43:07 2022|MetricForClassification.py|INFO] 借代 | Num:   69 | P: 72.09 | R: 44.93 | F1: 55.36
[Fri May 13 09:43:07 2022|MetricForClassification.py|INFO] 夸张 | Num:   72 | P: 58.62 | R: 47.22 | F1: 52.31
[Fri May 13 09:43:07 2022|MetricForClassification.py|INFO] 反语 | Num:    4 | P:  0.00 | R:  0.00 | F1:  0.00
[Fri May 13 09:43:07 2022|MetricForClassification.py|INFO] 通感 | Num:    6 | P:  0.00 | R:  0.00 | F1:  0.00
[Fri May 13 09:43:07 2022|MetricForClassification.py|INFO] 问语 | Num:  115 | P: 96.46 | R: 94.78 | F1: 95.61
[Fri May 13 09:43:07 2022|MetricForClassification.py|INFO] 排比 | Num:   41 | P: 88.64 | R: 95.12 | F1: 91.76
[Fri May 13 09:43:07 2022|MetricForClassification.py|INFO] 对偶 | Num:   37 | P: 66.67 | R: 81.08 | F1: 73.17
[Fri May 13 09:43:07 2022|MetricForClassification.py|INFO] 反复 | Num:   57 | P: 87.30 | R: 96.49 | F1: 91.67
[Fri May 13 09:43:07 2022|MetricForClassification.py|INFO] 对比 | Num:   23 | P: 66.67 | R: 43.48 | F1: 52.63
[Fri May 13 09:43:07 2022|MetricForClassification.py|INFO] 引语 | Num:   62 | P: 91.38 | R: 85.48 | F1: 88.33
[Fri May 13 09:43:07 2022|MetricForClassification.py|INFO] Overall performance | Total num:  886 | P: 77.65 | R: 77.65 | Micro F1: 77.65 | Macro F1: 61.93
[Fri May 13 09:43:07 2022|TrainClassifier.py|INFO] epoch 15, iter 0, loss = 0.0027051111683249474, lr=5e-06
[Fri May 13 09:43:13 2022|TrainClassifier.py|INFO] epoch 15, iter 50, loss = 0.0018232044531032443, lr=4.9573742540494466e-06
[Fri May 13 09:43:18 2022|TrainClassifier.py|INFO] epoch 15, iter 100, loss = 0.001370905782096088, lr=4.914748508098892e-06
[Fri May 13 09:43:24 2022|TrainClassifier.py|INFO] epoch 15, iter 150, loss = 0.003989742137491703, lr=4.872122762148338e-06
[Fri May 13 09:43:30 2022|TrainClassifier.py|INFO] epoch 15, iter 200, loss = 0.0052170115523040295, lr=4.829497016197784e-06
[Fri May 13 09:43:35 2022|TrainClassifier.py|INFO] epoch 15, iter 250, loss = 0.003029043320566416, lr=4.7868712702472295e-06
[Fri May 13 09:43:41 2022|TrainClassifier.py|INFO] epoch 15, iter 300, loss = 0.0024860212579369545, lr=4.744245524296676e-06
[Fri May 13 09:43:46 2022|TrainClassifier.py|INFO] epoch 15, iter 350, loss = 0.0037591569125652313, lr=4.701619778346122e-06
[Fri May 13 09:43:50 2022|TrainClassifier.py|INFO] Evaluation Result on epoch 15:
[Fri May 13 09:43:52 2022|MetricForClassification.py|INFO] 比喻 | Num:  306 | P: 83.28 | R: 86.27 | F1: 84.75
[Fri May 13 09:43:52 2022|MetricForClassification.py|INFO] 比拟 | Num:   94 | P: 58.33 | R: 67.02 | F1: 62.38
[Fri May 13 09:43:52 2022|MetricForClassification.py|INFO] 借代 | Num:   69 | P: 66.04 | R: 50.72 | F1: 57.38
[Fri May 13 09:43:52 2022|MetricForClassification.py|INFO] 夸张 | Num:   72 | P: 57.89 | R: 45.83 | F1: 51.16
[Fri May 13 09:43:52 2022|MetricForClassification.py|INFO] 反语 | Num:    4 | P:  0.00 | R:  0.00 | F1:  0.00
[Fri May 13 09:43:52 2022|MetricForClassification.py|INFO] 通感 | Num:    6 | P:  0.00 | R:  0.00 | F1:  0.00
[Fri May 13 09:43:52 2022|MetricForClassification.py|INFO] 问语 | Num:  115 | P: 89.76 | R: 99.13 | F1: 94.21
[Fri May 13 09:43:52 2022|MetricForClassification.py|INFO] 排比 | Num:   41 | P: 90.91 | R: 97.56 | F1: 94.12
[Fri May 13 09:43:52 2022|MetricForClassification.py|INFO] 对偶 | Num:   37 | P: 69.77 | R: 81.08 | F1: 75.00
[Fri May 13 09:43:52 2022|MetricForClassification.py|INFO] 反复 | Num:   57 | P: 88.52 | R: 94.74 | F1: 91.53
[Fri May 13 09:43:52 2022|MetricForClassification.py|INFO] 对比 | Num:   23 | P: 55.00 | R: 47.83 | F1: 51.16
[Fri May 13 09:43:52 2022|MetricForClassification.py|INFO] 引语 | Num:   62 | P: 92.59 | R: 80.65 | F1: 86.21
[Fri May 13 09:43:52 2022|MetricForClassification.py|INFO] Overall performance | Total num:  886 | P: 78.33 | R: 78.33 | Micro F1: 78.33 | Macro F1: 62.32
[Fri May 13 09:43:52 2022|TrainClassifier.py|INFO] epoch 16, iter 0, loss = 0.001205664244480431, lr=4.666666666666667e-06
[Fri May 13 09:43:57 2022|TrainClassifier.py|INFO] epoch 16, iter 50, loss = 0.0030398995149880648, lr=4.624040920716113e-06
[Fri May 13 09:44:02 2022|TrainClassifier.py|INFO] epoch 16, iter 100, loss = 0.0022614365443587303, lr=4.581415174765559e-06
[Fri May 13 09:44:08 2022|TrainClassifier.py|INFO] epoch 16, iter 150, loss = 0.0014048339799046516, lr=4.538789428815005e-06
[Fri May 13 09:44:14 2022|TrainClassifier.py|INFO] epoch 16, iter 200, loss = 0.009133776649832726, lr=4.496163682864451e-06
[Fri May 13 09:44:19 2022|TrainClassifier.py|INFO] epoch 16, iter 250, loss = 0.0015672503504902124, lr=4.453537936913896e-06
[Fri May 13 09:44:25 2022|TrainClassifier.py|INFO] epoch 16, iter 300, loss = 0.011773721314966679, lr=4.410912190963342e-06
[Fri May 13 09:44:30 2022|TrainClassifier.py|INFO] epoch 16, iter 350, loss = 0.0007522141677327454, lr=4.3682864450127885e-06
[Fri May 13 09:44:34 2022|TrainClassifier.py|INFO] Evaluation Result on epoch 16:
[Fri May 13 09:44:35 2022|MetricForClassification.py|INFO] 比喻 | Num:  306 | P: 82.01 | R: 87.91 | F1: 84.86
[Fri May 13 09:44:35 2022|MetricForClassification.py|INFO] 比拟 | Num:   94 | P: 63.73 | R: 69.15 | F1: 66.33
[Fri May 13 09:44:35 2022|MetricForClassification.py|INFO] 借代 | Num:   69 | P: 69.09 | R: 55.07 | F1: 61.29
[Fri May 13 09:44:35 2022|MetricForClassification.py|INFO] 夸张 | Num:   72 | P: 58.82 | R: 41.67 | F1: 48.78
[Fri May 13 09:44:35 2022|MetricForClassification.py|INFO] 反语 | Num:    4 | P:  0.00 | R:  0.00 | F1:  0.00
[Fri May 13 09:44:35 2022|MetricForClassification.py|INFO] 通感 | Num:    6 | P:  0.00 | R:  0.00 | F1:  0.00
[Fri May 13 09:44:35 2022|MetricForClassification.py|INFO] 问语 | Num:  115 | P: 94.92 | R: 97.39 | F1: 96.14
[Fri May 13 09:44:35 2022|MetricForClassification.py|INFO] 排比 | Num:   41 | P: 88.64 | R: 95.12 | F1: 91.76
[Fri May 13 09:44:35 2022|MetricForClassification.py|INFO] 对偶 | Num:   37 | P: 63.27 | R: 83.78 | F1: 72.09
[Fri May 13 09:44:35 2022|MetricForClassification.py|INFO] 反复 | Num:   57 | P: 91.67 | R: 96.49 | F1: 94.02
[Fri May 13 09:44:35 2022|MetricForClassification.py|INFO] 对比 | Num:   23 | P: 50.00 | R: 39.13 | F1: 43.90
[Fri May 13 09:44:35 2022|MetricForClassification.py|INFO] 引语 | Num:   62 | P: 91.80 | R: 90.32 | F1: 91.06
[Fri May 13 09:44:35 2022|MetricForClassification.py|INFO] Overall performance | Total num:  886 | P: 79.46 | R: 79.46 | Micro F1: 79.46 | Macro F1: 62.52
[Fri May 13 09:44:35 2022|TrainClassifier.py|INFO] Saving model for checkpoint 16
[Fri May 13 09:44:39 2022|TrainClassifier.py|INFO] epoch 17, iter 0, loss = 0.016050618141889572, lr=4.333333333333334e-06
[Fri May 13 09:44:44 2022|TrainClassifier.py|INFO] epoch 17, iter 50, loss = 0.008272034116089344, lr=4.29070758738278e-06
[Fri May 13 09:44:49 2022|TrainClassifier.py|INFO] epoch 17, iter 100, loss = 0.0008065225556492805, lr=4.248081841432225e-06
[Fri May 13 09:44:54 2022|TrainClassifier.py|INFO] epoch 17, iter 150, loss = 0.004004153423011303, lr=4.2054560954816715e-06
[Fri May 13 09:45:00 2022|TrainClassifier.py|INFO] epoch 17, iter 200, loss = 0.023462768644094467, lr=4.162830349531118e-06
[Fri May 13 09:45:04 2022|TrainClassifier.py|INFO] epoch 17, iter 250, loss = 0.0016892044804990292, lr=4.120204603580563e-06
[Fri May 13 09:45:09 2022|TrainClassifier.py|INFO] epoch 17, iter 300, loss = 0.0007110589649528265, lr=4.077578857630009e-06
[Fri May 13 09:45:14 2022|TrainClassifier.py|INFO] epoch 17, iter 350, loss = 0.0011811322765424848, lr=4.034953111679455e-06
[Fri May 13 09:45:17 2022|TrainClassifier.py|INFO] Evaluation Result on epoch 17:
[Fri May 13 09:45:19 2022|MetricForClassification.py|INFO] 比喻 | Num:  306 | P: 81.73 | R: 86.27 | F1: 83.94
[Fri May 13 09:45:19 2022|MetricForClassification.py|INFO] 比拟 | Num:   94 | P: 55.83 | R: 71.28 | F1: 62.62
[Fri May 13 09:45:19 2022|MetricForClassification.py|INFO] 借代 | Num:   69 | P: 73.91 | R: 49.28 | F1: 59.13
[Fri May 13 09:45:19 2022|MetricForClassification.py|INFO] 夸张 | Num:   72 | P: 60.78 | R: 43.06 | F1: 50.41
[Fri May 13 09:45:19 2022|MetricForClassification.py|INFO] 反语 | Num:    4 | P:  0.00 | R:  0.00 | F1:  0.00
[Fri May 13 09:45:19 2022|MetricForClassification.py|INFO] 通感 | Num:    6 | P:  0.00 | R:  0.00 | F1:  0.00
[Fri May 13 09:45:19 2022|MetricForClassification.py|INFO] 问语 | Num:  115 | P: 94.02 | R: 95.65 | F1: 94.83
[Fri May 13 09:45:19 2022|MetricForClassification.py|INFO] 排比 | Num:   41 | P: 86.96 | R: 97.56 | F1: 91.95
[Fri May 13 09:45:19 2022|MetricForClassification.py|INFO] 对偶 | Num:   37 | P: 58.00 | R: 78.38 | F1: 66.67
[Fri May 13 09:45:19 2022|MetricForClassification.py|INFO] 反复 | Num:   57 | P: 87.30 | R: 96.49 | F1: 91.67
[Fri May 13 09:45:19 2022|MetricForClassification.py|INFO] 对比 | Num:   23 | P: 42.86 | R: 39.13 | F1: 40.91
[Fri May 13 09:45:19 2022|MetricForClassification.py|INFO] 引语 | Num:   62 | P: 95.83 | R: 74.19 | F1: 83.64
[Fri May 13 09:45:19 2022|MetricForClassification.py|INFO] Overall performance | Total num:  886 | P: 77.31 | R: 77.31 | Micro F1: 77.31 | Macro F1: 60.48
[Fri May 13 09:45:19 2022|TrainClassifier.py|INFO] epoch 18, iter 0, loss = 0.011374371126294136, lr=4.000000000000001e-06
[Fri May 13 09:45:23 2022|TrainClassifier.py|INFO] epoch 18, iter 50, loss = 0.0006810108898207545, lr=3.957374254049447e-06
[Fri May 13 09:45:28 2022|TrainClassifier.py|INFO] epoch 18, iter 100, loss = 0.003074211999773979, lr=3.914748508098892e-06
[Fri May 13 09:45:33 2022|TrainClassifier.py|INFO] epoch 18, iter 150, loss = 0.0018572418484836817, lr=3.872122762148338e-06
[Fri May 13 09:45:38 2022|TrainClassifier.py|INFO] epoch 18, iter 200, loss = 0.003780892351642251, lr=3.8294970161977844e-06
[Fri May 13 09:45:43 2022|TrainClassifier.py|INFO] epoch 18, iter 250, loss = 0.003092473838478327, lr=3.7868712702472297e-06
[Fri May 13 09:45:48 2022|TrainClassifier.py|INFO] epoch 18, iter 300, loss = 0.0007236451492644846, lr=3.744245524296676e-06
[Fri May 13 09:45:53 2022|TrainClassifier.py|INFO] epoch 18, iter 350, loss = 0.0006800578557886183, lr=3.7016197783461216e-06
[Fri May 13 09:45:57 2022|TrainClassifier.py|INFO] Evaluation Result on epoch 18:
[Fri May 13 09:45:58 2022|MetricForClassification.py|INFO] 比喻 | Num:  306 | P: 78.06 | R: 89.54 | F1: 83.41
[Fri May 13 09:45:58 2022|MetricForClassification.py|INFO] 比拟 | Num:   94 | P: 58.77 | R: 71.28 | F1: 64.42
[Fri May 13 09:45:58 2022|MetricForClassification.py|INFO] 借代 | Num:   69 | P: 68.75 | R: 47.83 | F1: 56.41
[Fri May 13 09:45:58 2022|MetricForClassification.py|INFO] 夸张 | Num:   72 | P: 64.44 | R: 40.28 | F1: 49.57
[Fri May 13 09:45:58 2022|MetricForClassification.py|INFO] 反语 | Num:    4 | P: 50.00 | R: 25.00 | F1: 33.33
[Fri May 13 09:45:58 2022|MetricForClassification.py|INFO] 通感 | Num:    6 | P:  0.00 | R:  0.00 | F1:  0.00
[Fri May 13 09:45:58 2022|MetricForClassification.py|INFO] 问语 | Num:  115 | P: 94.12 | R: 97.39 | F1: 95.73
[Fri May 13 09:45:58 2022|MetricForClassification.py|INFO] 排比 | Num:   41 | P: 86.67 | R: 95.12 | F1: 90.70
[Fri May 13 09:45:58 2022|MetricForClassification.py|INFO] 对偶 | Num:   37 | P: 64.86 | R: 64.86 | F1: 64.86
[Fri May 13 09:45:58 2022|MetricForClassification.py|INFO] 反复 | Num:   57 | P: 88.71 | R: 96.49 | F1: 92.44
[Fri May 13 09:45:58 2022|MetricForClassification.py|INFO] 对比 | Num:   23 | P: 73.33 | R: 47.83 | F1: 57.89
[Fri May 13 09:45:58 2022|MetricForClassification.py|INFO] 引语 | Num:   62 | P: 95.83 | R: 74.19 | F1: 83.64
[Fri May 13 09:45:58 2022|MetricForClassification.py|INFO] Overall performance | Total num:  886 | P: 77.99 | R: 77.99 | Micro F1: 77.99 | Macro F1: 64.37
[Fri May 13 09:45:58 2022|TrainClassifier.py|INFO] epoch 19, iter 0, loss = 0.024967219680547714, lr=3.6666666666666666e-06
[Fri May 13 09:46:03 2022|TrainClassifier.py|INFO] epoch 19, iter 50, loss = 0.0037337997928261757, lr=3.6240409207161127e-06
[Fri May 13 09:46:08 2022|TrainClassifier.py|INFO] epoch 19, iter 100, loss = 0.003838479984551668, lr=3.5814151747655585e-06
[Fri May 13 09:46:13 2022|TrainClassifier.py|INFO] epoch 19, iter 150, loss = 0.00047975112101994455, lr=3.538789428815004e-06
[Fri May 13 09:46:18 2022|TrainClassifier.py|INFO] epoch 19, iter 200, loss = 0.0016532137524336576, lr=3.4961636828644503e-06
[Fri May 13 09:46:22 2022|TrainClassifier.py|INFO] epoch 19, iter 250, loss = 0.002338041551411152, lr=3.453537936913896e-06
[Fri May 13 09:46:27 2022|TrainClassifier.py|INFO] epoch 19, iter 300, loss = 0.0021391790360212326, lr=3.4109121909633418e-06
[Fri May 13 09:46:32 2022|TrainClassifier.py|INFO] epoch 19, iter 350, loss = 0.0003512779076118022, lr=3.368286445012788e-06
[Fri May 13 09:46:36 2022|TrainClassifier.py|INFO] Evaluation Result on epoch 19:
[Fri May 13 09:46:38 2022|MetricForClassification.py|INFO] 比喻 | Num:  306 | P: 79.07 | R: 88.89 | F1: 83.69
[Fri May 13 09:46:38 2022|MetricForClassification.py|INFO] 比拟 | Num:   94 | P: 63.73 | R: 69.15 | F1: 66.33
[Fri May 13 09:46:38 2022|MetricForClassification.py|INFO] 借代 | Num:   69 | P: 70.00 | R: 50.72 | F1: 58.82
[Fri May 13 09:46:38 2022|MetricForClassification.py|INFO] 夸张 | Num:   72 | P: 59.18 | R: 40.28 | F1: 47.93
[Fri May 13 09:46:38 2022|MetricForClassification.py|INFO] 反语 | Num:    4 | P:  0.00 | R:  0.00 | F1:  0.00
[Fri May 13 09:46:38 2022|MetricForClassification.py|INFO] 通感 | Num:    6 | P: 100.00 | R: 16.67 | F1: 28.57
[Fri May 13 09:46:38 2022|MetricForClassification.py|INFO] 问语 | Num:  115 | P: 94.87 | R: 96.52 | F1: 95.69
[Fri May 13 09:46:38 2022|MetricForClassification.py|INFO] 排比 | Num:   41 | P: 88.64 | R: 95.12 | F1: 91.76
[Fri May 13 09:46:38 2022|MetricForClassification.py|INFO] 对偶 | Num:   37 | P: 65.91 | R: 78.38 | F1: 71.60
[Fri May 13 09:46:38 2022|MetricForClassification.py|INFO] 反复 | Num:   57 | P: 88.71 | R: 96.49 | F1: 92.44
[Fri May 13 09:46:38 2022|MetricForClassification.py|INFO] 对比 | Num:   23 | P: 61.11 | R: 47.83 | F1: 53.66
[Fri May 13 09:46:38 2022|MetricForClassification.py|INFO] 引语 | Num:   62 | P: 92.73 | R: 82.26 | F1: 87.18
[Fri May 13 09:46:38 2022|MetricForClassification.py|INFO] Overall performance | Total num:  886 | P: 78.78 | R: 78.78 | Micro F1: 78.78 | Macro F1: 64.81
[Fri May 13 09:46:38 2022|TrainClassifier.py|INFO] epoch 20, iter 0, loss = 0.0003624619566835463, lr=3.3333333333333333e-06
[Fri May 13 09:46:43 2022|TrainClassifier.py|INFO] epoch 20, iter 50, loss = 0.00046483639744110405, lr=3.2907075873827795e-06
[Fri May 13 09:46:49 2022|TrainClassifier.py|INFO] epoch 20, iter 100, loss = 0.001242934726178646, lr=3.248081841432225e-06
[Fri May 13 09:46:54 2022|TrainClassifier.py|INFO] epoch 20, iter 150, loss = 0.0012741582468152046, lr=3.205456095481671e-06
[Fri May 13 09:46:59 2022|TrainClassifier.py|INFO] epoch 20, iter 200, loss = 0.0003556416486389935, lr=3.162830349531117e-06
[Fri May 13 09:47:04 2022|TrainClassifier.py|INFO] epoch 20, iter 250, loss = 0.0014495074283331633, lr=3.120204603580563e-06
[Fri May 13 09:47:09 2022|TrainClassifier.py|INFO] epoch 20, iter 300, loss = 0.003082479815930128, lr=3.0775788576300085e-06
[Fri May 13 09:47:14 2022|TrainClassifier.py|INFO] epoch 20, iter 350, loss = 0.00042419679812155664, lr=3.0349531116794547e-06
[Fri May 13 09:47:18 2022|TrainClassifier.py|INFO] Evaluation Result on epoch 20:
[Fri May 13 09:47:19 2022|MetricForClassification.py|INFO] 比喻 | Num:  306 | P: 80.61 | R: 86.93 | F1: 83.65
[Fri May 13 09:47:19 2022|MetricForClassification.py|INFO] 比拟 | Num:   94 | P: 60.18 | R: 72.34 | F1: 65.70
[Fri May 13 09:47:19 2022|MetricForClassification.py|INFO] 借代 | Num:   69 | P: 63.79 | R: 53.62 | F1: 58.27
[Fri May 13 09:47:19 2022|MetricForClassification.py|INFO] 夸张 | Num:   72 | P: 68.42 | R: 36.11 | F1: 47.27
[Fri May 13 09:47:19 2022|MetricForClassification.py|INFO] 反语 | Num:    4 | P:  0.00 | R:  0.00 | F1:  0.00
[Fri May 13 09:47:19 2022|MetricForClassification.py|INFO] 通感 | Num:    6 | P:  0.00 | R:  0.00 | F1:  0.00
[Fri May 13 09:47:19 2022|MetricForClassification.py|INFO] 问语 | Num:  115 | P: 93.33 | R: 97.39 | F1: 95.32
[Fri May 13 09:47:19 2022|MetricForClassification.py|INFO] 排比 | Num:   41 | P: 86.67 | R: 95.12 | F1: 90.70
[Fri May 13 09:47:19 2022|MetricForClassification.py|INFO] 对偶 | Num:   37 | P: 65.91 | R: 78.38 | F1: 71.60
[Fri May 13 09:47:19 2022|MetricForClassification.py|INFO] 反复 | Num:   57 | P: 88.71 | R: 96.49 | F1: 92.44
[Fri May 13 09:47:19 2022|MetricForClassification.py|INFO] 对比 | Num:   23 | P: 52.38 | R: 47.83 | F1: 50.00
[Fri May 13 09:47:19 2022|MetricForClassification.py|INFO] 引语 | Num:   62 | P: 90.91 | R: 80.65 | F1: 85.47
[Fri May 13 09:47:19 2022|MetricForClassification.py|INFO] Overall performance | Total num:  886 | P: 78.22 | R: 78.22 | Micro F1: 78.22 | Macro F1: 61.70
[Fri May 13 09:47:19 2022|TrainClassifier.py|INFO] epoch 21, iter 0, loss = 0.0004975387128069997, lr=3e-06
[Fri May 13 09:47:24 2022|TrainClassifier.py|INFO] epoch 21, iter 50, loss = 0.0005187854985706508, lr=2.957374254049446e-06
[Fri May 13 09:47:28 2022|TrainClassifier.py|INFO] epoch 21, iter 100, loss = 0.0011649993248283863, lr=2.914748508098892e-06
[Fri May 13 09:47:33 2022|TrainClassifier.py|INFO] epoch 21, iter 150, loss = 0.002134494949132204, lr=2.8721227621483377e-06
[Fri May 13 09:47:38 2022|TrainClassifier.py|INFO] epoch 21, iter 200, loss = 0.00045399158261716366, lr=2.8294970161977834e-06
[Fri May 13 09:47:44 2022|TrainClassifier.py|INFO] epoch 21, iter 250, loss = 0.0031830028165131807, lr=2.7868712702472296e-06
[Fri May 13 09:47:50 2022|TrainClassifier.py|INFO] epoch 21, iter 300, loss = 0.0006480659358203411, lr=2.7442455242966753e-06
[Fri May 13 09:47:54 2022|TrainClassifier.py|INFO] epoch 21, iter 350, loss = 0.0023425640538334846, lr=2.701619778346121e-06
[Fri May 13 09:47:58 2022|TrainClassifier.py|INFO] Evaluation Result on epoch 21:
[Fri May 13 09:48:00 2022|MetricForClassification.py|INFO] 比喻 | Num:  306 | P: 81.54 | R: 86.60 | F1: 83.99
[Fri May 13 09:48:00 2022|MetricForClassification.py|INFO] 比拟 | Num:   94 | P: 57.76 | R: 71.28 | F1: 63.81
[Fri May 13 09:48:00 2022|MetricForClassification.py|INFO] 借代 | Num:   69 | P: 64.91 | R: 53.62 | F1: 58.73
[Fri May 13 09:48:00 2022|MetricForClassification.py|INFO] 夸张 | Num:   72 | P: 60.87 | R: 38.89 | F1: 47.46
[Fri May 13 09:48:00 2022|MetricForClassification.py|INFO] 反语 | Num:    4 | P: 100.00 | R: 25.00 | F1: 40.00
[Fri May 13 09:48:00 2022|MetricForClassification.py|INFO] 通感 | Num:    6 | P:  0.00 | R:  0.00 | F1:  0.00
[Fri May 13 09:48:00 2022|MetricForClassification.py|INFO] 问语 | Num:  115 | P: 94.92 | R: 97.39 | F1: 96.14
[Fri May 13 09:48:00 2022|MetricForClassification.py|INFO] 排比 | Num:   41 | P: 86.67 | R: 95.12 | F1: 90.70
[Fri May 13 09:48:00 2022|MetricForClassification.py|INFO] 对偶 | Num:   37 | P: 63.64 | R: 75.68 | F1: 69.14
[Fri May 13 09:48:00 2022|MetricForClassification.py|INFO] 反复 | Num:   57 | P: 88.71 | R: 96.49 | F1: 92.44
[Fri May 13 09:48:00 2022|MetricForClassification.py|INFO] 对比 | Num:   23 | P: 61.11 | R: 47.83 | F1: 53.66
[Fri May 13 09:48:00 2022|MetricForClassification.py|INFO] 引语 | Num:   62 | P: 92.59 | R: 80.65 | F1: 86.21
[Fri May 13 09:48:00 2022|MetricForClassification.py|INFO] Overall performance | Total num:  886 | P: 78.22 | R: 78.22 | Micro F1: 78.22 | Macro F1: 65.19
[Fri May 13 09:48:00 2022|TrainClassifier.py|INFO] epoch 22, iter 0, loss = 0.00025225686840713024, lr=2.666666666666667e-06
[Fri May 13 09:48:05 2022|TrainClassifier.py|INFO] epoch 22, iter 50, loss = 0.0002944961015600711, lr=2.6240409207161126e-06
[Fri May 13 09:48:10 2022|TrainClassifier.py|INFO] epoch 22, iter 100, loss = 0.0012270956067368388, lr=2.5814151747655587e-06
[Fri May 13 09:48:15 2022|TrainClassifier.py|INFO] epoch 22, iter 150, loss = 0.0006516705034300685, lr=2.5387894288150044e-06
[Fri May 13 09:48:20 2022|TrainClassifier.py|INFO] epoch 22, iter 200, loss = 0.0010750035289674997, lr=2.49616368286445e-06
[Fri May 13 09:48:25 2022|TrainClassifier.py|INFO] epoch 22, iter 250, loss = 0.000800345849711448, lr=2.4535379369138963e-06
[Fri May 13 09:48:31 2022|TrainClassifier.py|INFO] epoch 22, iter 300, loss = 0.0007253088988363743, lr=2.410912190963342e-06
[Fri May 13 09:48:36 2022|TrainClassifier.py|INFO] epoch 22, iter 350, loss = 0.0004232779610902071, lr=2.3682864450127878e-06
[Fri May 13 09:48:40 2022|TrainClassifier.py|INFO] Evaluation Result on epoch 22:
[Fri May 13 09:48:41 2022|MetricForClassification.py|INFO] 比喻 | Num:  306 | P: 82.24 | R: 86.27 | F1: 84.21
[Fri May 13 09:48:41 2022|MetricForClassification.py|INFO] 比拟 | Num:   94 | P: 55.20 | R: 73.40 | F1: 63.01
[Fri May 13 09:48:41 2022|MetricForClassification.py|INFO] 借代 | Num:   69 | P: 66.07 | R: 53.62 | F1: 59.20
[Fri May 13 09:48:41 2022|MetricForClassification.py|INFO] 夸张 | Num:   72 | P: 58.33 | R: 38.89 | F1: 46.67
[Fri May 13 09:48:41 2022|MetricForClassification.py|INFO] 反语 | Num:    4 | P:  0.00 | R:  0.00 | F1:  0.00
[Fri May 13 09:48:41 2022|MetricForClassification.py|INFO] 通感 | Num:    6 | P:  0.00 | R:  0.00 | F1:  0.00
[Fri May 13 09:48:41 2022|MetricForClassification.py|INFO] 问语 | Num:  115 | P: 94.92 | R: 97.39 | F1: 96.14
[Fri May 13 09:48:41 2022|MetricForClassification.py|INFO] 排比 | Num:   41 | P: 86.67 | R: 95.12 | F1: 90.70
[Fri May 13 09:48:41 2022|MetricForClassification.py|INFO] 对偶 | Num:   37 | P: 66.67 | R: 75.68 | F1: 70.89
[Fri May 13 09:48:41 2022|MetricForClassification.py|INFO] 反复 | Num:   57 | P: 88.71 | R: 96.49 | F1: 92.44
[Fri May 13 09:48:41 2022|MetricForClassification.py|INFO] 对比 | Num:   23 | P: 64.71 | R: 47.83 | F1: 55.00
[Fri May 13 09:48:41 2022|MetricForClassification.py|INFO] 引语 | Num:   62 | P: 94.23 | R: 79.03 | F1: 85.96
[Fri May 13 09:48:41 2022|MetricForClassification.py|INFO] Overall performance | Total num:  886 | P: 78.10 | R: 78.10 | Micro F1: 78.10 | Macro F1: 62.02
[Fri May 13 09:48:41 2022|TrainClassifier.py|INFO] epoch 23, iter 0, loss = 0.0007444890215992928, lr=2.3333333333333336e-06
[Fri May 13 09:48:46 2022|TrainClassifier.py|INFO] epoch 23, iter 50, loss = 0.00026622999575920403, lr=2.2907075873827793e-06
[Fri May 13 09:48:51 2022|TrainClassifier.py|INFO] epoch 23, iter 100, loss = 0.00063182512531057, lr=2.2480818414322255e-06
[Fri May 13 09:48:56 2022|TrainClassifier.py|INFO] epoch 23, iter 150, loss = 0.0005955324741080403, lr=2.205456095481671e-06
[Fri May 13 09:49:01 2022|TrainClassifier.py|INFO] epoch 23, iter 200, loss = 0.002565413247793913, lr=2.162830349531117e-06
[Fri May 13 09:49:06 2022|TrainClassifier.py|INFO] epoch 23, iter 250, loss = 0.0004996285424567759, lr=2.120204603580563e-06
[Fri May 13 09:49:11 2022|TrainClassifier.py|INFO] epoch 23, iter 300, loss = 0.004892269149422646, lr=2.077578857630009e-06
[Fri May 13 09:49:16 2022|TrainClassifier.py|INFO] epoch 23, iter 350, loss = 0.0005554489325731993, lr=2.0349531116794545e-06
[Fri May 13 09:49:20 2022|TrainClassifier.py|INFO] Evaluation Result on epoch 23:
[Fri May 13 09:49:21 2022|MetricForClassification.py|INFO] 比喻 | Num:  306 | P: 82.26 | R: 87.91 | F1: 84.99
[Fri May 13 09:49:21 2022|MetricForClassification.py|INFO] 比拟 | Num:   94 | P: 64.08 | R: 70.21 | F1: 67.01
[Fri May 13 09:49:21 2022|MetricForClassification.py|INFO] 借代 | Num:   69 | P: 65.00 | R: 56.52 | F1: 60.47
[Fri May 13 09:49:21 2022|MetricForClassification.py|INFO] 夸张 | Num:   72 | P: 61.22 | R: 41.67 | F1: 49.59
[Fri May 13 09:49:21 2022|MetricForClassification.py|INFO] 反语 | Num:    4 | P: 100.00 | R: 25.00 | F1: 40.00
[Fri May 13 09:49:21 2022|MetricForClassification.py|INFO] 通感 | Num:    6 | P: 100.00 | R: 16.67 | F1: 28.57
[Fri May 13 09:49:21 2022|MetricForClassification.py|INFO] 问语 | Num:  115 | P: 94.87 | R: 96.52 | F1: 95.69
[Fri May 13 09:49:21 2022|MetricForClassification.py|INFO] 排比 | Num:   41 | P: 86.67 | R: 95.12 | F1: 90.70
[Fri May 13 09:49:21 2022|MetricForClassification.py|INFO] 对偶 | Num:   37 | P: 66.67 | R: 75.68 | F1: 70.89
[Fri May 13 09:49:21 2022|MetricForClassification.py|INFO] 反复 | Num:   57 | P: 87.30 | R: 96.49 | F1: 91.67
[Fri May 13 09:49:21 2022|MetricForClassification.py|INFO] 对比 | Num:   23 | P: 57.89 | R: 47.83 | F1: 52.38
[Fri May 13 09:49:21 2022|MetricForClassification.py|INFO] 引语 | Num:   62 | P: 89.83 | R: 85.48 | F1: 87.60
[Fri May 13 09:49:21 2022|MetricForClassification.py|INFO] Overall performance | Total num:  886 | P: 79.35 | R: 79.35 | Micro F1: 79.35 | Macro F1: 68.30
[Fri May 13 09:49:21 2022|TrainClassifier.py|INFO] epoch 24, iter 0, loss = 0.00038753350963816047, lr=2.0000000000000003e-06
[Fri May 13 09:49:26 2022|TrainClassifier.py|INFO] epoch 24, iter 50, loss = 0.00040181155782192945, lr=1.957374254049446e-06
[Fri May 13 09:49:30 2022|TrainClassifier.py|INFO] epoch 24, iter 100, loss = 0.0007045408710837364, lr=1.9147485080988922e-06
[Fri May 13 09:49:35 2022|TrainClassifier.py|INFO] epoch 24, iter 150, loss = 0.0009982897900044918, lr=1.872122762148338e-06
[Fri May 13 09:49:40 2022|TrainClassifier.py|INFO] epoch 24, iter 200, loss = 0.00042513481457717717, lr=1.8294970161977837e-06
[Fri May 13 09:49:46 2022|TrainClassifier.py|INFO] epoch 24, iter 250, loss = 0.002892756136134267, lr=1.7868712702472294e-06
[Fri May 13 09:49:52 2022|TrainClassifier.py|INFO] epoch 24, iter 300, loss = 0.0009001521393656731, lr=1.7442455242966751e-06
[Fri May 13 09:49:57 2022|TrainClassifier.py|INFO] epoch 24, iter 350, loss = 0.0008215648704208434, lr=1.701619778346121e-06
[Fri May 13 09:50:00 2022|TrainClassifier.py|INFO] Evaluation Result on epoch 24:
[Fri May 13 09:50:02 2022|MetricForClassification.py|INFO] 比喻 | Num:  306 | P: 81.63 | R: 88.56 | F1: 84.95
[Fri May 13 09:50:02 2022|MetricForClassification.py|INFO] 比拟 | Num:   94 | P: 59.82 | R: 71.28 | F1: 65.05
[Fri May 13 09:50:02 2022|MetricForClassification.py|INFO] 借代 | Num:   69 | P: 61.67 | R: 53.62 | F1: 57.36
[Fri May 13 09:50:02 2022|MetricForClassification.py|INFO] 夸张 | Num:   72 | P: 64.29 | R: 37.50 | F1: 47.37
[Fri May 13 09:50:02 2022|MetricForClassification.py|INFO] 反语 | Num:    4 | P: 100.00 | R: 25.00 | F1: 40.00
[Fri May 13 09:50:02 2022|MetricForClassification.py|INFO] 通感 | Num:    6 | P:  0.00 | R:  0.00 | F1:  0.00
[Fri May 13 09:50:02 2022|MetricForClassification.py|INFO] 问语 | Num:  115 | P: 93.33 | R: 97.39 | F1: 95.32
[Fri May 13 09:50:02 2022|MetricForClassification.py|INFO] 排比 | Num:   41 | P: 86.67 | R: 95.12 | F1: 90.70
[Fri May 13 09:50:02 2022|MetricForClassification.py|INFO] 对偶 | Num:   37 | P: 65.12 | R: 75.68 | F1: 70.00
[Fri May 13 09:50:02 2022|MetricForClassification.py|INFO] 反复 | Num:   57 | P: 88.71 | R: 96.49 | F1: 92.44
[Fri May 13 09:50:02 2022|MetricForClassification.py|INFO] 对比 | Num:   23 | P: 57.89 | R: 47.83 | F1: 52.38
[Fri May 13 09:50:02 2022|MetricForClassification.py|INFO] 引语 | Num:   62 | P: 96.00 | R: 77.42 | F1: 85.71
[Fri May 13 09:50:02 2022|MetricForClassification.py|INFO] Overall performance | Total num:  886 | P: 78.56 | R: 78.56 | Micro F1: 78.56 | Macro F1: 65.11
[Fri May 13 09:50:02 2022|TrainClassifier.py|INFO] epoch 25, iter 0, loss = 0.00037991785211488605, lr=1.6666666666666667e-06
[Fri May 13 09:50:06 2022|TrainClassifier.py|INFO] epoch 25, iter 50, loss = 0.00021246500546112657, lr=1.6240409207161126e-06
[Fri May 13 09:50:11 2022|TrainClassifier.py|INFO] epoch 25, iter 100, loss = 0.0008959670667536557, lr=1.5814151747655585e-06
[Fri May 13 09:50:16 2022|TrainClassifier.py|INFO] epoch 25, iter 150, loss = 0.0010202382691204548, lr=1.5387894288150043e-06
[Fri May 13 09:50:21 2022|TrainClassifier.py|INFO] epoch 25, iter 200, loss = 0.00045462552225217223, lr=1.4961636828644502e-06
[Fri May 13 09:50:26 2022|TrainClassifier.py|INFO] epoch 25, iter 250, loss = 0.00035848107654601336, lr=1.4535379369138961e-06
[Fri May 13 09:50:30 2022|TrainClassifier.py|INFO] epoch 25, iter 300, loss = 0.001799401012249291, lr=1.4109121909633419e-06
[Fri May 13 09:50:35 2022|TrainClassifier.py|INFO] epoch 25, iter 350, loss = 0.00028056130395270884, lr=1.3682864450127878e-06
[Fri May 13 09:50:39 2022|TrainClassifier.py|INFO] Evaluation Result on epoch 25:
[Fri May 13 09:50:40 2022|MetricForClassification.py|INFO] 比喻 | Num:  306 | P: 82.46 | R: 87.58 | F1: 84.94
[Fri May 13 09:50:40 2022|MetricForClassification.py|INFO] 比拟 | Num:   94 | P: 63.73 | R: 69.15 | F1: 66.33
[Fri May 13 09:50:40 2022|MetricForClassification.py|INFO] 借代 | Num:   69 | P: 64.41 | R: 55.07 | F1: 59.38
[Fri May 13 09:50:40 2022|MetricForClassification.py|INFO] 夸张 | Num:   72 | P: 58.93 | R: 45.83 | F1: 51.56
[Fri May 13 09:50:40 2022|MetricForClassification.py|INFO] 反语 | Num:    4 | P:  0.00 | R:  0.00 | F1:  0.00
[Fri May 13 09:50:40 2022|MetricForClassification.py|INFO] 通感 | Num:    6 | P: 100.00 | R: 16.67 | F1: 28.57
[Fri May 13 09:50:40 2022|MetricForClassification.py|INFO] 问语 | Num:  115 | P: 94.12 | R: 97.39 | F1: 95.73
[Fri May 13 09:50:40 2022|MetricForClassification.py|INFO] 排比 | Num:   41 | P: 86.67 | R: 95.12 | F1: 90.70
[Fri May 13 09:50:40 2022|MetricForClassification.py|INFO] 对偶 | Num:   37 | P: 67.44 | R: 78.38 | F1: 72.50
[Fri May 13 09:50:40 2022|MetricForClassification.py|INFO] 反复 | Num:   57 | P: 90.16 | R: 96.49 | F1: 93.22
[Fri May 13 09:50:40 2022|MetricForClassification.py|INFO] 对比 | Num:   23 | P: 61.11 | R: 47.83 | F1: 53.66
[Fri May 13 09:50:40 2022|MetricForClassification.py|INFO] 引语 | Num:   62 | P: 91.23 | R: 83.87 | F1: 87.39
[Fri May 13 09:50:40 2022|MetricForClassification.py|INFO] Overall performance | Total num:  886 | P: 79.35 | R: 79.35 | Micro F1: 79.35 | Macro F1: 65.33
[Fri May 13 09:50:40 2022|TrainClassifier.py|INFO] epoch 26, iter 0, loss = 0.0003445983165875077, lr=1.3333333333333334e-06
[Fri May 13 09:50:45 2022|TrainClassifier.py|INFO] epoch 26, iter 50, loss = 0.00019576224440243095, lr=1.2907075873827794e-06
[Fri May 13 09:50:49 2022|TrainClassifier.py|INFO] epoch 26, iter 100, loss = 0.0009752399637363851, lr=1.248081841432225e-06
[Fri May 13 09:50:54 2022|TrainClassifier.py|INFO] epoch 26, iter 150, loss = 0.0005152616067789495, lr=1.205456095481671e-06
[Fri May 13 09:50:59 2022|TrainClassifier.py|INFO] epoch 26, iter 200, loss = 0.0003734557540155947, lr=1.162830349531117e-06
[Fri May 13 09:51:04 2022|TrainClassifier.py|INFO] epoch 26, iter 250, loss = 0.005536002106964588, lr=1.1202046035805627e-06
[Fri May 13 09:51:09 2022|TrainClassifier.py|INFO] epoch 26, iter 300, loss = 0.00044526837882585824, lr=1.0775788576300086e-06
[Fri May 13 09:51:13 2022|TrainClassifier.py|INFO] epoch 26, iter 350, loss = 0.00044659667764790356, lr=1.0349531116794546e-06
[Fri May 13 09:51:17 2022|TrainClassifier.py|INFO] Evaluation Result on epoch 26:
[Fri May 13 09:51:18 2022|MetricForClassification.py|INFO] 比喻 | Num:  306 | P: 80.90 | R: 88.56 | F1: 84.56
[Fri May 13 09:51:18 2022|MetricForClassification.py|INFO] 比拟 | Num:   94 | P: 61.11 | R: 70.21 | F1: 65.35
[Fri May 13 09:51:18 2022|MetricForClassification.py|INFO] 借代 | Num:   69 | P: 68.52 | R: 53.62 | F1: 60.16
[Fri May 13 09:51:18 2022|MetricForClassification.py|INFO] 夸张 | Num:   72 | P: 63.64 | R: 38.89 | F1: 48.28
[Fri May 13 09:51:18 2022|MetricForClassification.py|INFO] 反语 | Num:    4 | P:  0.00 | R:  0.00 | F1:  0.00
[Fri May 13 09:51:18 2022|MetricForClassification.py|INFO] 通感 | Num:    6 | P:  0.00 | R:  0.00 | F1:  0.00
[Fri May 13 09:51:18 2022|MetricForClassification.py|INFO] 问语 | Num:  115 | P: 93.33 | R: 97.39 | F1: 95.32
[Fri May 13 09:51:18 2022|MetricForClassification.py|INFO] 排比 | Num:   41 | P: 86.96 | R: 97.56 | F1: 91.95
[Fri May 13 09:51:18 2022|MetricForClassification.py|INFO] 对偶 | Num:   37 | P: 67.44 | R: 78.38 | F1: 72.50
[Fri May 13 09:51:18 2022|MetricForClassification.py|INFO] 反复 | Num:   57 | P: 91.67 | R: 96.49 | F1: 94.02
[Fri May 13 09:51:18 2022|MetricForClassification.py|INFO] 对比 | Num:   23 | P: 55.00 | R: 47.83 | F1: 51.16
[Fri May 13 09:51:18 2022|MetricForClassification.py|INFO] 引语 | Num:   62 | P: 92.86 | R: 83.87 | F1: 88.14
[Fri May 13 09:51:18 2022|MetricForClassification.py|INFO] Overall performance | Total num:  886 | P: 79.12 | R: 79.12 | Micro F1: 79.12 | Macro F1: 62.62
[Fri May 13 09:51:18 2022|TrainClassifier.py|INFO] epoch 27, iter 0, loss = 0.00019015817088074982, lr=1.0000000000000002e-06
[Fri May 13 09:51:23 2022|TrainClassifier.py|INFO] epoch 27, iter 50, loss = 0.0003708325675688684, lr=9.573742540494461e-07
[Fri May 13 09:51:28 2022|TrainClassifier.py|INFO] epoch 27, iter 100, loss = 0.0013392596738412976, lr=9.147485080988918e-07
[Fri May 13 09:51:33 2022|TrainClassifier.py|INFO] epoch 27, iter 150, loss = 0.00040200931834988296, lr=8.721227621483376e-07
[Fri May 13 09:51:37 2022|TrainClassifier.py|INFO] epoch 27, iter 200, loss = 0.00030637788586318493, lr=8.294970161977835e-07
[Fri May 13 09:51:42 2022|TrainClassifier.py|INFO] epoch 27, iter 250, loss = 0.000914623960852623, lr=7.868712702472293e-07
[Fri May 13 09:51:47 2022|TrainClassifier.py|INFO] epoch 27, iter 300, loss = 0.0016968559939414263, lr=7.442455242966752e-07
[Fri May 13 09:51:51 2022|TrainClassifier.py|INFO] epoch 27, iter 350, loss = 0.0002700451877899468, lr=7.016197783461211e-07
[Fri May 13 09:51:55 2022|TrainClassifier.py|INFO] Evaluation Result on epoch 27:
[Fri May 13 09:51:57 2022|MetricForClassification.py|INFO] 比喻 | Num:  306 | P: 82.15 | R: 87.25 | F1: 84.63
[Fri May 13 09:51:57 2022|MetricForClassification.py|INFO] 比拟 | Num:   94 | P: 60.19 | R: 69.15 | F1: 64.36
[Fri May 13 09:51:57 2022|MetricForClassification.py|INFO] 借代 | Num:   69 | P: 66.07 | R: 53.62 | F1: 59.20
[Fri May 13 09:51:57 2022|MetricForClassification.py|INFO] 夸张 | Num:   72 | P: 58.49 | R: 43.06 | F1: 49.60
[Fri May 13 09:51:57 2022|MetricForClassification.py|INFO] 反语 | Num:    4 | P:  0.00 | R:  0.00 | F1:  0.00
[Fri May 13 09:51:57 2022|MetricForClassification.py|INFO] 通感 | Num:    6 | P:  0.00 | R:  0.00 | F1:  0.00
[Fri May 13 09:51:57 2022|MetricForClassification.py|INFO] 问语 | Num:  115 | P: 94.12 | R: 97.39 | F1: 95.73
[Fri May 13 09:51:57 2022|MetricForClassification.py|INFO] 排比 | Num:   41 | P: 86.96 | R: 97.56 | F1: 91.95
[Fri May 13 09:51:57 2022|MetricForClassification.py|INFO] 对偶 | Num:   37 | P: 67.44 | R: 78.38 | F1: 72.50
[Fri May 13 09:51:57 2022|MetricForClassification.py|INFO] 反复 | Num:   57 | P: 91.67 | R: 96.49 | F1: 94.02
[Fri May 13 09:51:57 2022|MetricForClassification.py|INFO] 对比 | Num:   23 | P: 57.89 | R: 47.83 | F1: 52.38
[Fri May 13 09:51:57 2022|MetricForClassification.py|INFO] 引语 | Num:   62 | P: 91.23 | R: 83.87 | F1: 87.39
[Fri May 13 09:51:57 2022|MetricForClassification.py|INFO] Overall performance | Total num:  886 | P: 78.89 | R: 78.89 | Micro F1: 78.89 | Macro F1: 62.65
[Fri May 13 09:51:57 2022|TrainClassifier.py|INFO] epoch 28, iter 0, loss = 0.00020460074301809072, lr=6.666666666666667e-07
[Fri May 13 09:52:01 2022|TrainClassifier.py|INFO] epoch 28, iter 50, loss = 0.0005115465028211474, lr=6.240409207161125e-07
[Fri May 13 09:52:06 2022|TrainClassifier.py|INFO] epoch 28, iter 100, loss = 0.0005321618518792093, lr=5.814151747655585e-07
[Fri May 13 09:52:11 2022|TrainClassifier.py|INFO] epoch 28, iter 150, loss = 0.0003366009914316237, lr=5.387894288150043e-07
[Fri May 13 09:52:16 2022|TrainClassifier.py|INFO] epoch 28, iter 200, loss = 0.0003444137691985816, lr=4.961636828644501e-07
[Fri May 13 09:52:20 2022|TrainClassifier.py|INFO] epoch 28, iter 250, loss = 0.000384944403776899, lr=4.5353793691389603e-07
[Fri May 13 09:52:25 2022|TrainClassifier.py|INFO] epoch 28, iter 300, loss = 0.00023170224449131638, lr=4.109121909633419e-07
[Fri May 13 09:52:30 2022|TrainClassifier.py|INFO] epoch 28, iter 350, loss = 0.0007787258364260197, lr=3.682864450127877e-07
[Fri May 13 09:52:34 2022|TrainClassifier.py|INFO] Evaluation Result on epoch 28:
[Fri May 13 09:52:35 2022|MetricForClassification.py|INFO] 比喻 | Num:  306 | P: 80.60 | R: 88.24 | F1: 84.24
[Fri May 13 09:52:35 2022|MetricForClassification.py|INFO] 比拟 | Num:   94 | P: 58.26 | R: 71.28 | F1: 64.11
[Fri May 13 09:52:35 2022|MetricForClassification.py|INFO] 借代 | Num:   69 | P: 68.52 | R: 53.62 | F1: 60.16
[Fri May 13 09:52:35 2022|MetricForClassification.py|INFO] 夸张 | Num:   72 | P: 65.00 | R: 36.11 | F1: 46.43
[Fri May 13 09:52:35 2022|MetricForClassification.py|INFO] 反语 | Num:    4 | P: 100.00 | R: 25.00 | F1: 40.00
[Fri May 13 09:52:35 2022|MetricForClassification.py|INFO] 通感 | Num:    6 | P:  0.00 | R:  0.00 | F1:  0.00
[Fri May 13 09:52:35 2022|MetricForClassification.py|INFO] 问语 | Num:  115 | P: 94.12 | R: 97.39 | F1: 95.73
[Fri May 13 09:52:35 2022|MetricForClassification.py|INFO] 排比 | Num:   41 | P: 88.64 | R: 95.12 | F1: 91.76
[Fri May 13 09:52:35 2022|MetricForClassification.py|INFO] 对偶 | Num:   37 | P: 67.44 | R: 78.38 | F1: 72.50
[Fri May 13 09:52:35 2022|MetricForClassification.py|INFO] 反复 | Num:   57 | P: 90.16 | R: 96.49 | F1: 93.22
[Fri May 13 09:52:35 2022|MetricForClassification.py|INFO] 对比 | Num:   23 | P: 61.11 | R: 47.83 | F1: 53.66
[Fri May 13 09:52:35 2022|MetricForClassification.py|INFO] 引语 | Num:   62 | P: 92.86 | R: 83.87 | F1: 88.14
[Fri May 13 09:52:35 2022|MetricForClassification.py|INFO] Overall performance | Total num:  886 | P: 78.89 | R: 78.89 | Micro F1: 78.89 | Macro F1: 65.83
[Fri May 13 09:52:35 2022|TrainClassifier.py|INFO] epoch 29, iter 0, loss = 0.00019982080266345292, lr=3.3333333333333335e-07
[Fri May 13 09:52:40 2022|TrainClassifier.py|INFO] epoch 29, iter 50, loss = 0.0005082050338387489, lr=2.9070758738277924e-07
[Fri May 13 09:52:44 2022|TrainClassifier.py|INFO] epoch 29, iter 100, loss = 0.0004700691206380725, lr=2.480818414322251e-07
[Fri May 13 09:52:49 2022|TrainClassifier.py|INFO] epoch 29, iter 150, loss = 0.0006135822040960193, lr=2.0545609548167096e-07
[Fri May 13 09:52:54 2022|TrainClassifier.py|INFO] epoch 29, iter 200, loss = 0.00045282411156222224, lr=1.628303495311168e-07
[Fri May 13 09:52:59 2022|TrainClassifier.py|INFO] epoch 29, iter 250, loss = 0.018479105085134506, lr=1.2020460358056265e-07
[Fri May 13 09:53:03 2022|TrainClassifier.py|INFO] epoch 29, iter 300, loss = 0.0006203955854289234, lr=7.757885763000853e-08
[Fri May 13 09:53:08 2022|TrainClassifier.py|INFO] epoch 29, iter 350, loss = 0.0003504680935293436, lr=3.4953111679454395e-08
[Fri May 13 09:53:12 2022|TrainClassifier.py|INFO] Evaluation Result on epoch 29:
[Fri May 13 09:53:13 2022|MetricForClassification.py|INFO] 比喻 | Num:  306 | P: 80.60 | R: 88.24 | F1: 84.24
[Fri May 13 09:53:13 2022|MetricForClassification.py|INFO] 比拟 | Num:   94 | P: 58.77 | R: 71.28 | F1: 64.42
[Fri May 13 09:53:13 2022|MetricForClassification.py|INFO] 借代 | Num:   69 | P: 68.52 | R: 53.62 | F1: 60.16
[Fri May 13 09:53:13 2022|MetricForClassification.py|INFO] 夸张 | Num:   72 | P: 63.41 | R: 36.11 | F1: 46.02
[Fri May 13 09:53:13 2022|MetricForClassification.py|INFO] 反语 | Num:    4 | P: 100.00 | R: 25.00 | F1: 40.00
[Fri May 13 09:53:13 2022|MetricForClassification.py|INFO] 通感 | Num:    6 | P:  0.00 | R:  0.00 | F1:  0.00
[Fri May 13 09:53:13 2022|MetricForClassification.py|INFO] 问语 | Num:  115 | P: 94.12 | R: 97.39 | F1: 95.73
[Fri May 13 09:53:13 2022|MetricForClassification.py|INFO] 排比 | Num:   41 | P: 88.64 | R: 95.12 | F1: 91.76
[Fri May 13 09:53:13 2022|MetricForClassification.py|INFO] 对偶 | Num:   37 | P: 67.44 | R: 78.38 | F1: 72.50
[Fri May 13 09:53:13 2022|MetricForClassification.py|INFO] 反复 | Num:   57 | P: 90.16 | R: 96.49 | F1: 93.22
[Fri May 13 09:53:13 2022|MetricForClassification.py|INFO] 对比 | Num:   23 | P: 61.11 | R: 47.83 | F1: 53.66
[Fri May 13 09:53:13 2022|MetricForClassification.py|INFO] 引语 | Num:   62 | P: 92.86 | R: 83.87 | F1: 88.14
[Fri May 13 09:53:13 2022|MetricForClassification.py|INFO] Overall performance | Total num:  886 | P: 78.89 | R: 78.89 | Micro F1: 78.89 | Macro F1: 65.82
[Fri May 13 09:53:13 2022|main.py|INFO] Progress| Train Complete!
[Fri May 13 09:53:13 2022|TrainClassifier.py|INFO] Load best checkpoint from epoch 16
[Fri May 13 09:53:16 2022|MetricForClassification.py|INFO] 比喻 | Num:  683 | P: 80.71 | R: 89.46 | F1: 84.86
[Fri May 13 09:53:16 2022|MetricForClassification.py|INFO] 比拟 | Num:  243 | P: 71.96 | R: 63.37 | F1: 67.40
[Fri May 13 09:53:16 2022|MetricForClassification.py|INFO] 借代 | Num:  123 | P: 71.91 | R: 52.03 | F1: 60.38
[Fri May 13 09:53:16 2022|MetricForClassification.py|INFO] 夸张 | Num:  145 | P: 61.11 | R: 45.52 | F1: 52.17
[Fri May 13 09:53:16 2022|MetricForClassification.py|INFO] 反语 | Num:    5 | P:  0.00 | R:  0.00 | F1:  0.00
[Fri May 13 09:53:16 2022|MetricForClassification.py|INFO] 通感 | Num:   10 | P: 25.00 | R: 10.00 | F1: 14.29
[Fri May 13 09:53:16 2022|MetricForClassification.py|INFO] 问语 | Num:  202 | P: 92.06 | R: 97.52 | F1: 94.71
[Fri May 13 09:53:16 2022|MetricForClassification.py|INFO] 排比 | Num:   99 | P: 84.21 | R: 96.97 | F1: 90.14
[Fri May 13 09:53:16 2022|MetricForClassification.py|INFO] 对偶 | Num:   76 | P: 66.28 | R: 75.00 | F1: 70.37
[Fri May 13 09:53:16 2022|MetricForClassification.py|INFO] 反复 | Num:  105 | P: 91.35 | R: 90.48 | F1: 90.91
[Fri May 13 09:53:16 2022|MetricForClassification.py|INFO] 对比 | Num:   62 | P: 73.21 | R: 66.13 | F1: 69.49
[Fri May 13 09:53:16 2022|MetricForClassification.py|INFO] 引语 | Num:  117 | P: 84.43 | R: 88.03 | F1: 86.19
[Fri May 13 09:53:16 2022|MetricForClassification.py|INFO] Overall performance | Total num: 1870 | P: 79.41 | R: 79.41 | Micro F1: 79.41 | Macro F1: 65.08
