[Wed May 11 12:25:46 2022|main.py|INFO] Progress| Parse args succeed!
[Wed May 11 12:25:47 2022|main.py|INFO] Progress| Load Bert config succeed!
[Wed May 11 12:25:47 2022|main.py|INFO] Progress| Task setup succeed!
[Wed May 11 12:25:55 2022|main.py|INFO] Progress| Load Bert tokenizer succeed!
[Wed May 11 12:26:01 2022|DatasetForRecognition.py|INFO] train size: 2934
[Wed May 11 12:26:02 2022|DatasetForRecognition.py|INFO] valid size: 419
[Wed May 11 12:26:04 2022|DatasetForRecognition.py|INFO] test size: 839
[Wed May 11 12:26:14 2022|main.py|INFO] Progress| Load Bert model succeed!
[Wed May 11 12:26:14 2022|main.py|INFO] Progress| Load Optimizer AdamW succeed!
[Wed May 11 12:26:14 2022|main.py|INFO] Progress| Load Accelerator succeed!
[Wed May 11 12:26:14 2022|TrainRecognition.py|INFO] Initial Evaluation Result
[Wed May 11 12:26:24 2022|MetricForRecognition.py|INFO] 比喻 | Num:  296 | P:  1.33 | R:  0.34 | F1:  0.54
[Wed May 11 12:26:24 2022|MetricForRecognition.py|INFO] 比拟 | Num:   90 | P:  0.00 | R:  0.00 | F1:  0.00
[Wed May 11 12:26:24 2022|MetricForRecognition.py|INFO] 借代 | Num:   69 | P:  0.37 | R:  5.80 | F1:  0.69
[Wed May 11 12:26:24 2022|MetricForRecognition.py|INFO] 夸张 | Num:   69 | P:  0.00 | R:  0.00 | F1:  0.00
[Wed May 11 12:26:24 2022|MetricForRecognition.py|INFO] 反语 | Num:    4 | P:  0.00 | R:  0.00 | F1:  0.00
[Wed May 11 12:26:24 2022|MetricForRecognition.py|INFO] 通感 | Num:    6 | P:  0.00 | R:  0.00 | F1:  0.00
[Wed May 11 12:26:24 2022|MetricForRecognition.py|INFO] 问语 | Num:  111 | P:  0.00 | R:  0.00 | F1:  0.00
[Wed May 11 12:26:24 2022|MetricForRecognition.py|INFO] 排比 | Num:   41 | P:  0.00 | R:  0.00 | F1:  0.00
[Wed May 11 12:26:24 2022|MetricForRecognition.py|INFO] 对偶 | Num:   34 | P:  0.00 | R:  0.00 | F1:  0.00
[Wed May 11 12:26:24 2022|MetricForRecognition.py|INFO] 反复 | Num:   55 | P:  0.00 | R:  0.00 | F1:  0.00
[Wed May 11 12:26:24 2022|MetricForRecognition.py|INFO] 对比 | Num:   21 | P:  0.00 | R:  0.00 | F1:  0.00
[Wed May 11 12:26:24 2022|MetricForRecognition.py|INFO] 引语 | Num:   62 | P:  0.00 | R:  0.00 | F1:  0.00
[Wed May 11 12:26:24 2022|MetricForRecognition.py|INFO] Overall performance | Total num:  858 | P:  0.05 | R:  0.58 | F1:  0.09
[Wed May 11 12:26:24 2022|TrainRecognition.py|INFO] epoch 0, iter 0, loss = 3.012636184692383, lr=1e-05
[Wed May 11 12:26:40 2022|TrainRecognition.py|INFO] epoch 0, iter 50, loss = 0.583465576171875, lr=9.86413043478261e-06
[Wed May 11 12:26:56 2022|TrainRecognition.py|INFO] epoch 0, iter 100, loss = 0.5352842211723328, lr=9.728260869565218e-06
[Wed May 11 12:27:13 2022|TrainRecognition.py|INFO] epoch 0, iter 150, loss = 0.36259573698043823, lr=9.592391304347827e-06
[Wed May 11 12:27:24 2022|TrainRecognition.py|INFO] Evaluation Result on epoch 0:
[Wed May 11 12:27:35 2022|MetricForRecognition.py|INFO] 比喻 | Num:  296 | P:  0.00 | R:  0.00 | F1:  0.00
[Wed May 11 12:27:35 2022|MetricForRecognition.py|INFO] 比拟 | Num:   90 | P:  0.00 | R:  0.00 | F1:  0.00
[Wed May 11 12:27:35 2022|MetricForRecognition.py|INFO] 借代 | Num:   69 | P:  0.00 | R:  0.00 | F1:  0.00
[Wed May 11 12:27:35 2022|MetricForRecognition.py|INFO] 夸张 | Num:   69 | P:  0.00 | R:  0.00 | F1:  0.00
[Wed May 11 12:27:35 2022|MetricForRecognition.py|INFO] 反语 | Num:    4 | P:  0.00 | R:  0.00 | F1:  0.00
[Wed May 11 12:27:35 2022|MetricForRecognition.py|INFO] 通感 | Num:    6 | P:  0.00 | R:  0.00 | F1:  0.00
[Wed May 11 12:27:35 2022|MetricForRecognition.py|INFO] 问语 | Num:  111 | P:  0.00 | R:  0.00 | F1:  0.00
[Wed May 11 12:27:35 2022|MetricForRecognition.py|INFO] 排比 | Num:   41 | P:  0.00 | R:  0.00 | F1:  0.00
[Wed May 11 12:27:35 2022|MetricForRecognition.py|INFO] 对偶 | Num:   34 | P:  0.00 | R:  0.00 | F1:  0.00
[Wed May 11 12:27:35 2022|MetricForRecognition.py|INFO] 反复 | Num:   55 | P:  0.00 | R:  0.00 | F1:  0.00
[Wed May 11 12:27:35 2022|MetricForRecognition.py|INFO] 对比 | Num:   21 | P:  0.00 | R:  0.00 | F1:  0.00
[Wed May 11 12:27:35 2022|MetricForRecognition.py|INFO] 引语 | Num:   62 | P:  0.00 | R:  0.00 | F1:  0.00
[Wed May 11 12:27:35 2022|MetricForRecognition.py|INFO] Overall performance | Total num:  858 | P:  0.00 | R:  0.00 | F1:  0.00
[Wed May 11 12:27:35 2022|TrainRecognition.py|INFO] epoch 1, iter 0, loss = 0.5437606573104858, lr=9.5e-06
[Wed May 11 12:27:52 2022|TrainRecognition.py|INFO] epoch 1, iter 50, loss = 0.49578818678855896, lr=9.36413043478261e-06
[Wed May 11 12:28:08 2022|TrainRecognition.py|INFO] epoch 1, iter 100, loss = 0.4284200072288513, lr=9.228260869565218e-06
[Wed May 11 12:28:25 2022|TrainRecognition.py|INFO] epoch 1, iter 150, loss = 0.28809911012649536, lr=9.092391304347827e-06
[Wed May 11 12:28:36 2022|TrainRecognition.py|INFO] Evaluation Result on epoch 1:
[Wed May 11 12:28:46 2022|MetricForRecognition.py|INFO] 比喻 | Num:  296 | P: 36.78 | R: 32.43 | F1: 34.47
[Wed May 11 12:28:46 2022|MetricForRecognition.py|INFO] 比拟 | Num:   90 | P:  0.00 | R:  0.00 | F1:  0.00
[Wed May 11 12:28:46 2022|MetricForRecognition.py|INFO] 借代 | Num:   69 | P:  0.00 | R:  0.00 | F1:  0.00
[Wed May 11 12:28:46 2022|MetricForRecognition.py|INFO] 夸张 | Num:   69 | P:  0.00 | R:  0.00 | F1:  0.00
[Wed May 11 12:28:46 2022|MetricForRecognition.py|INFO] 反语 | Num:    4 | P:  0.00 | R:  0.00 | F1:  0.00
[Wed May 11 12:28:46 2022|MetricForRecognition.py|INFO] 通感 | Num:    6 | P:  0.00 | R:  0.00 | F1:  0.00
[Wed May 11 12:28:46 2022|MetricForRecognition.py|INFO] 问语 | Num:  111 | P:  0.00 | R:  0.00 | F1:  0.00
[Wed May 11 12:28:46 2022|MetricForRecognition.py|INFO] 排比 | Num:   41 | P:  0.00 | R:  0.00 | F1:  0.00
[Wed May 11 12:28:46 2022|MetricForRecognition.py|INFO] 对偶 | Num:   34 | P:  0.00 | R:  0.00 | F1:  0.00
[Wed May 11 12:28:46 2022|MetricForRecognition.py|INFO] 反复 | Num:   55 | P:  0.00 | R:  0.00 | F1:  0.00
[Wed May 11 12:28:46 2022|MetricForRecognition.py|INFO] 对比 | Num:   21 | P:  0.00 | R:  0.00 | F1:  0.00
[Wed May 11 12:28:46 2022|MetricForRecognition.py|INFO] 引语 | Num:   62 | P:  0.00 | R:  0.00 | F1:  0.00
[Wed May 11 12:28:46 2022|MetricForRecognition.py|INFO] Overall performance | Total num:  858 | P: 36.64 | R: 11.19 | F1: 17.14
[Wed May 11 12:28:46 2022|TrainRecognition.py|INFO] epoch 2, iter 0, loss = 0.41813892126083374, lr=9e-06
[Wed May 11 12:29:03 2022|TrainRecognition.py|INFO] epoch 2, iter 50, loss = 0.4180471897125244, lr=8.864130434782609e-06
[Wed May 11 12:29:19 2022|TrainRecognition.py|INFO] epoch 2, iter 100, loss = 0.3597540855407715, lr=8.728260869565218e-06
[Wed May 11 12:29:36 2022|TrainRecognition.py|INFO] epoch 2, iter 150, loss = 0.24604882299900055, lr=8.592391304347826e-06
[Wed May 11 12:29:47 2022|TrainRecognition.py|INFO] Evaluation Result on epoch 2:
[Wed May 11 12:29:56 2022|MetricForRecognition.py|INFO] 比喻 | Num:  296 | P: 39.76 | R: 34.12 | F1: 36.73
[Wed May 11 12:29:56 2022|MetricForRecognition.py|INFO] 比拟 | Num:   90 | P:  0.00 | R:  0.00 | F1:  0.00
[Wed May 11 12:29:56 2022|MetricForRecognition.py|INFO] 借代 | Num:   69 | P:  0.00 | R:  0.00 | F1:  0.00
[Wed May 11 12:29:56 2022|MetricForRecognition.py|INFO] 夸张 | Num:   69 | P:  0.00 | R:  0.00 | F1:  0.00
[Wed May 11 12:29:56 2022|MetricForRecognition.py|INFO] 反语 | Num:    4 | P:  0.00 | R:  0.00 | F1:  0.00
[Wed May 11 12:29:56 2022|MetricForRecognition.py|INFO] 通感 | Num:    6 | P:  0.00 | R:  0.00 | F1:  0.00
[Wed May 11 12:29:56 2022|MetricForRecognition.py|INFO] 问语 | Num:  111 | P: 33.33 | R: 14.41 | F1: 20.13
[Wed May 11 12:29:56 2022|MetricForRecognition.py|INFO] 排比 | Num:   41 | P:  0.00 | R:  0.00 | F1:  0.00
[Wed May 11 12:29:56 2022|MetricForRecognition.py|INFO] 对偶 | Num:   34 | P:  0.00 | R:  0.00 | F1:  0.00
[Wed May 11 12:29:56 2022|MetricForRecognition.py|INFO] 反复 | Num:   55 | P:  0.00 | R:  0.00 | F1:  0.00
[Wed May 11 12:29:56 2022|MetricForRecognition.py|INFO] 对比 | Num:   21 | P:  0.00 | R:  0.00 | F1:  0.00
[Wed May 11 12:29:56 2022|MetricForRecognition.py|INFO] 引语 | Num:   62 | P: 20.00 | R:  1.61 | F1:  2.99
[Wed May 11 12:29:56 2022|MetricForRecognition.py|INFO] Overall performance | Total num:  858 | P: 38.44 | R: 13.75 | F1: 20.26
[Wed May 11 12:29:56 2022|TrainRecognition.py|INFO] epoch 3, iter 0, loss = 0.3385685980319977, lr=8.5e-06
[Wed May 11 12:30:13 2022|TrainRecognition.py|INFO] epoch 3, iter 50, loss = 0.37964585423469543, lr=8.364130434782609e-06
[Wed May 11 12:30:29 2022|TrainRecognition.py|INFO] epoch 3, iter 100, loss = 0.3294714689254761, lr=8.228260869565217e-06
[Wed May 11 12:30:46 2022|TrainRecognition.py|INFO] epoch 3, iter 150, loss = 0.21889199316501617, lr=8.092391304347826e-06
[Wed May 11 12:30:57 2022|TrainRecognition.py|INFO] Evaluation Result on epoch 3:
[Wed May 11 12:31:07 2022|MetricForRecognition.py|INFO] 比喻 | Num:  296 | P: 38.26 | R: 40.20 | F1: 39.21
[Wed May 11 12:31:07 2022|MetricForRecognition.py|INFO] 比拟 | Num:   90 | P:  0.00 | R:  0.00 | F1:  0.00
[Wed May 11 12:31:07 2022|MetricForRecognition.py|INFO] 借代 | Num:   69 | P:  0.00 | R:  0.00 | F1:  0.00
[Wed May 11 12:31:07 2022|MetricForRecognition.py|INFO] 夸张 | Num:   69 | P:  0.00 | R:  0.00 | F1:  0.00
[Wed May 11 12:31:07 2022|MetricForRecognition.py|INFO] 反语 | Num:    4 | P:  0.00 | R:  0.00 | F1:  0.00
[Wed May 11 12:31:07 2022|MetricForRecognition.py|INFO] 通感 | Num:    6 | P:  0.00 | R:  0.00 | F1:  0.00
[Wed May 11 12:31:07 2022|MetricForRecognition.py|INFO] 问语 | Num:  111 | P: 29.11 | R: 20.72 | F1: 24.21
[Wed May 11 12:31:07 2022|MetricForRecognition.py|INFO] 排比 | Num:   41 | P:  0.00 | R:  0.00 | F1:  0.00
[Wed May 11 12:31:07 2022|MetricForRecognition.py|INFO] 对偶 | Num:   34 | P:  0.00 | R:  0.00 | F1:  0.00
[Wed May 11 12:31:07 2022|MetricForRecognition.py|INFO] 反复 | Num:   55 | P:  0.00 | R:  0.00 | F1:  0.00
[Wed May 11 12:31:07 2022|MetricForRecognition.py|INFO] 对比 | Num:   21 | P:  0.00 | R:  0.00 | F1:  0.00
[Wed May 11 12:31:07 2022|MetricForRecognition.py|INFO] 引语 | Num:   62 | P: 33.33 | R:  9.68 | F1: 15.00
[Wed May 11 12:31:07 2022|MetricForRecognition.py|INFO] Overall performance | Total num:  858 | P: 36.27 | R: 17.25 | F1: 23.38
[Wed May 11 12:31:07 2022|TrainRecognition.py|INFO] epoch 4, iter 0, loss = 0.29880136251449585, lr=8.000000000000001e-06
[Wed May 11 12:31:24 2022|TrainRecognition.py|INFO] epoch 4, iter 50, loss = 0.3369073271751404, lr=7.86413043478261e-06
[Wed May 11 12:31:41 2022|TrainRecognition.py|INFO] epoch 4, iter 100, loss = 0.30800294876098633, lr=7.728260869565219e-06
[Wed May 11 12:31:57 2022|TrainRecognition.py|INFO] epoch 4, iter 150, loss = 0.20624133944511414, lr=7.592391304347827e-06
[Wed May 11 12:32:08 2022|TrainRecognition.py|INFO] Evaluation Result on epoch 4:
[Wed May 11 12:32:18 2022|MetricForRecognition.py|INFO] 比喻 | Num:  296 | P: 38.44 | R: 44.93 | F1: 41.43
[Wed May 11 12:32:18 2022|MetricForRecognition.py|INFO] 比拟 | Num:   90 | P:  0.00 | R:  0.00 | F1:  0.00
[Wed May 11 12:32:18 2022|MetricForRecognition.py|INFO] 借代 | Num:   69 | P:  0.00 | R:  0.00 | F1:  0.00
[Wed May 11 12:32:18 2022|MetricForRecognition.py|INFO] 夸张 | Num:   69 | P:  0.00 | R:  0.00 | F1:  0.00
[Wed May 11 12:32:18 2022|MetricForRecognition.py|INFO] 反语 | Num:    4 | P:  0.00 | R:  0.00 | F1:  0.00
[Wed May 11 12:32:18 2022|MetricForRecognition.py|INFO] 通感 | Num:    6 | P:  0.00 | R:  0.00 | F1:  0.00
[Wed May 11 12:32:18 2022|MetricForRecognition.py|INFO] 问语 | Num:  111 | P: 28.74 | R: 22.52 | F1: 25.25
[Wed May 11 12:32:18 2022|MetricForRecognition.py|INFO] 排比 | Num:   41 | P:  0.00 | R:  0.00 | F1:  0.00
[Wed May 11 12:32:18 2022|MetricForRecognition.py|INFO] 对偶 | Num:   34 | P:  0.00 | R:  0.00 | F1:  0.00
[Wed May 11 12:32:18 2022|MetricForRecognition.py|INFO] 反复 | Num:   55 | P: 25.00 | R:  1.82 | F1:  3.39
[Wed May 11 12:32:18 2022|MetricForRecognition.py|INFO] 对比 | Num:   21 | P:  0.00 | R:  0.00 | F1:  0.00
[Wed May 11 12:32:18 2022|MetricForRecognition.py|INFO] 引语 | Num:   62 | P: 34.38 | R: 17.74 | F1: 23.40
[Wed May 11 12:32:18 2022|MetricForRecognition.py|INFO] Overall performance | Total num:  858 | P: 36.09 | R: 19.81 | F1: 25.58
[Wed May 11 12:32:18 2022|TrainRecognition.py|INFO] epoch 5, iter 0, loss = 0.27468550205230713, lr=7.500000000000001e-06
[Wed May 11 12:32:35 2022|TrainRecognition.py|INFO] epoch 5, iter 50, loss = 0.29300636053085327, lr=7.364130434782609e-06
[Wed May 11 12:32:52 2022|TrainRecognition.py|INFO] epoch 5, iter 100, loss = 0.3099995255470276, lr=7.228260869565218e-06
[Wed May 11 12:33:09 2022|TrainRecognition.py|INFO] epoch 5, iter 150, loss = 0.19044028222560883, lr=7.092391304347826e-06
[Wed May 11 12:33:19 2022|TrainRecognition.py|INFO] Evaluation Result on epoch 5:
[Wed May 11 12:33:28 2022|MetricForRecognition.py|INFO] 比喻 | Num:  296 | P: 33.92 | R: 45.61 | F1: 38.90
[Wed May 11 12:33:28 2022|MetricForRecognition.py|INFO] 比拟 | Num:   90 | P:  0.00 | R:  0.00 | F1:  0.00
[Wed May 11 12:33:28 2022|MetricForRecognition.py|INFO] 借代 | Num:   69 | P: 100.00 | R:  1.45 | F1:  2.86
[Wed May 11 12:33:28 2022|MetricForRecognition.py|INFO] 夸张 | Num:   69 | P:  0.00 | R:  0.00 | F1:  0.00
[Wed May 11 12:33:28 2022|MetricForRecognition.py|INFO] 反语 | Num:    4 | P:  0.00 | R:  0.00 | F1:  0.00
[Wed May 11 12:33:28 2022|MetricForRecognition.py|INFO] 通感 | Num:    6 | P:  0.00 | R:  0.00 | F1:  0.00
[Wed May 11 12:33:28 2022|MetricForRecognition.py|INFO] 问语 | Num:  111 | P: 23.42 | R: 23.42 | F1: 23.42
[Wed May 11 12:33:28 2022|MetricForRecognition.py|INFO] 排比 | Num:   41 | P: 10.53 | R:  4.88 | F1:  6.67
[Wed May 11 12:33:28 2022|MetricForRecognition.py|INFO] 对偶 | Num:   34 | P: 100.00 | R:  2.94 | F1:  5.71
[Wed May 11 12:33:28 2022|MetricForRecognition.py|INFO] 反复 | Num:   55 | P: 27.27 | R:  5.45 | F1:  9.09
[Wed May 11 12:33:28 2022|MetricForRecognition.py|INFO] 对比 | Num:   21 | P:  0.00 | R:  0.00 | F1:  0.00
[Wed May 11 12:33:28 2022|MetricForRecognition.py|INFO] 引语 | Num:   62 | P: 36.84 | R: 22.58 | F1: 28.00
[Wed May 11 12:33:28 2022|MetricForRecognition.py|INFO] Overall performance | Total num:  858 | P: 31.33 | R: 21.21 | F1: 25.30
[Wed May 11 12:33:29 2022|TrainRecognition.py|INFO] epoch 6, iter 0, loss = 0.2396223247051239, lr=7e-06
[Wed May 11 12:33:45 2022|TrainRecognition.py|INFO] epoch 6, iter 50, loss = 0.24356114864349365, lr=6.864130434782609e-06
[Wed May 11 12:34:02 2022|TrainRecognition.py|INFO] epoch 6, iter 100, loss = 0.2776953876018524, lr=6.728260869565217e-06
[Wed May 11 12:34:18 2022|TrainRecognition.py|INFO] epoch 6, iter 150, loss = 0.17356999218463898, lr=6.592391304347827e-06
[Wed May 11 12:34:29 2022|TrainRecognition.py|INFO] Evaluation Result on epoch 6:
[Wed May 11 12:34:39 2022|MetricForRecognition.py|INFO] 比喻 | Num:  296 | P: 31.88 | R: 44.59 | F1: 37.18
[Wed May 11 12:34:39 2022|MetricForRecognition.py|INFO] 比拟 | Num:   90 | P:  0.00 | R:  0.00 | F1:  0.00
[Wed May 11 12:34:39 2022|MetricForRecognition.py|INFO] 借代 | Num:   69 | P: 100.00 | R:  7.25 | F1: 13.51
[Wed May 11 12:34:39 2022|MetricForRecognition.py|INFO] 夸张 | Num:   69 | P:  0.00 | R:  0.00 | F1:  0.00
[Wed May 11 12:34:39 2022|MetricForRecognition.py|INFO] 反语 | Num:    4 | P:  0.00 | R:  0.00 | F1:  0.00
[Wed May 11 12:34:39 2022|MetricForRecognition.py|INFO] 通感 | Num:    6 | P:  0.00 | R:  0.00 | F1:  0.00
[Wed May 11 12:34:39 2022|MetricForRecognition.py|INFO] 问语 | Num:  111 | P: 19.20 | R: 21.62 | F1: 20.34
[Wed May 11 12:34:39 2022|MetricForRecognition.py|INFO] 排比 | Num:   41 | P: 17.39 | R:  9.76 | F1: 12.50
[Wed May 11 12:34:39 2022|MetricForRecognition.py|INFO] 对偶 | Num:   34 | P: 40.00 | R:  5.88 | F1: 10.26
[Wed May 11 12:34:39 2022|MetricForRecognition.py|INFO] 反复 | Num:   55 | P: 11.76 | R:  3.64 | F1:  5.56
[Wed May 11 12:34:39 2022|MetricForRecognition.py|INFO] 对比 | Num:   21 | P:  0.00 | R:  0.00 | F1:  0.00
[Wed May 11 12:34:39 2022|MetricForRecognition.py|INFO] 引语 | Num:   62 | P: 40.48 | R: 27.42 | F1: 32.69
[Wed May 11 12:34:39 2022|MetricForRecognition.py|INFO] Overall performance | Total num:  858 | P: 29.15 | R: 21.68 | F1: 24.87
[Wed May 11 12:34:39 2022|TrainRecognition.py|INFO] epoch 7, iter 0, loss = 0.20962558686733246, lr=6.5000000000000004e-06
[Wed May 11 12:34:56 2022|TrainRecognition.py|INFO] epoch 7, iter 50, loss = 0.24119777977466583, lr=6.364130434782609e-06
[Wed May 11 12:35:13 2022|TrainRecognition.py|INFO] epoch 7, iter 100, loss = 0.26773878931999207, lr=6.228260869565218e-06
[Wed May 11 12:35:30 2022|TrainRecognition.py|INFO] epoch 7, iter 150, loss = 0.1532125025987625, lr=6.0923913043478266e-06
[Wed May 11 12:35:41 2022|TrainRecognition.py|INFO] Evaluation Result on epoch 7:
[Wed May 11 12:35:49 2022|MetricForRecognition.py|INFO] 比喻 | Num:  296 | P: 33.09 | R: 45.61 | F1: 38.35
[Wed May 11 12:35:49 2022|MetricForRecognition.py|INFO] 比拟 | Num:   90 | P:  0.00 | R:  0.00 | F1:  0.00
[Wed May 11 12:35:49 2022|MetricForRecognition.py|INFO] 借代 | Num:   69 | P: 46.15 | R:  8.70 | F1: 14.63
[Wed May 11 12:35:49 2022|MetricForRecognition.py|INFO] 夸张 | Num:   69 | P: 20.00 | R:  2.90 | F1:  5.06
[Wed May 11 12:35:49 2022|MetricForRecognition.py|INFO] 反语 | Num:    4 | P:  0.00 | R:  0.00 | F1:  0.00
[Wed May 11 12:35:49 2022|MetricForRecognition.py|INFO] 通感 | Num:    6 | P:  0.00 | R:  0.00 | F1:  0.00
[Wed May 11 12:35:49 2022|MetricForRecognition.py|INFO] 问语 | Num:  111 | P: 17.36 | R: 18.92 | F1: 18.10
[Wed May 11 12:35:49 2022|MetricForRecognition.py|INFO] 排比 | Num:   41 | P: 19.57 | R: 21.95 | F1: 20.69
[Wed May 11 12:35:49 2022|MetricForRecognition.py|INFO] 对偶 | Num:   34 | P: 20.00 | R:  8.82 | F1: 12.24
[Wed May 11 12:35:49 2022|MetricForRecognition.py|INFO] 反复 | Num:   55 | P: 25.00 | R: 16.36 | F1: 19.78
[Wed May 11 12:35:49 2022|MetricForRecognition.py|INFO] 对比 | Num:   21 | P:  0.00 | R:  0.00 | F1:  0.00
[Wed May 11 12:35:49 2022|MetricForRecognition.py|INFO] 引语 | Num:   62 | P: 34.09 | R: 24.19 | F1: 28.30
[Wed May 11 12:35:49 2022|MetricForRecognition.py|INFO] Overall performance | Total num:  858 | P: 27.93 | R: 23.31 | F1: 25.41
[Wed May 11 12:35:50 2022|TrainRecognition.py|INFO] epoch 8, iter 0, loss = 0.20147739350795746, lr=6e-06
[Wed May 11 12:36:06 2022|TrainRecognition.py|INFO] epoch 8, iter 50, loss = 0.19771625101566315, lr=5.864130434782609e-06
[Wed May 11 12:36:23 2022|TrainRecognition.py|INFO] epoch 8, iter 100, loss = 0.2552163600921631, lr=5.7282608695652176e-06
[Wed May 11 12:36:40 2022|TrainRecognition.py|INFO] epoch 8, iter 150, loss = 0.15772496163845062, lr=5.592391304347826e-06
[Wed May 11 12:36:51 2022|TrainRecognition.py|INFO] Evaluation Result on epoch 8:
[Wed May 11 12:37:01 2022|MetricForRecognition.py|INFO] 比喻 | Num:  296 | P: 33.74 | R: 46.28 | F1: 39.03
[Wed May 11 12:37:01 2022|MetricForRecognition.py|INFO] 比拟 | Num:   90 | P:  6.25 | R:  2.22 | F1:  3.28
[Wed May 11 12:37:01 2022|MetricForRecognition.py|INFO] 借代 | Num:   69 | P: 32.00 | R: 11.59 | F1: 17.02
[Wed May 11 12:37:01 2022|MetricForRecognition.py|INFO] 夸张 | Num:   69 | P: 18.75 | R:  4.35 | F1:  7.06
[Wed May 11 12:37:01 2022|MetricForRecognition.py|INFO] 反语 | Num:    4 | P:  0.00 | R:  0.00 | F1:  0.00
[Wed May 11 12:37:01 2022|MetricForRecognition.py|INFO] 通感 | Num:    6 | P:  0.00 | R:  0.00 | F1:  0.00
[Wed May 11 12:37:01 2022|MetricForRecognition.py|INFO] 问语 | Num:  111 | P: 15.54 | R: 20.72 | F1: 17.76
[Wed May 11 12:37:01 2022|MetricForRecognition.py|INFO] 排比 | Num:   41 | P: 19.44 | R: 17.07 | F1: 18.18
[Wed May 11 12:37:01 2022|MetricForRecognition.py|INFO] 对偶 | Num:   34 | P: 17.65 | R:  8.82 | F1: 11.76
[Wed May 11 12:37:01 2022|MetricForRecognition.py|INFO] 反复 | Num:   55 | P: 28.89 | R: 23.64 | F1: 26.00
[Wed May 11 12:37:01 2022|MetricForRecognition.py|INFO] 对比 | Num:   21 | P:  0.00 | R:  0.00 | F1:  0.00
[Wed May 11 12:37:01 2022|MetricForRecognition.py|INFO] 引语 | Num:   62 | P: 36.36 | R: 25.81 | F1: 30.19
[Wed May 11 12:37:01 2022|MetricForRecognition.py|INFO] Overall performance | Total num:  858 | P: 27.35 | R: 24.71 | F1: 25.96
[Wed May 11 12:37:01 2022|TrainRecognition.py|INFO] epoch 9, iter 0, loss = 0.19319148361682892, lr=5.500000000000001e-06
[Wed May 11 12:37:18 2022|TrainRecognition.py|INFO] epoch 9, iter 50, loss = 0.17733781039714813, lr=5.364130434782609e-06
[Wed May 11 12:37:35 2022|TrainRecognition.py|INFO] epoch 9, iter 100, loss = 0.2391202300786972, lr=5.228260869565218e-06
[Wed May 11 12:37:52 2022|TrainRecognition.py|INFO] epoch 9, iter 150, loss = 0.15082614123821259, lr=5.092391304347827e-06
[Wed May 11 12:38:03 2022|TrainRecognition.py|INFO] Evaluation Result on epoch 9:
[Wed May 11 12:38:13 2022|MetricForRecognition.py|INFO] 比喻 | Num:  296 | P: 32.74 | R: 43.58 | F1: 37.39
[Wed May 11 12:38:13 2022|MetricForRecognition.py|INFO] 比拟 | Num:   90 | P:  5.26 | R:  2.22 | F1:  3.12
[Wed May 11 12:38:13 2022|MetricForRecognition.py|INFO] 借代 | Num:   69 | P: 18.92 | R: 10.14 | F1: 13.21
[Wed May 11 12:38:13 2022|MetricForRecognition.py|INFO] 夸张 | Num:   69 | P: 18.75 | R:  8.70 | F1: 11.88
[Wed May 11 12:38:13 2022|MetricForRecognition.py|INFO] 反语 | Num:    4 | P:  0.00 | R:  0.00 | F1:  0.00
[Wed May 11 12:38:13 2022|MetricForRecognition.py|INFO] 通感 | Num:    6 | P:  0.00 | R:  0.00 | F1:  0.00
[Wed May 11 12:38:13 2022|MetricForRecognition.py|INFO] 问语 | Num:  111 | P: 13.70 | R: 18.02 | F1: 15.56
[Wed May 11 12:38:13 2022|MetricForRecognition.py|INFO] 排比 | Num:   41 | P: 16.67 | R: 14.63 | F1: 15.58
[Wed May 11 12:38:13 2022|MetricForRecognition.py|INFO] 对偶 | Num:   34 | P: 12.00 | R:  8.82 | F1: 10.17
[Wed May 11 12:38:13 2022|MetricForRecognition.py|INFO] 反复 | Num:   55 | P: 24.49 | R: 21.82 | F1: 23.08
[Wed May 11 12:38:13 2022|MetricForRecognition.py|INFO] 对比 | Num:   21 | P:  9.09 | R:  4.76 | F1:  6.25
[Wed May 11 12:38:13 2022|MetricForRecognition.py|INFO] 引语 | Num:   62 | P: 33.33 | R: 25.81 | F1: 29.09
[Wed May 11 12:38:13 2022|MetricForRecognition.py|INFO] Overall performance | Total num:  858 | P: 24.75 | R: 23.54 | F1: 24.13
[Wed May 11 12:38:13 2022|TrainRecognition.py|INFO] epoch 10, iter 0, loss = 0.18573105335235596, lr=5e-06
[Wed May 11 12:38:30 2022|TrainRecognition.py|INFO] epoch 10, iter 50, loss = 0.177878737449646, lr=4.864130434782609e-06
[Wed May 11 12:38:47 2022|TrainRecognition.py|INFO] epoch 10, iter 100, loss = 0.2088640332221985, lr=4.728260869565218e-06
[Wed May 11 12:39:04 2022|TrainRecognition.py|INFO] epoch 10, iter 150, loss = 0.12379200756549835, lr=4.5923913043478265e-06
[Wed May 11 12:39:15 2022|TrainRecognition.py|INFO] Evaluation Result on epoch 10:
[Wed May 11 12:39:25 2022|MetricForRecognition.py|INFO] 比喻 | Num:  296 | P: 34.69 | R: 45.95 | F1: 39.53
[Wed May 11 12:39:25 2022|MetricForRecognition.py|INFO] 比拟 | Num:   90 | P:  6.38 | R:  3.33 | F1:  4.38
[Wed May 11 12:39:25 2022|MetricForRecognition.py|INFO] 借代 | Num:   69 | P: 21.05 | R: 11.59 | F1: 14.95
[Wed May 11 12:39:25 2022|MetricForRecognition.py|INFO] 夸张 | Num:   69 | P: 12.82 | R:  7.25 | F1:  9.26
[Wed May 11 12:39:25 2022|MetricForRecognition.py|INFO] 反语 | Num:    4 | P:  0.00 | R:  0.00 | F1:  0.00
[Wed May 11 12:39:25 2022|MetricForRecognition.py|INFO] 通感 | Num:    6 | P:  0.00 | R:  0.00 | F1:  0.00
[Wed May 11 12:39:25 2022|MetricForRecognition.py|INFO] 问语 | Num:  111 | P: 18.97 | R: 19.82 | F1: 19.38
[Wed May 11 12:39:25 2022|MetricForRecognition.py|INFO] 排比 | Num:   41 | P: 24.14 | R: 17.07 | F1: 20.00
[Wed May 11 12:39:25 2022|MetricForRecognition.py|INFO] 对偶 | Num:   34 | P:  9.52 | R:  5.88 | F1:  7.27
[Wed May 11 12:39:25 2022|MetricForRecognition.py|INFO] 反复 | Num:   55 | P: 24.49 | R: 21.82 | F1: 23.08
[Wed May 11 12:39:25 2022|MetricForRecognition.py|INFO] 对比 | Num:   21 | P:  6.67 | R:  4.76 | F1:  5.56
[Wed May 11 12:39:25 2022|MetricForRecognition.py|INFO] 引语 | Num:   62 | P: 32.56 | R: 22.58 | F1: 26.67
[Wed May 11 12:39:25 2022|MetricForRecognition.py|INFO] Overall performance | Total num:  858 | P: 26.62 | R: 24.48 | F1: 25.50
[Wed May 11 12:39:25 2022|TrainRecognition.py|INFO] epoch 11, iter 0, loss = 0.16815735399723053, lr=4.5e-06
[Wed May 11 12:39:42 2022|TrainRecognition.py|INFO] epoch 11, iter 50, loss = 0.1782861053943634, lr=4.364130434782609e-06
[Wed May 11 12:39:59 2022|TrainRecognition.py|INFO] epoch 11, iter 100, loss = 0.2154960334300995, lr=4.2282608695652175e-06
[Wed May 11 12:40:15 2022|TrainRecognition.py|INFO] epoch 11, iter 150, loss = 0.11008836328983307, lr=4.092391304347826e-06
[Wed May 11 12:40:26 2022|TrainRecognition.py|INFO] Evaluation Result on epoch 11:
[Wed May 11 12:40:36 2022|MetricForRecognition.py|INFO] 比喻 | Num:  296 | P: 34.95 | R: 46.28 | F1: 39.83
[Wed May 11 12:40:36 2022|MetricForRecognition.py|INFO] 比拟 | Num:   90 | P: 12.50 | R:  3.33 | F1:  5.26
[Wed May 11 12:40:36 2022|MetricForRecognition.py|INFO] 借代 | Num:   69 | P: 21.05 | R: 11.59 | F1: 14.95
[Wed May 11 12:40:36 2022|MetricForRecognition.py|INFO] 夸张 | Num:   69 | P: 17.86 | R:  7.25 | F1: 10.31
[Wed May 11 12:40:36 2022|MetricForRecognition.py|INFO] 反语 | Num:    4 | P:  0.00 | R:  0.00 | F1:  0.00
[Wed May 11 12:40:36 2022|MetricForRecognition.py|INFO] 通感 | Num:    6 | P:  0.00 | R:  0.00 | F1:  0.00
[Wed May 11 12:40:36 2022|MetricForRecognition.py|INFO] 问语 | Num:  111 | P: 17.24 | R: 22.52 | F1: 19.53
[Wed May 11 12:40:36 2022|MetricForRecognition.py|INFO] 排比 | Num:   41 | P: 34.48 | R: 24.39 | F1: 28.57
[Wed May 11 12:40:36 2022|MetricForRecognition.py|INFO] 对偶 | Num:   34 | P: 18.18 | R: 11.76 | F1: 14.29
[Wed May 11 12:40:36 2022|MetricForRecognition.py|INFO] 反复 | Num:   55 | P: 20.00 | R: 20.00 | F1: 20.00
[Wed May 11 12:40:36 2022|MetricForRecognition.py|INFO] 对比 | Num:   21 | P:  7.14 | R:  4.76 | F1:  5.71
[Wed May 11 12:40:36 2022|MetricForRecognition.py|INFO] 引语 | Num:   62 | P: 38.46 | R: 24.19 | F1: 29.70
[Wed May 11 12:40:36 2022|MetricForRecognition.py|INFO] Overall performance | Total num:  858 | P: 27.86 | R: 25.52 | F1: 26.64
[Wed May 11 12:40:36 2022|TrainRecognition.py|INFO] epoch 12, iter 0, loss = 0.16917748749256134, lr=4.000000000000001e-06
[Wed May 11 12:40:53 2022|TrainRecognition.py|INFO] epoch 12, iter 50, loss = 0.13619664311408997, lr=3.864130434782609e-06
[Wed May 11 12:41:09 2022|TrainRecognition.py|INFO] epoch 12, iter 100, loss = 0.1828087419271469, lr=3.7282608695652177e-06
[Wed May 11 12:41:26 2022|TrainRecognition.py|INFO] epoch 12, iter 150, loss = 0.10884281992912292, lr=3.5923913043478264e-06
[Wed May 11 12:41:37 2022|TrainRecognition.py|INFO] Evaluation Result on epoch 12:
[Wed May 11 12:41:46 2022|MetricForRecognition.py|INFO] 比喻 | Num:  296 | P: 34.73 | R: 44.93 | F1: 39.18
[Wed May 11 12:41:46 2022|MetricForRecognition.py|INFO] 比拟 | Num:   90 | P:  4.17 | R:  1.11 | F1:  1.75
[Wed May 11 12:41:46 2022|MetricForRecognition.py|INFO] 借代 | Num:   69 | P: 21.62 | R: 11.59 | F1: 15.09
[Wed May 11 12:41:46 2022|MetricForRecognition.py|INFO] 夸张 | Num:   69 | P: 16.67 | R:  7.25 | F1: 10.10
[Wed May 11 12:41:46 2022|MetricForRecognition.py|INFO] 反语 | Num:    4 | P:  0.00 | R:  0.00 | F1:  0.00
[Wed May 11 12:41:46 2022|MetricForRecognition.py|INFO] 通感 | Num:    6 | P:  0.00 | R:  0.00 | F1:  0.00
[Wed May 11 12:41:46 2022|MetricForRecognition.py|INFO] 问语 | Num:  111 | P: 18.25 | R: 22.52 | F1: 20.16
[Wed May 11 12:41:46 2022|MetricForRecognition.py|INFO] 排比 | Num:   41 | P: 26.67 | R: 19.51 | F1: 22.54
[Wed May 11 12:41:46 2022|MetricForRecognition.py|INFO] 对偶 | Num:   34 | P: 10.00 | R:  5.88 | F1:  7.41
[Wed May 11 12:41:46 2022|MetricForRecognition.py|INFO] 反复 | Num:   55 | P: 26.00 | R: 23.64 | F1: 24.76
[Wed May 11 12:41:46 2022|MetricForRecognition.py|INFO] 对比 | Num:   21 | P:  8.33 | R:  4.76 | F1:  6.06
[Wed May 11 12:41:46 2022|MetricForRecognition.py|INFO] 引语 | Num:   62 | P: 35.00 | R: 22.58 | F1: 27.45
[Wed May 11 12:41:46 2022|MetricForRecognition.py|INFO] Overall performance | Total num:  858 | P: 27.52 | R: 24.48 | F1: 25.91
[Wed May 11 12:41:47 2022|TrainRecognition.py|INFO] epoch 13, iter 0, loss = 0.14409908652305603, lr=3.5e-06
[Wed May 11 12:42:03 2022|TrainRecognition.py|INFO] epoch 13, iter 50, loss = 0.1365714967250824, lr=3.3641304347826087e-06
[Wed May 11 12:42:19 2022|TrainRecognition.py|INFO] epoch 13, iter 100, loss = 0.20027685165405273, lr=3.2282608695652178e-06
[Wed May 11 12:42:36 2022|TrainRecognition.py|INFO] epoch 13, iter 150, loss = 0.10588948428630829, lr=3.0923913043478265e-06
[Wed May 11 12:42:47 2022|TrainRecognition.py|INFO] Evaluation Result on epoch 13:
[Wed May 11 12:42:55 2022|MetricForRecognition.py|INFO] 比喻 | Num:  296 | P: 32.75 | R: 44.59 | F1: 37.77
[Wed May 11 12:42:55 2022|MetricForRecognition.py|INFO] 比拟 | Num:   90 | P: 10.87 | R:  5.56 | F1:  7.35
[Wed May 11 12:42:55 2022|MetricForRecognition.py|INFO] 借代 | Num:   69 | P: 22.22 | R: 11.59 | F1: 15.24
[Wed May 11 12:42:55 2022|MetricForRecognition.py|INFO] 夸张 | Num:   69 | P: 15.15 | R:  7.25 | F1:  9.80
[Wed May 11 12:42:55 2022|MetricForRecognition.py|INFO] 反语 | Num:    4 | P:  0.00 | R:  0.00 | F1:  0.00
[Wed May 11 12:42:55 2022|MetricForRecognition.py|INFO] 通感 | Num:    6 | P:  0.00 | R:  0.00 | F1:  0.00
[Wed May 11 12:42:55 2022|MetricForRecognition.py|INFO] 问语 | Num:  111 | P: 25.00 | R: 27.93 | F1: 26.38
[Wed May 11 12:42:55 2022|MetricForRecognition.py|INFO] 排比 | Num:   41 | P: 23.68 | R: 21.95 | F1: 22.78
[Wed May 11 12:42:55 2022|MetricForRecognition.py|INFO] 对偶 | Num:   34 | P: 13.64 | R:  8.82 | F1: 10.71
[Wed May 11 12:42:55 2022|MetricForRecognition.py|INFO] 反复 | Num:   55 | P: 26.67 | R: 21.82 | F1: 24.00
[Wed May 11 12:42:55 2022|MetricForRecognition.py|INFO] 对比 | Num:   21 | P:  8.33 | R:  4.76 | F1:  6.06
[Wed May 11 12:42:55 2022|MetricForRecognition.py|INFO] 引语 | Num:   62 | P: 31.71 | R: 20.97 | F1: 25.24
[Wed May 11 12:42:55 2022|MetricForRecognition.py|INFO] Overall performance | Total num:  858 | P: 27.38 | R: 25.52 | F1: 26.42
[Wed May 11 12:42:56 2022|TrainRecognition.py|INFO] epoch 14, iter 0, loss = 0.13629071414470673, lr=3e-06
[Wed May 11 12:43:12 2022|TrainRecognition.py|INFO] epoch 14, iter 50, loss = 0.1181151494383812, lr=2.8641304347826088e-06
[Wed May 11 12:43:28 2022|TrainRecognition.py|INFO] epoch 14, iter 100, loss = 0.18874534964561462, lr=2.7282608695652175e-06
[Wed May 11 12:43:45 2022|TrainRecognition.py|INFO] epoch 14, iter 150, loss = 0.0962185263633728, lr=2.592391304347826e-06
[Wed May 11 12:43:55 2022|TrainRecognition.py|INFO] Evaluation Result on epoch 14:
[Wed May 11 12:44:03 2022|MetricForRecognition.py|INFO] 比喻 | Num:  296 | P: 33.50 | R: 45.95 | F1: 38.75
[Wed May 11 12:44:03 2022|MetricForRecognition.py|INFO] 比拟 | Num:   90 | P: 12.24 | R:  6.67 | F1:  8.63
[Wed May 11 12:44:03 2022|MetricForRecognition.py|INFO] 借代 | Num:   69 | P: 18.18 | R: 11.59 | F1: 14.16
[Wed May 11 12:44:03 2022|MetricForRecognition.py|INFO] 夸张 | Num:   69 | P: 11.43 | R:  5.80 | F1:  7.69
[Wed May 11 12:44:03 2022|MetricForRecognition.py|INFO] 反语 | Num:    4 | P:  0.00 | R:  0.00 | F1:  0.00
[Wed May 11 12:44:03 2022|MetricForRecognition.py|INFO] 通感 | Num:    6 | P:  0.00 | R:  0.00 | F1:  0.00
[Wed May 11 12:44:03 2022|MetricForRecognition.py|INFO] 问语 | Num:  111 | P: 19.38 | R: 27.93 | F1: 22.88
[Wed May 11 12:44:03 2022|MetricForRecognition.py|INFO] 排比 | Num:   41 | P: 25.71 | R: 21.95 | F1: 23.68
[Wed May 11 12:44:03 2022|MetricForRecognition.py|INFO] 对偶 | Num:   34 | P: 12.00 | R:  8.82 | F1: 10.17
[Wed May 11 12:44:03 2022|MetricForRecognition.py|INFO] 反复 | Num:   55 | P: 20.37 | R: 20.00 | F1: 20.18
[Wed May 11 12:44:03 2022|MetricForRecognition.py|INFO] 对比 | Num:   21 | P:  6.67 | R:  4.76 | F1:  5.56
[Wed May 11 12:44:03 2022|MetricForRecognition.py|INFO] 引语 | Num:   62 | P: 30.23 | R: 20.97 | F1: 24.76
[Wed May 11 12:44:03 2022|MetricForRecognition.py|INFO] Overall performance | Total num:  858 | P: 25.64 | R: 25.87 | F1: 25.75
[Wed May 11 12:44:04 2022|TrainRecognition.py|INFO] epoch 15, iter 0, loss = 0.12239360064268112, lr=2.5e-06
[Wed May 11 12:44:20 2022|TrainRecognition.py|INFO] epoch 15, iter 50, loss = 0.11873949319124222, lr=2.364130434782609e-06
[Wed May 11 12:44:36 2022|TrainRecognition.py|INFO] epoch 15, iter 100, loss = 0.19037935137748718, lr=2.2282608695652176e-06
[Wed May 11 12:44:53 2022|TrainRecognition.py|INFO] epoch 15, iter 150, loss = 0.07756588608026505, lr=2.0923913043478263e-06
[Wed May 11 12:45:03 2022|TrainRecognition.py|INFO] Evaluation Result on epoch 15:
[Wed May 11 12:45:13 2022|MetricForRecognition.py|INFO] 比喻 | Num:  296 | P: 33.17 | R: 46.62 | F1: 38.76
[Wed May 11 12:45:13 2022|MetricForRecognition.py|INFO] 比拟 | Num:   90 | P: 11.11 | R:  6.67 | F1:  8.33
[Wed May 11 12:45:13 2022|MetricForRecognition.py|INFO] 借代 | Num:   69 | P: 17.02 | R: 11.59 | F1: 13.79
[Wed May 11 12:45:13 2022|MetricForRecognition.py|INFO] 夸张 | Num:   69 | P:  8.57 | R:  4.35 | F1:  5.77
[Wed May 11 12:45:13 2022|MetricForRecognition.py|INFO] 反语 | Num:    4 | P:  0.00 | R:  0.00 | F1:  0.00
[Wed May 11 12:45:13 2022|MetricForRecognition.py|INFO] 通感 | Num:    6 | P:  0.00 | R:  0.00 | F1:  0.00
[Wed May 11 12:45:13 2022|MetricForRecognition.py|INFO] 问语 | Num:  111 | P: 19.50 | R: 27.93 | F1: 22.96
[Wed May 11 12:45:13 2022|MetricForRecognition.py|INFO] 排比 | Num:   41 | P: 22.50 | R: 21.95 | F1: 22.22
[Wed May 11 12:45:13 2022|MetricForRecognition.py|INFO] 对偶 | Num:   34 | P: 12.50 | R:  8.82 | F1: 10.34
[Wed May 11 12:45:13 2022|MetricForRecognition.py|INFO] 反复 | Num:   55 | P: 23.53 | R: 21.82 | F1: 22.64
[Wed May 11 12:45:13 2022|MetricForRecognition.py|INFO] 对比 | Num:   21 | P:  6.25 | R:  4.76 | F1:  5.41
[Wed May 11 12:45:13 2022|MetricForRecognition.py|INFO] 引语 | Num:   62 | P: 30.43 | R: 22.58 | F1: 25.93
[Wed May 11 12:45:13 2022|MetricForRecognition.py|INFO] Overall performance | Total num:  858 | P: 25.34 | R: 26.22 | F1: 25.77
[Wed May 11 12:45:13 2022|TrainRecognition.py|INFO] epoch 16, iter 0, loss = 0.12109830230474472, lr=2.0000000000000003e-06
[Wed May 11 12:45:29 2022|TrainRecognition.py|INFO] epoch 16, iter 50, loss = 0.10332835465669632, lr=1.8641304347826088e-06
[Wed May 11 12:45:46 2022|TrainRecognition.py|INFO] epoch 16, iter 100, loss = 0.17957264184951782, lr=1.7282608695652175e-06
[Wed May 11 12:46:02 2022|TrainRecognition.py|INFO] epoch 16, iter 150, loss = 0.08095730096101761, lr=1.5923913043478262e-06
[Wed May 11 12:46:13 2022|TrainRecognition.py|INFO] Evaluation Result on epoch 16:
[Wed May 11 12:46:22 2022|MetricForRecognition.py|INFO] 比喻 | Num:  296 | P: 33.50 | R: 45.27 | F1: 38.51
[Wed May 11 12:46:22 2022|MetricForRecognition.py|INFO] 比拟 | Num:   90 | P: 12.73 | R:  7.78 | F1:  9.66
[Wed May 11 12:46:22 2022|MetricForRecognition.py|INFO] 借代 | Num:   69 | P: 14.52 | R: 13.04 | F1: 13.74
[Wed May 11 12:46:22 2022|MetricForRecognition.py|INFO] 夸张 | Num:   69 | P: 10.53 | R:  5.80 | F1:  7.48
[Wed May 11 12:46:22 2022|MetricForRecognition.py|INFO] 反语 | Num:    4 | P:  0.00 | R:  0.00 | F1:  0.00
[Wed May 11 12:46:22 2022|MetricForRecognition.py|INFO] 通感 | Num:    6 | P:  0.00 | R:  0.00 | F1:  0.00
[Wed May 11 12:46:22 2022|MetricForRecognition.py|INFO] 问语 | Num:  111 | P: 18.45 | R: 27.93 | F1: 22.22
[Wed May 11 12:46:22 2022|MetricForRecognition.py|INFO] 排比 | Num:   41 | P: 22.58 | R: 17.07 | F1: 19.44
[Wed May 11 12:46:22 2022|MetricForRecognition.py|INFO] 对偶 | Num:   34 | P: 16.00 | R: 11.76 | F1: 13.56
[Wed May 11 12:46:22 2022|MetricForRecognition.py|INFO] 反复 | Num:   55 | P: 25.00 | R: 23.64 | F1: 24.30
[Wed May 11 12:46:22 2022|MetricForRecognition.py|INFO] 对比 | Num:   21 | P:  5.56 | R:  4.76 | F1:  5.13
[Wed May 11 12:46:22 2022|MetricForRecognition.py|INFO] 引语 | Num:   62 | P: 30.61 | R: 24.19 | F1: 27.03
[Wed May 11 12:46:22 2022|MetricForRecognition.py|INFO] Overall performance | Total num:  858 | P: 25.06 | R: 26.22 | F1: 25.63
[Wed May 11 12:46:23 2022|TrainRecognition.py|INFO] epoch 17, iter 0, loss = 0.11732245981693268, lr=1.5e-06
[Wed May 11 12:46:39 2022|TrainRecognition.py|INFO] epoch 17, iter 50, loss = 0.10307304561138153, lr=1.3641304347826087e-06
[Wed May 11 12:46:55 2022|TrainRecognition.py|INFO] epoch 17, iter 100, loss = 0.1632373034954071, lr=1.2282608695652175e-06
[Wed May 11 12:47:12 2022|TrainRecognition.py|INFO] epoch 17, iter 150, loss = 0.06902622431516647, lr=1.0923913043478262e-06
[Wed May 11 12:47:22 2022|TrainRecognition.py|INFO] Evaluation Result on epoch 17:
[Wed May 11 12:47:33 2022|MetricForRecognition.py|INFO] 比喻 | Num:  296 | P: 35.51 | R: 45.95 | F1: 40.06
[Wed May 11 12:47:33 2022|MetricForRecognition.py|INFO] 比拟 | Num:   90 | P:  9.62 | R:  5.56 | F1:  7.04
[Wed May 11 12:47:33 2022|MetricForRecognition.py|INFO] 借代 | Num:   69 | P: 17.39 | R: 11.59 | F1: 13.91
[Wed May 11 12:47:33 2022|MetricForRecognition.py|INFO] 夸张 | Num:   69 | P: 11.76 | R:  5.80 | F1:  7.77
[Wed May 11 12:47:33 2022|MetricForRecognition.py|INFO] 反语 | Num:    4 | P:  0.00 | R:  0.00 | F1:  0.00
[Wed May 11 12:47:33 2022|MetricForRecognition.py|INFO] 通感 | Num:    6 | P:  0.00 | R:  0.00 | F1:  0.00
[Wed May 11 12:47:33 2022|MetricForRecognition.py|INFO] 问语 | Num:  111 | P: 20.00 | R: 27.93 | F1: 23.31
[Wed May 11 12:47:33 2022|MetricForRecognition.py|INFO] 排比 | Num:   41 | P: 18.75 | R: 21.95 | F1: 20.22
[Wed May 11 12:47:33 2022|MetricForRecognition.py|INFO] 对偶 | Num:   34 | P: 14.29 | R: 11.76 | F1: 12.90
[Wed May 11 12:47:33 2022|MetricForRecognition.py|INFO] 反复 | Num:   55 | P: 25.00 | R: 25.45 | F1: 25.23
[Wed May 11 12:47:33 2022|MetricForRecognition.py|INFO] 对比 | Num:   21 | P:  5.26 | R:  4.76 | F1:  5.00
[Wed May 11 12:47:33 2022|MetricForRecognition.py|INFO] 引语 | Num:   62 | P: 28.26 | R: 20.97 | F1: 24.07
[Wed May 11 12:47:33 2022|MetricForRecognition.py|INFO] Overall performance | Total num:  858 | P: 25.95 | R: 26.22 | F1: 26.09
[Wed May 11 12:47:33 2022|TrainRecognition.py|INFO] epoch 18, iter 0, loss = 0.11696336418390274, lr=1.0000000000000002e-06
[Wed May 11 12:47:49 2022|TrainRecognition.py|INFO] epoch 18, iter 50, loss = 0.11137430369853973, lr=8.641304347826088e-07
[Wed May 11 12:48:05 2022|TrainRecognition.py|INFO] epoch 18, iter 100, loss = 0.166433185338974, lr=7.282608695652174e-07
[Wed May 11 12:48:22 2022|TrainRecognition.py|INFO] epoch 18, iter 150, loss = 0.06636156141757965, lr=5.923913043478261e-07
[Wed May 11 12:48:32 2022|TrainRecognition.py|INFO] Evaluation Result on epoch 18:
[Wed May 11 12:48:42 2022|MetricForRecognition.py|INFO] 比喻 | Num:  296 | P: 36.94 | R: 44.93 | F1: 40.55
[Wed May 11 12:48:42 2022|MetricForRecognition.py|INFO] 比拟 | Num:   90 | P:  9.80 | R:  5.56 | F1:  7.09
[Wed May 11 12:48:42 2022|MetricForRecognition.py|INFO] 借代 | Num:   69 | P: 19.51 | R: 11.59 | F1: 14.55
[Wed May 11 12:48:42 2022|MetricForRecognition.py|INFO] 夸张 | Num:   69 | P: 12.90 | R:  5.80 | F1:  8.00
[Wed May 11 12:48:42 2022|MetricForRecognition.py|INFO] 反语 | Num:    4 | P:  0.00 | R:  0.00 | F1:  0.00
[Wed May 11 12:48:42 2022|MetricForRecognition.py|INFO] 通感 | Num:    6 | P:  0.00 | R:  0.00 | F1:  0.00
[Wed May 11 12:48:42 2022|MetricForRecognition.py|INFO] 问语 | Num:  111 | P: 21.58 | R: 27.03 | F1: 24.00
[Wed May 11 12:48:42 2022|MetricForRecognition.py|INFO] 排比 | Num:   41 | P: 17.78 | R: 19.51 | F1: 18.60
[Wed May 11 12:48:42 2022|MetricForRecognition.py|INFO] 对偶 | Num:   34 | P: 15.38 | R: 11.76 | F1: 13.33
[Wed May 11 12:48:42 2022|MetricForRecognition.py|INFO] 反复 | Num:   55 | P: 23.33 | R: 25.45 | F1: 24.35
[Wed May 11 12:48:42 2022|MetricForRecognition.py|INFO] 对比 | Num:   21 | P:  5.56 | R:  4.76 | F1:  5.13
[Wed May 11 12:48:42 2022|MetricForRecognition.py|INFO] 引语 | Num:   62 | P: 30.23 | R: 20.97 | F1: 24.76
[Wed May 11 12:48:42 2022|MetricForRecognition.py|INFO] Overall performance | Total num:  858 | P: 27.03 | R: 25.64 | F1: 26.32
[Wed May 11 12:48:42 2022|TrainRecognition.py|INFO] epoch 19, iter 0, loss = 0.10864326357841492, lr=5.000000000000001e-07
[Wed May 11 12:48:58 2022|TrainRecognition.py|INFO] epoch 19, iter 50, loss = 0.10354402661323547, lr=3.641304347826087e-07
[Wed May 11 12:49:14 2022|TrainRecognition.py|INFO] epoch 19, iter 100, loss = 0.1636274755001068, lr=2.2826086956521742e-07
[Wed May 11 12:49:30 2022|TrainRecognition.py|INFO] epoch 19, iter 150, loss = 0.07475236803293228, lr=9.23913043478261e-08
[Wed May 11 12:49:41 2022|TrainRecognition.py|INFO] Evaluation Result on epoch 19:
[Wed May 11 12:49:49 2022|MetricForRecognition.py|INFO] 比喻 | Num:  296 | P: 36.24 | R: 44.93 | F1: 40.12
[Wed May 11 12:49:49 2022|MetricForRecognition.py|INFO] 比拟 | Num:   90 | P:  6.52 | R:  3.33 | F1:  4.41
[Wed May 11 12:49:49 2022|MetricForRecognition.py|INFO] 借代 | Num:   69 | P: 20.51 | R: 11.59 | F1: 14.81
[Wed May 11 12:49:49 2022|MetricForRecognition.py|INFO] 夸张 | Num:   69 | P: 15.38 | R:  5.80 | F1:  8.42
[Wed May 11 12:49:49 2022|MetricForRecognition.py|INFO] 反语 | Num:    4 | P:  0.00 | R:  0.00 | F1:  0.00
[Wed May 11 12:49:49 2022|MetricForRecognition.py|INFO] 通感 | Num:    6 | P:  0.00 | R:  0.00 | F1:  0.00
[Wed May 11 12:49:49 2022|MetricForRecognition.py|INFO] 问语 | Num:  111 | P: 23.81 | R: 27.03 | F1: 25.32
[Wed May 11 12:49:49 2022|MetricForRecognition.py|INFO] 排比 | Num:   41 | P: 20.37 | R: 26.83 | F1: 23.16
[Wed May 11 12:49:49 2022|MetricForRecognition.py|INFO] 对偶 | Num:   34 | P: 14.81 | R: 11.76 | F1: 13.11
[Wed May 11 12:49:49 2022|MetricForRecognition.py|INFO] 反复 | Num:   55 | P: 20.63 | R: 23.64 | F1: 22.03
[Wed May 11 12:49:49 2022|MetricForRecognition.py|INFO] 对比 | Num:   21 | P:  5.00 | R:  4.76 | F1:  4.88
[Wed May 11 12:49:49 2022|MetricForRecognition.py|INFO] 引语 | Num:   62 | P: 30.95 | R: 20.97 | F1: 25.00
[Wed May 11 12:49:49 2022|MetricForRecognition.py|INFO] Overall performance | Total num:  858 | P: 27.16 | R: 25.64 | F1: 26.38
[Wed May 11 12:49:49 2022|main.py|INFO] Progress| Load Accelerator succeed!
