[Fri May 13 08:18:57 2022|main.py|INFO] Progress| Parse args succeed!
[Fri May 13 08:18:58 2022|main.py|INFO] Progress| Load Bert config succeed!
[Fri May 13 08:18:58 2022|main.py|INFO] Progress| Task setup succeed!
[Fri May 13 08:19:06 2022|main.py|INFO] Progress| Load Bert tokenizer succeed!
[Fri May 13 08:19:10 2022|DatasetForRecognition.py|INFO] train size: 2934
[Fri May 13 08:19:11 2022|DatasetForRecognition.py|INFO] valid size: 419
[Fri May 13 08:19:13 2022|DatasetForRecognition.py|INFO] test size: 839
[Fri May 13 08:19:31 2022|main.py|INFO] Progress| Load Bert model succeed!
[Fri May 13 08:19:31 2022|main.py|INFO] Progress| Load Optimizer AdamW succeed!
[Fri May 13 08:19:31 2022|main.py|INFO] Progress| Load Accelerator succeed!
[Fri May 13 08:19:31 2022|TrainRecognition.py|INFO] Initial Evaluation Result
[Fri May 13 08:19:42 2022|MetricForRecognition.py|INFO] 比喻 | Num:  296 | P:  0.00 | R:  0.00 | F1:  0.00
[Fri May 13 08:19:42 2022|MetricForRecognition.py|INFO] 比拟 | Num:   90 | P:  0.00 | R:  0.00 | F1:  0.00
[Fri May 13 08:19:42 2022|MetricForRecognition.py|INFO] 借代 | Num:   69 | P:  0.00 | R:  0.00 | F1:  0.00
[Fri May 13 08:19:42 2022|MetricForRecognition.py|INFO] 夸张 | Num:   69 | P:  0.64 | R:  4.35 | F1:  1.12
[Fri May 13 08:19:42 2022|MetricForRecognition.py|INFO] 反语 | Num:    4 | P:  0.00 | R:  0.00 | F1:  0.00
[Fri May 13 08:19:42 2022|MetricForRecognition.py|INFO] 通感 | Num:    6 | P:  0.00 | R:  0.00 | F1:  0.00
[Fri May 13 08:19:42 2022|MetricForRecognition.py|INFO] 问语 | Num:  111 | P:  0.00 | R:  0.00 | F1:  0.00
[Fri May 13 08:19:42 2022|MetricForRecognition.py|INFO] 排比 | Num:   41 | P:  0.00 | R:  0.00 | F1:  0.00
[Fri May 13 08:19:42 2022|MetricForRecognition.py|INFO] 对偶 | Num:   34 | P:  0.00 | R:  0.00 | F1:  0.00
[Fri May 13 08:19:42 2022|MetricForRecognition.py|INFO] 反复 | Num:   55 | P:  0.00 | R:  0.00 | F1:  0.00
[Fri May 13 08:19:42 2022|MetricForRecognition.py|INFO] 对比 | Num:   21 | P:  0.00 | R:  0.00 | F1:  0.00
[Fri May 13 08:19:42 2022|MetricForRecognition.py|INFO] 引语 | Num:   62 | P:  0.00 | R:  0.00 | F1:  0.00
[Fri May 13 08:19:42 2022|MetricForRecognition.py|INFO] Overall performance | Total num:  858 | P:  0.03 | R:  0.35 | Micro F1:  0.06 | Macro F1:  0.09
[Fri May 13 08:19:42 2022|TrainRecognition.py|INFO] epoch 0, iter 0, loss = 3.2224843502044678, lr=1e-05
[Fri May 13 08:19:58 2022|TrainRecognition.py|INFO] epoch 0, iter 50, loss = 0.5865916013717651, lr=9.86413043478261e-06
[Fri May 13 08:20:14 2022|TrainRecognition.py|INFO] epoch 0, iter 100, loss = 0.5235530734062195, lr=9.728260869565218e-06
[Fri May 13 08:20:30 2022|TrainRecognition.py|INFO] epoch 0, iter 150, loss = 0.3333401679992676, lr=9.592391304347827e-06
[Fri May 13 08:20:40 2022|TrainRecognition.py|INFO] Evaluation Result on epoch 0:
[Fri May 13 08:20:51 2022|MetricForRecognition.py|INFO] 比喻 | Num:  296 | P: 44.68 | R:  7.09 | F1: 12.24
[Fri May 13 08:20:51 2022|MetricForRecognition.py|INFO] 比拟 | Num:   90 | P:  0.00 | R:  0.00 | F1:  0.00
[Fri May 13 08:20:51 2022|MetricForRecognition.py|INFO] 借代 | Num:   69 | P:  0.00 | R:  0.00 | F1:  0.00
[Fri May 13 08:20:51 2022|MetricForRecognition.py|INFO] 夸张 | Num:   69 | P:  0.00 | R:  0.00 | F1:  0.00
[Fri May 13 08:20:51 2022|MetricForRecognition.py|INFO] 反语 | Num:    4 | P:  0.00 | R:  0.00 | F1:  0.00
[Fri May 13 08:20:51 2022|MetricForRecognition.py|INFO] 通感 | Num:    6 | P:  0.00 | R:  0.00 | F1:  0.00
[Fri May 13 08:20:51 2022|MetricForRecognition.py|INFO] 问语 | Num:  111 | P:  0.00 | R:  0.00 | F1:  0.00
[Fri May 13 08:20:51 2022|MetricForRecognition.py|INFO] 排比 | Num:   41 | P:  0.00 | R:  0.00 | F1:  0.00
[Fri May 13 08:20:51 2022|MetricForRecognition.py|INFO] 对偶 | Num:   34 | P:  0.00 | R:  0.00 | F1:  0.00
[Fri May 13 08:20:51 2022|MetricForRecognition.py|INFO] 反复 | Num:   55 | P:  0.00 | R:  0.00 | F1:  0.00
[Fri May 13 08:20:51 2022|MetricForRecognition.py|INFO] 对比 | Num:   21 | P:  0.00 | R:  0.00 | F1:  0.00
[Fri May 13 08:20:51 2022|MetricForRecognition.py|INFO] 引语 | Num:   62 | P:  0.00 | R:  0.00 | F1:  0.00
[Fri May 13 08:20:51 2022|MetricForRecognition.py|INFO] Overall performance | Total num:  858 | P: 44.68 | R:  2.45 | Micro F1:  4.64 | Macro F1:  1.02
[Fri May 13 08:20:51 2022|TrainRecognition.py|INFO] Saving model for checkpoint 0
[Fri May 13 08:20:53 2022|TrainRecognition.py|INFO] epoch 1, iter 0, loss = 0.5016821026802063, lr=9.5e-06
[Fri May 13 08:21:09 2022|TrainRecognition.py|INFO] epoch 1, iter 50, loss = 0.47441813349723816, lr=9.36413043478261e-06
[Fri May 13 08:21:25 2022|TrainRecognition.py|INFO] epoch 1, iter 100, loss = 0.38690581917762756, lr=9.228260869565218e-06
[Fri May 13 08:21:41 2022|TrainRecognition.py|INFO] epoch 1, iter 150, loss = 0.2606907784938812, lr=9.092391304347827e-06
[Fri May 13 08:21:51 2022|TrainRecognition.py|INFO] Evaluation Result on epoch 1:
[Fri May 13 08:22:01 2022|MetricForRecognition.py|INFO] 比喻 | Num:  296 | P: 39.27 | R: 36.49 | F1: 37.83
[Fri May 13 08:22:01 2022|MetricForRecognition.py|INFO] 比拟 | Num:   90 | P:  0.00 | R:  0.00 | F1:  0.00
[Fri May 13 08:22:01 2022|MetricForRecognition.py|INFO] 借代 | Num:   69 | P:  0.00 | R:  0.00 | F1:  0.00
[Fri May 13 08:22:01 2022|MetricForRecognition.py|INFO] 夸张 | Num:   69 | P:  0.00 | R:  0.00 | F1:  0.00
[Fri May 13 08:22:01 2022|MetricForRecognition.py|INFO] 反语 | Num:    4 | P:  0.00 | R:  0.00 | F1:  0.00
[Fri May 13 08:22:01 2022|MetricForRecognition.py|INFO] 通感 | Num:    6 | P:  0.00 | R:  0.00 | F1:  0.00
[Fri May 13 08:22:01 2022|MetricForRecognition.py|INFO] 问语 | Num:  111 | P: 14.29 | R:  2.70 | F1:  4.55
[Fri May 13 08:22:01 2022|MetricForRecognition.py|INFO] 排比 | Num:   41 | P:  0.00 | R:  0.00 | F1:  0.00
[Fri May 13 08:22:01 2022|MetricForRecognition.py|INFO] 对偶 | Num:   34 | P:  0.00 | R:  0.00 | F1:  0.00
[Fri May 13 08:22:01 2022|MetricForRecognition.py|INFO] 反复 | Num:   55 | P:  0.00 | R:  0.00 | F1:  0.00
[Fri May 13 08:22:01 2022|MetricForRecognition.py|INFO] 对比 | Num:   21 | P:  0.00 | R:  0.00 | F1:  0.00
[Fri May 13 08:22:01 2022|MetricForRecognition.py|INFO] 引语 | Num:   62 | P:  0.00 | R:  0.00 | F1:  0.00
[Fri May 13 08:22:01 2022|MetricForRecognition.py|INFO] Overall performance | Total num:  858 | P: 37.37 | R: 12.94 | Micro F1: 19.22 | Macro F1:  3.53
[Fri May 13 08:22:01 2022|TrainRecognition.py|INFO] Saving model for checkpoint 1
[Fri May 13 08:22:06 2022|TrainRecognition.py|INFO] epoch 2, iter 0, loss = 0.38012954592704773, lr=9e-06
[Fri May 13 08:22:22 2022|TrainRecognition.py|INFO] epoch 2, iter 50, loss = 0.4000784456729889, lr=8.864130434782609e-06
[Fri May 13 08:22:38 2022|TrainRecognition.py|INFO] epoch 2, iter 100, loss = 0.34267061948776245, lr=8.728260869565218e-06
[Fri May 13 08:22:54 2022|TrainRecognition.py|INFO] epoch 2, iter 150, loss = 0.2204538881778717, lr=8.592391304347826e-06
[Fri May 13 08:23:05 2022|TrainRecognition.py|INFO] Evaluation Result on epoch 2:
[Fri May 13 08:23:15 2022|MetricForRecognition.py|INFO] 比喻 | Num:  296 | P: 38.69 | R: 39.86 | F1: 39.27
[Fri May 13 08:23:15 2022|MetricForRecognition.py|INFO] 比拟 | Num:   90 | P:  0.00 | R:  0.00 | F1:  0.00
[Fri May 13 08:23:15 2022|MetricForRecognition.py|INFO] 借代 | Num:   69 | P:  0.00 | R:  0.00 | F1:  0.00
[Fri May 13 08:23:15 2022|MetricForRecognition.py|INFO] 夸张 | Num:   69 | P:  0.00 | R:  0.00 | F1:  0.00
[Fri May 13 08:23:15 2022|MetricForRecognition.py|INFO] 反语 | Num:    4 | P:  0.00 | R:  0.00 | F1:  0.00
[Fri May 13 08:23:15 2022|MetricForRecognition.py|INFO] 通感 | Num:    6 | P:  0.00 | R:  0.00 | F1:  0.00
[Fri May 13 08:23:15 2022|MetricForRecognition.py|INFO] 问语 | Num:  111 | P: 26.44 | R: 20.72 | F1: 23.23
[Fri May 13 08:23:15 2022|MetricForRecognition.py|INFO] 排比 | Num:   41 | P:  0.00 | R:  0.00 | F1:  0.00
[Fri May 13 08:23:15 2022|MetricForRecognition.py|INFO] 对偶 | Num:   34 | P:  0.00 | R:  0.00 | F1:  0.00
[Fri May 13 08:23:15 2022|MetricForRecognition.py|INFO] 反复 | Num:   55 | P:  0.00 | R:  0.00 | F1:  0.00
[Fri May 13 08:23:15 2022|MetricForRecognition.py|INFO] 对比 | Num:   21 | P:  0.00 | R:  0.00 | F1:  0.00
[Fri May 13 08:23:15 2022|MetricForRecognition.py|INFO] 引语 | Num:   62 | P: 34.48 | R: 16.13 | F1: 21.98
[Fri May 13 08:23:15 2022|MetricForRecognition.py|INFO] Overall performance | Total num:  858 | P: 35.78 | R: 17.60 | Micro F1: 23.59 | Macro F1:  7.04
[Fri May 13 08:23:15 2022|TrainRecognition.py|INFO] Saving model for checkpoint 2
[Fri May 13 08:23:20 2022|TrainRecognition.py|INFO] epoch 3, iter 0, loss = 0.3287677466869354, lr=8.5e-06
[Fri May 13 08:23:36 2022|TrainRecognition.py|INFO] epoch 3, iter 50, loss = 0.33806753158569336, lr=8.364130434782609e-06
[Fri May 13 08:23:52 2022|TrainRecognition.py|INFO] epoch 3, iter 100, loss = 0.31569936871528625, lr=8.228260869565217e-06
[Fri May 13 08:24:08 2022|TrainRecognition.py|INFO] epoch 3, iter 150, loss = 0.20040000975131989, lr=8.092391304347826e-06
[Fri May 13 08:24:18 2022|TrainRecognition.py|INFO] Evaluation Result on epoch 3:
[Fri May 13 08:24:28 2022|MetricForRecognition.py|INFO] 比喻 | Num:  296 | P: 40.51 | R: 43.24 | F1: 41.83
[Fri May 13 08:24:28 2022|MetricForRecognition.py|INFO] 比拟 | Num:   90 | P:  0.00 | R:  0.00 | F1:  0.00
[Fri May 13 08:24:28 2022|MetricForRecognition.py|INFO] 借代 | Num:   69 | P:  0.00 | R:  0.00 | F1:  0.00
[Fri May 13 08:24:28 2022|MetricForRecognition.py|INFO] 夸张 | Num:   69 | P:  0.00 | R:  0.00 | F1:  0.00
[Fri May 13 08:24:28 2022|MetricForRecognition.py|INFO] 反语 | Num:    4 | P:  0.00 | R:  0.00 | F1:  0.00
[Fri May 13 08:24:28 2022|MetricForRecognition.py|INFO] 通感 | Num:    6 | P:  0.00 | R:  0.00 | F1:  0.00
[Fri May 13 08:24:28 2022|MetricForRecognition.py|INFO] 问语 | Num:  111 | P: 22.76 | R: 25.23 | F1: 23.93
[Fri May 13 08:24:28 2022|MetricForRecognition.py|INFO] 排比 | Num:   41 | P: 14.29 | R:  2.44 | F1:  4.17
[Fri May 13 08:24:28 2022|MetricForRecognition.py|INFO] 对偶 | Num:   34 | P:  0.00 | R:  0.00 | F1:  0.00
[Fri May 13 08:24:28 2022|MetricForRecognition.py|INFO] 反复 | Num:   55 | P: 33.33 | R:  7.27 | F1: 11.94
[Fri May 13 08:24:28 2022|MetricForRecognition.py|INFO] 对比 | Num:   21 | P:  0.00 | R:  0.00 | F1:  0.00
[Fri May 13 08:24:28 2022|MetricForRecognition.py|INFO] 引语 | Num:   62 | P: 33.33 | R: 22.58 | F1: 26.92
[Fri May 13 08:24:28 2022|MetricForRecognition.py|INFO] Overall performance | Total num:  858 | P: 35.00 | R: 20.40 | Micro F1: 25.77 | Macro F1:  9.07
[Fri May 13 08:24:28 2022|TrainRecognition.py|INFO] Saving model for checkpoint 3
[Fri May 13 08:24:33 2022|TrainRecognition.py|INFO] epoch 4, iter 0, loss = 0.26577645540237427, lr=8.000000000000001e-06
[Fri May 13 08:24:49 2022|TrainRecognition.py|INFO] epoch 4, iter 50, loss = 0.2829625904560089, lr=7.86413043478261e-06
[Fri May 13 08:25:05 2022|TrainRecognition.py|INFO] epoch 4, iter 100, loss = 0.28468990325927734, lr=7.728260869565219e-06
[Fri May 13 08:25:21 2022|TrainRecognition.py|INFO] epoch 4, iter 150, loss = 0.1809731125831604, lr=7.592391304347827e-06
[Fri May 13 08:25:31 2022|TrainRecognition.py|INFO] Evaluation Result on epoch 4:
[Fri May 13 08:25:41 2022|MetricForRecognition.py|INFO] 比喻 | Num:  296 | P: 38.25 | R: 42.91 | F1: 40.45
[Fri May 13 08:25:41 2022|MetricForRecognition.py|INFO] 比拟 | Num:   90 | P:  0.00 | R:  0.00 | F1:  0.00
[Fri May 13 08:25:41 2022|MetricForRecognition.py|INFO] 借代 | Num:   69 | P: 50.00 | R:  1.45 | F1:  2.82
[Fri May 13 08:25:41 2022|MetricForRecognition.py|INFO] 夸张 | Num:   69 | P: 33.33 | R:  1.45 | F1:  2.78
[Fri May 13 08:25:41 2022|MetricForRecognition.py|INFO] 反语 | Num:    4 | P:  0.00 | R:  0.00 | F1:  0.00
[Fri May 13 08:25:41 2022|MetricForRecognition.py|INFO] 通感 | Num:    6 | P:  0.00 | R:  0.00 | F1:  0.00
[Fri May 13 08:25:41 2022|MetricForRecognition.py|INFO] 问语 | Num:  111 | P: 21.43 | R: 29.73 | F1: 24.91
[Fri May 13 08:25:41 2022|MetricForRecognition.py|INFO] 排比 | Num:   41 | P: 12.20 | R: 12.20 | F1: 12.20
[Fri May 13 08:25:41 2022|MetricForRecognition.py|INFO] 对偶 | Num:   34 | P: 28.57 | R:  5.88 | F1:  9.76
[Fri May 13 08:25:41 2022|MetricForRecognition.py|INFO] 反复 | Num:   55 | P: 29.03 | R: 16.36 | F1: 20.93
[Fri May 13 08:25:41 2022|MetricForRecognition.py|INFO] 对比 | Num:   21 | P:  0.00 | R:  0.00 | F1:  0.00
[Fri May 13 08:25:41 2022|MetricForRecognition.py|INFO] 引语 | Num:   62 | P: 34.09 | R: 24.19 | F1: 28.30
[Fri May 13 08:25:41 2022|MetricForRecognition.py|INFO] Overall performance | Total num:  858 | P: 31.13 | R: 22.49 | Micro F1: 26.12 | Macro F1: 11.84
[Fri May 13 08:25:41 2022|TrainRecognition.py|INFO] Saving model for checkpoint 4
[Fri May 13 08:25:46 2022|TrainRecognition.py|INFO] epoch 5, iter 0, loss = 0.24980445206165314, lr=7.500000000000001e-06
[Fri May 13 08:26:02 2022|TrainRecognition.py|INFO] epoch 5, iter 50, loss = 0.23182842135429382, lr=7.364130434782609e-06
[Fri May 13 08:26:18 2022|TrainRecognition.py|INFO] epoch 5, iter 100, loss = 0.2676704227924347, lr=7.228260869565218e-06
[Fri May 13 08:26:34 2022|TrainRecognition.py|INFO] epoch 5, iter 150, loss = 0.16591580212116241, lr=7.092391304347826e-06
[Fri May 13 08:26:45 2022|TrainRecognition.py|INFO] Evaluation Result on epoch 5:
[Fri May 13 08:26:55 2022|MetricForRecognition.py|INFO] 比喻 | Num:  296 | P: 37.65 | R: 43.24 | F1: 40.25
[Fri May 13 08:26:55 2022|MetricForRecognition.py|INFO] 比拟 | Num:   90 | P:  0.00 | R:  0.00 | F1:  0.00
[Fri May 13 08:26:55 2022|MetricForRecognition.py|INFO] 借代 | Num:   69 | P: 42.86 | R:  4.35 | F1:  7.89
[Fri May 13 08:26:55 2022|MetricForRecognition.py|INFO] 夸张 | Num:   69 | P: 27.27 | R:  4.35 | F1:  7.50
[Fri May 13 08:26:55 2022|MetricForRecognition.py|INFO] 反语 | Num:    4 | P:  0.00 | R:  0.00 | F1:  0.00
[Fri May 13 08:26:55 2022|MetricForRecognition.py|INFO] 通感 | Num:    6 | P:  0.00 | R:  0.00 | F1:  0.00
[Fri May 13 08:26:55 2022|MetricForRecognition.py|INFO] 问语 | Num:  111 | P: 18.82 | R: 28.83 | F1: 22.78
[Fri May 13 08:26:55 2022|MetricForRecognition.py|INFO] 排比 | Num:   41 | P: 14.55 | R: 19.51 | F1: 16.67
[Fri May 13 08:26:55 2022|MetricForRecognition.py|INFO] 对偶 | Num:   34 | P: 26.67 | R: 11.76 | F1: 16.33
[Fri May 13 08:26:55 2022|MetricForRecognition.py|INFO] 反复 | Num:   55 | P: 15.94 | R: 20.00 | F1: 17.74
[Fri May 13 08:26:55 2022|MetricForRecognition.py|INFO] 对比 | Num:   21 | P: 16.67 | R:  4.76 | F1:  7.41
[Fri May 13 08:26:55 2022|MetricForRecognition.py|INFO] 引语 | Num:   62 | P: 36.00 | R: 29.03 | F1: 32.14
[Fri May 13 08:26:55 2022|MetricForRecognition.py|INFO] Overall performance | Total num:  858 | P: 28.34 | R: 24.24 | Micro F1: 26.13 | Macro F1: 14.06
[Fri May 13 08:26:55 2022|TrainRecognition.py|INFO] Saving model for checkpoint 5
[Fri May 13 08:26:59 2022|TrainRecognition.py|INFO] epoch 6, iter 0, loss = 0.2321159988641739, lr=7e-06
[Fri May 13 08:27:15 2022|TrainRecognition.py|INFO] epoch 6, iter 50, loss = 0.20395392179489136, lr=6.864130434782609e-06
[Fri May 13 08:27:31 2022|TrainRecognition.py|INFO] epoch 6, iter 100, loss = 0.24486342072486877, lr=6.728260869565217e-06
[Fri May 13 08:27:47 2022|TrainRecognition.py|INFO] epoch 6, iter 150, loss = 0.151393324136734, lr=6.592391304347827e-06
[Fri May 13 08:27:58 2022|TrainRecognition.py|INFO] Evaluation Result on epoch 6:
[Fri May 13 08:28:08 2022|MetricForRecognition.py|INFO] 比喻 | Num:  296 | P: 34.54 | R: 45.27 | F1: 39.18
[Fri May 13 08:28:08 2022|MetricForRecognition.py|INFO] 比拟 | Num:   90 | P: 10.34 | R:  3.33 | F1:  5.04
[Fri May 13 08:28:08 2022|MetricForRecognition.py|INFO] 借代 | Num:   69 | P: 29.41 | R:  7.25 | F1: 11.63
[Fri May 13 08:28:08 2022|MetricForRecognition.py|INFO] 夸张 | Num:   69 | P: 21.43 | R:  4.35 | F1:  7.23
[Fri May 13 08:28:08 2022|MetricForRecognition.py|INFO] 反语 | Num:    4 | P:  0.00 | R:  0.00 | F1:  0.00
[Fri May 13 08:28:08 2022|MetricForRecognition.py|INFO] 通感 | Num:    6 | P:  0.00 | R:  0.00 | F1:  0.00
[Fri May 13 08:28:08 2022|MetricForRecognition.py|INFO] 问语 | Num:  111 | P: 20.26 | R: 27.93 | F1: 23.48
[Fri May 13 08:28:08 2022|MetricForRecognition.py|INFO] 排比 | Num:   41 | P: 15.56 | R: 17.07 | F1: 16.28
[Fri May 13 08:28:08 2022|MetricForRecognition.py|INFO] 对偶 | Num:   34 | P: 13.33 | R:  5.88 | F1:  8.16
[Fri May 13 08:28:08 2022|MetricForRecognition.py|INFO] 反复 | Num:   55 | P: 14.10 | R: 20.00 | F1: 16.54
[Fri May 13 08:28:08 2022|MetricForRecognition.py|INFO] 对比 | Num:   21 | P:  9.09 | R:  4.76 | F1:  6.25
[Fri May 13 08:28:08 2022|MetricForRecognition.py|INFO] 引语 | Num:   62 | P: 26.79 | R: 24.19 | F1: 25.42
[Fri May 13 08:28:08 2022|MetricForRecognition.py|INFO] Overall performance | Total num:  858 | P: 26.30 | R: 24.71 | Micro F1: 25.48 | Macro F1: 13.27
[Fri May 13 08:28:08 2022|TrainRecognition.py|INFO] epoch 7, iter 0, loss = 0.19475974142551422, lr=6.5000000000000004e-06
[Fri May 13 08:28:24 2022|TrainRecognition.py|INFO] epoch 7, iter 50, loss = 0.16833411157131195, lr=6.364130434782609e-06
[Fri May 13 08:28:40 2022|TrainRecognition.py|INFO] epoch 7, iter 100, loss = 0.237224742770195, lr=6.228260869565218e-06
[Fri May 13 08:28:56 2022|TrainRecognition.py|INFO] epoch 7, iter 150, loss = 0.13636673986911774, lr=6.0923913043478266e-06
[Fri May 13 08:29:07 2022|TrainRecognition.py|INFO] Evaluation Result on epoch 7:
[Fri May 13 08:29:17 2022|MetricForRecognition.py|INFO] 比喻 | Num:  296 | P: 36.57 | R: 44.59 | F1: 40.18
[Fri May 13 08:29:17 2022|MetricForRecognition.py|INFO] 比拟 | Num:   90 | P:  4.26 | R:  2.22 | F1:  2.92
[Fri May 13 08:29:17 2022|MetricForRecognition.py|INFO] 借代 | Num:   69 | P: 34.78 | R: 11.59 | F1: 17.39
[Fri May 13 08:29:17 2022|MetricForRecognition.py|INFO] 夸张 | Num:   69 | P: 20.00 | R:  7.25 | F1: 10.64
[Fri May 13 08:29:17 2022|MetricForRecognition.py|INFO] 反语 | Num:    4 | P:  0.00 | R:  0.00 | F1:  0.00
[Fri May 13 08:29:17 2022|MetricForRecognition.py|INFO] 通感 | Num:    6 | P:  0.00 | R:  0.00 | F1:  0.00
[Fri May 13 08:29:17 2022|MetricForRecognition.py|INFO] 问语 | Num:  111 | P: 22.07 | R: 28.83 | F1: 25.00
[Fri May 13 08:29:17 2022|MetricForRecognition.py|INFO] 排比 | Num:   41 | P: 14.52 | R: 21.95 | F1: 17.48
[Fri May 13 08:29:17 2022|MetricForRecognition.py|INFO] 对偶 | Num:   34 | P: 18.52 | R: 14.71 | F1: 16.39
[Fri May 13 08:29:17 2022|MetricForRecognition.py|INFO] 反复 | Num:   55 | P: 16.22 | R: 21.82 | F1: 18.60
[Fri May 13 08:29:17 2022|MetricForRecognition.py|INFO] 对比 | Num:   21 | P:  5.00 | R:  4.76 | F1:  4.88
[Fri May 13 08:29:17 2022|MetricForRecognition.py|INFO] 引语 | Num:   62 | P: 26.79 | R: 24.19 | F1: 25.42
[Fri May 13 08:29:17 2022|MetricForRecognition.py|INFO] Overall performance | Total num:  858 | P: 26.31 | R: 25.76 | Micro F1: 26.03 | Macro F1: 14.91
[Fri May 13 08:29:17 2022|TrainRecognition.py|INFO] epoch 8, iter 0, loss = 0.17411862313747406, lr=6e-06
[Fri May 13 08:29:33 2022|TrainRecognition.py|INFO] epoch 8, iter 50, loss = 0.16489461064338684, lr=5.864130434782609e-06
[Fri May 13 08:29:49 2022|TrainRecognition.py|INFO] epoch 8, iter 100, loss = 0.2508144676685333, lr=5.7282608695652176e-06
[Fri May 13 08:30:05 2022|TrainRecognition.py|INFO] epoch 8, iter 150, loss = 0.12273447960615158, lr=5.592391304347826e-06
[Fri May 13 08:30:15 2022|TrainRecognition.py|INFO] Evaluation Result on epoch 8:
[Fri May 13 08:30:26 2022|MetricForRecognition.py|INFO] 比喻 | Num:  296 | P: 37.01 | R: 44.26 | F1: 40.31
[Fri May 13 08:30:26 2022|MetricForRecognition.py|INFO] 比拟 | Num:   90 | P:  7.02 | R:  4.44 | F1:  5.44
[Fri May 13 08:30:26 2022|MetricForRecognition.py|INFO] 借代 | Num:   69 | P: 25.93 | R: 10.14 | F1: 14.58
[Fri May 13 08:30:26 2022|MetricForRecognition.py|INFO] 夸张 | Num:   69 | P: 16.67 | R:  7.25 | F1: 10.10
[Fri May 13 08:30:26 2022|MetricForRecognition.py|INFO] 反语 | Num:    4 | P:  0.00 | R:  0.00 | F1:  0.00
[Fri May 13 08:30:26 2022|MetricForRecognition.py|INFO] 通感 | Num:    6 | P:  0.00 | R:  0.00 | F1:  0.00
[Fri May 13 08:30:26 2022|MetricForRecognition.py|INFO] 问语 | Num:  111 | P: 16.48 | R: 26.13 | F1: 20.21
[Fri May 13 08:30:26 2022|MetricForRecognition.py|INFO] 排比 | Num:   41 | P: 22.22 | R: 24.39 | F1: 23.26
[Fri May 13 08:30:26 2022|MetricForRecognition.py|INFO] 对偶 | Num:   34 | P: 12.50 | R: 11.76 | F1: 12.12
[Fri May 13 08:30:26 2022|MetricForRecognition.py|INFO] 反复 | Num:   55 | P: 19.12 | R: 23.64 | F1: 21.14
[Fri May 13 08:30:26 2022|MetricForRecognition.py|INFO] 对比 | Num:   21 | P:  5.56 | R:  9.52 | F1:  7.02
[Fri May 13 08:30:26 2022|MetricForRecognition.py|INFO] 引语 | Num:   62 | P: 28.30 | R: 24.19 | F1: 26.09
[Fri May 13 08:30:26 2022|MetricForRecognition.py|INFO] Overall performance | Total num:  858 | P: 25.06 | R: 25.64 | Micro F1: 25.35 | Macro F1: 15.02
[Fri May 13 08:30:26 2022|TrainRecognition.py|INFO] epoch 9, iter 0, loss = 0.18900422751903534, lr=5.500000000000001e-06
[Fri May 13 08:30:43 2022|TrainRecognition.py|INFO] epoch 9, iter 50, loss = 0.13839031755924225, lr=5.364130434782609e-06
[Fri May 13 08:30:59 2022|TrainRecognition.py|INFO] epoch 9, iter 100, loss = 0.22068798542022705, lr=5.228260869565218e-06
[Fri May 13 08:31:15 2022|TrainRecognition.py|INFO] epoch 9, iter 150, loss = 0.12293080985546112, lr=5.092391304347827e-06
[Fri May 13 08:31:25 2022|TrainRecognition.py|INFO] Evaluation Result on epoch 9:
[Fri May 13 08:31:37 2022|MetricForRecognition.py|INFO] 比喻 | Num:  296 | P: 40.51 | R: 42.57 | F1: 41.52
[Fri May 13 08:31:37 2022|MetricForRecognition.py|INFO] 比拟 | Num:   90 | P:  5.88 | R:  2.22 | F1:  3.23
[Fri May 13 08:31:37 2022|MetricForRecognition.py|INFO] 借代 | Num:   69 | P: 28.57 | R: 11.59 | F1: 16.49
[Fri May 13 08:31:37 2022|MetricForRecognition.py|INFO] 夸张 | Num:   69 | P: 15.15 | R:  7.25 | F1:  9.80
[Fri May 13 08:31:37 2022|MetricForRecognition.py|INFO] 反语 | Num:    4 | P:  0.00 | R:  0.00 | F1:  0.00
[Fri May 13 08:31:37 2022|MetricForRecognition.py|INFO] 通感 | Num:    6 | P:  0.00 | R:  0.00 | F1:  0.00
[Fri May 13 08:31:37 2022|MetricForRecognition.py|INFO] 问语 | Num:  111 | P: 19.38 | R: 27.93 | F1: 22.88
[Fri May 13 08:31:37 2022|MetricForRecognition.py|INFO] 排比 | Num:   41 | P: 27.78 | R: 24.39 | F1: 25.97
[Fri May 13 08:31:37 2022|MetricForRecognition.py|INFO] 对偶 | Num:   34 | P: 10.34 | R:  8.82 | F1:  9.52
[Fri May 13 08:31:37 2022|MetricForRecognition.py|INFO] 反复 | Num:   55 | P: 16.67 | R: 21.82 | F1: 18.90
[Fri May 13 08:31:37 2022|MetricForRecognition.py|INFO] 对比 | Num:   21 | P:  4.35 | R:  4.76 | F1:  4.55
[Fri May 13 08:31:37 2022|MetricForRecognition.py|INFO] 引语 | Num:   62 | P: 31.25 | R: 24.19 | F1: 27.27
[Fri May 13 08:31:37 2022|MetricForRecognition.py|INFO] Overall performance | Total num:  858 | P: 27.52 | R: 24.83 | Micro F1: 26.10 | Macro F1: 15.01
[Fri May 13 08:31:37 2022|TrainRecognition.py|INFO] epoch 10, iter 0, loss = 0.1486510932445526, lr=5e-06
[Fri May 13 08:31:53 2022|TrainRecognition.py|INFO] epoch 10, iter 50, loss = 0.133371040225029, lr=4.864130434782609e-06
[Fri May 13 08:32:09 2022|TrainRecognition.py|INFO] epoch 10, iter 100, loss = 0.19422821700572968, lr=4.728260869565218e-06
[Fri May 13 08:32:24 2022|TrainRecognition.py|INFO] epoch 10, iter 150, loss = 0.09775955229997635, lr=4.5923913043478265e-06
[Fri May 13 08:32:34 2022|TrainRecognition.py|INFO] Evaluation Result on epoch 10:
[Fri May 13 08:32:40 2022|MetricForRecognition.py|INFO] 比喻 | Num:  296 | P: 41.18 | R: 42.57 | F1: 41.86
[Fri May 13 08:32:40 2022|MetricForRecognition.py|INFO] 比拟 | Num:   90 | P: 10.81 | R:  4.44 | F1:  6.30
[Fri May 13 08:32:40 2022|MetricForRecognition.py|INFO] 借代 | Num:   69 | P: 22.22 | R: 14.49 | F1: 17.54
[Fri May 13 08:32:40 2022|MetricForRecognition.py|INFO] 夸张 | Num:   69 | P: 10.53 | R:  5.80 | F1:  7.48
[Fri May 13 08:32:40 2022|MetricForRecognition.py|INFO] 反语 | Num:    4 | P:  0.00 | R:  0.00 | F1:  0.00
[Fri May 13 08:32:40 2022|MetricForRecognition.py|INFO] 通感 | Num:    6 | P:  0.00 | R:  0.00 | F1:  0.00
[Fri May 13 08:32:40 2022|MetricForRecognition.py|INFO] 问语 | Num:  111 | P: 18.67 | R: 27.93 | F1: 22.38
[Fri May 13 08:32:40 2022|MetricForRecognition.py|INFO] 排比 | Num:   41 | P: 31.25 | R: 24.39 | F1: 27.40
[Fri May 13 08:32:40 2022|MetricForRecognition.py|INFO] 对偶 | Num:   34 | P: 12.50 | R:  8.82 | F1: 10.34
[Fri May 13 08:32:40 2022|MetricForRecognition.py|INFO] 反复 | Num:   55 | P: 21.31 | R: 23.64 | F1: 22.41
[Fri May 13 08:32:40 2022|MetricForRecognition.py|INFO] 对比 | Num:   21 | P:  4.17 | R:  4.76 | F1:  4.44
[Fri May 13 08:32:40 2022|MetricForRecognition.py|INFO] 引语 | Num:   62 | P: 23.53 | R: 19.35 | F1: 21.24
[Fri May 13 08:32:40 2022|MetricForRecognition.py|INFO] Overall performance | Total num:  858 | P: 27.30 | R: 24.94 | Micro F1: 26.07 | Macro F1: 15.12
[Fri May 13 08:32:40 2022|TrainRecognition.py|INFO] epoch 11, iter 0, loss = 0.14774490892887115, lr=4.5e-06
[Fri May 13 08:32:55 2022|TrainRecognition.py|INFO] epoch 11, iter 50, loss = 0.14620737731456757, lr=4.364130434782609e-06
[Fri May 13 08:33:10 2022|TrainRecognition.py|INFO] epoch 11, iter 100, loss = 0.1836531013250351, lr=4.2282608695652175e-06
[Fri May 13 08:33:25 2022|TrainRecognition.py|INFO] epoch 11, iter 150, loss = 0.10562259703874588, lr=4.092391304347826e-06
[Fri May 13 08:33:35 2022|TrainRecognition.py|INFO] Evaluation Result on epoch 11:
[Fri May 13 08:33:40 2022|MetricForRecognition.py|INFO] 比喻 | Num:  296 | P: 39.51 | R: 43.24 | F1: 41.29
[Fri May 13 08:33:40 2022|MetricForRecognition.py|INFO] 比拟 | Num:   90 | P: 11.76 | R:  4.44 | F1:  6.45
[Fri May 13 08:33:40 2022|MetricForRecognition.py|INFO] 借代 | Num:   69 | P: 22.81 | R: 18.84 | F1: 20.63
[Fri May 13 08:33:40 2022|MetricForRecognition.py|INFO] 夸张 | Num:   69 | P: 10.53 | R:  5.80 | F1:  7.48
[Fri May 13 08:33:40 2022|MetricForRecognition.py|INFO] 反语 | Num:    4 | P:  0.00 | R:  0.00 | F1:  0.00
[Fri May 13 08:33:40 2022|MetricForRecognition.py|INFO] 通感 | Num:    6 | P:  0.00 | R:  0.00 | F1:  0.00
[Fri May 13 08:33:40 2022|MetricForRecognition.py|INFO] 问语 | Num:  111 | P: 19.25 | R: 27.93 | F1: 22.79
[Fri May 13 08:33:40 2022|MetricForRecognition.py|INFO] 排比 | Num:   41 | P: 39.29 | R: 26.83 | F1: 31.88
[Fri May 13 08:33:40 2022|MetricForRecognition.py|INFO] 对偶 | Num:   34 | P: 25.00 | R: 11.76 | F1: 16.00
[Fri May 13 08:33:40 2022|MetricForRecognition.py|INFO] 反复 | Num:   55 | P: 18.97 | R: 20.00 | F1: 19.47
[Fri May 13 08:33:40 2022|MetricForRecognition.py|INFO] 对比 | Num:   21 | P: 10.00 | R:  4.76 | F1:  6.45
[Fri May 13 08:33:40 2022|MetricForRecognition.py|INFO] 引语 | Num:   62 | P: 28.89 | R: 20.97 | F1: 24.30
[Fri May 13 08:33:40 2022|MetricForRecognition.py|INFO] Overall performance | Total num:  858 | P: 28.53 | R: 25.64 | Micro F1: 27.01 | Macro F1: 16.40
[Fri May 13 08:33:40 2022|TrainRecognition.py|INFO] Saving model for checkpoint 11
[Fri May 13 08:33:44 2022|TrainRecognition.py|INFO] epoch 12, iter 0, loss = 0.148282989859581, lr=4.000000000000001e-06
[Fri May 13 08:33:59 2022|TrainRecognition.py|INFO] epoch 12, iter 50, loss = 0.12234822660684586, lr=3.864130434782609e-06
[Fri May 13 08:34:14 2022|TrainRecognition.py|INFO] epoch 12, iter 100, loss = 0.18529802560806274, lr=3.7282608695652177e-06
[Fri May 13 08:34:29 2022|TrainRecognition.py|INFO] epoch 12, iter 150, loss = 0.10108120739459991, lr=3.5923913043478264e-06
[Fri May 13 08:34:38 2022|TrainRecognition.py|INFO] Evaluation Result on epoch 12:
[Fri May 13 08:34:44 2022|MetricForRecognition.py|INFO] 比喻 | Num:  296 | P: 38.72 | R: 42.91 | F1: 40.71
[Fri May 13 08:34:44 2022|MetricForRecognition.py|INFO] 比拟 | Num:   90 | P: 12.82 | R:  5.56 | F1:  7.75
[Fri May 13 08:34:44 2022|MetricForRecognition.py|INFO] 借代 | Num:   69 | P: 28.57 | R: 17.39 | F1: 21.62
[Fri May 13 08:34:44 2022|MetricForRecognition.py|INFO] 夸张 | Num:   69 | P:  5.13 | R:  2.90 | F1:  3.70
[Fri May 13 08:34:44 2022|MetricForRecognition.py|INFO] 反语 | Num:    4 | P:  0.00 | R:  0.00 | F1:  0.00
[Fri May 13 08:34:44 2022|MetricForRecognition.py|INFO] 通感 | Num:    6 | P:  0.00 | R:  0.00 | F1:  0.00
[Fri May 13 08:34:44 2022|MetricForRecognition.py|INFO] 问语 | Num:  111 | P: 17.71 | R: 27.93 | F1: 21.68
[Fri May 13 08:34:44 2022|MetricForRecognition.py|INFO] 排比 | Num:   41 | P: 40.00 | R: 24.39 | F1: 30.30
[Fri May 13 08:34:44 2022|MetricForRecognition.py|INFO] 对偶 | Num:   34 | P: 17.65 | R:  8.82 | F1: 11.76
[Fri May 13 08:34:44 2022|MetricForRecognition.py|INFO] 反复 | Num:   55 | P: 24.53 | R: 23.64 | F1: 24.07
[Fri May 13 08:34:44 2022|MetricForRecognition.py|INFO] 对比 | Num:   21 | P:  7.14 | R:  4.76 | F1:  5.71
[Fri May 13 08:34:44 2022|MetricForRecognition.py|INFO] 引语 | Num:   62 | P: 27.66 | R: 20.97 | F1: 23.85
[Fri May 13 08:34:44 2022|MetricForRecognition.py|INFO] Overall performance | Total num:  858 | P: 27.86 | R: 25.29 | Micro F1: 26.51 | Macro F1: 15.93
[Fri May 13 08:34:44 2022|TrainRecognition.py|INFO] epoch 13, iter 0, loss = 0.11282818764448166, lr=3.5e-06
[Fri May 13 08:34:59 2022|TrainRecognition.py|INFO] epoch 13, iter 50, loss = 0.1069054827094078, lr=3.3641304347826087e-06
[Fri May 13 08:35:15 2022|TrainRecognition.py|INFO] epoch 13, iter 100, loss = 0.1937846690416336, lr=3.2282608695652178e-06
[Fri May 13 08:35:30 2022|TrainRecognition.py|INFO] epoch 13, iter 150, loss = 0.08205778896808624, lr=3.0923913043478265e-06
[Fri May 13 08:35:40 2022|TrainRecognition.py|INFO] Evaluation Result on epoch 13:
[Fri May 13 08:35:45 2022|MetricForRecognition.py|INFO] 比喻 | Num:  296 | P: 38.21 | R: 43.24 | F1: 40.57
[Fri May 13 08:35:45 2022|MetricForRecognition.py|INFO] 比拟 | Num:   90 | P: 14.29 | R:  4.44 | F1:  6.78
[Fri May 13 08:35:45 2022|MetricForRecognition.py|INFO] 借代 | Num:   69 | P: 25.00 | R: 14.49 | F1: 18.35
[Fri May 13 08:35:45 2022|MetricForRecognition.py|INFO] 夸张 | Num:   69 | P:  5.00 | R:  2.90 | F1:  3.67
[Fri May 13 08:35:45 2022|MetricForRecognition.py|INFO] 反语 | Num:    4 | P:  0.00 | R:  0.00 | F1:  0.00
[Fri May 13 08:35:45 2022|MetricForRecognition.py|INFO] 通感 | Num:    6 | P:  0.00 | R:  0.00 | F1:  0.00
[Fri May 13 08:35:45 2022|MetricForRecognition.py|INFO] 问语 | Num:  111 | P: 22.37 | R: 30.63 | F1: 25.86
[Fri May 13 08:35:45 2022|MetricForRecognition.py|INFO] 排比 | Num:   41 | P: 42.31 | R: 26.83 | F1: 32.84
[Fri May 13 08:35:45 2022|MetricForRecognition.py|INFO] 对偶 | Num:   34 | P: 17.65 | R:  8.82 | F1: 11.76
[Fri May 13 08:35:45 2022|MetricForRecognition.py|INFO] 反复 | Num:   55 | P: 20.00 | R: 21.82 | F1: 20.87
[Fri May 13 08:35:45 2022|MetricForRecognition.py|INFO] 对比 | Num:   21 | P:  6.67 | R:  4.76 | F1:  5.56
[Fri May 13 08:35:45 2022|MetricForRecognition.py|INFO] 引语 | Num:   62 | P: 27.27 | R: 19.35 | F1: 22.64
[Fri May 13 08:35:45 2022|MetricForRecognition.py|INFO] Overall performance | Total num:  858 | P: 28.67 | R: 25.29 | Micro F1: 26.87 | Macro F1: 15.74
[Fri May 13 08:35:46 2022|TrainRecognition.py|INFO] epoch 14, iter 0, loss = 0.11227486282587051, lr=3e-06
[Fri May 13 08:36:01 2022|TrainRecognition.py|INFO] epoch 14, iter 50, loss = 0.10229949653148651, lr=2.8641304347826088e-06
[Fri May 13 08:36:16 2022|TrainRecognition.py|INFO] epoch 14, iter 100, loss = 0.17029303312301636, lr=2.7282608695652175e-06
[Fri May 13 08:36:31 2022|TrainRecognition.py|INFO] epoch 14, iter 150, loss = 0.08473470062017441, lr=2.592391304347826e-06
[Fri May 13 08:36:41 2022|TrainRecognition.py|INFO] Evaluation Result on epoch 14:
[Fri May 13 08:36:46 2022|MetricForRecognition.py|INFO] 比喻 | Num:  296 | P: 36.49 | R: 44.26 | F1: 40.00
[Fri May 13 08:36:46 2022|MetricForRecognition.py|INFO] 比拟 | Num:   90 | P:  9.43 | R:  5.56 | F1:  6.99
[Fri May 13 08:36:46 2022|MetricForRecognition.py|INFO] 借代 | Num:   69 | P: 24.49 | R: 17.39 | F1: 20.34
[Fri May 13 08:36:46 2022|MetricForRecognition.py|INFO] 夸张 | Num:   69 | P:  6.82 | R:  4.35 | F1:  5.31
[Fri May 13 08:36:46 2022|MetricForRecognition.py|INFO] 反语 | Num:    4 | P:  0.00 | R:  0.00 | F1:  0.00
[Fri May 13 08:36:46 2022|MetricForRecognition.py|INFO] 通感 | Num:    6 | P:  0.00 | R:  0.00 | F1:  0.00
[Fri May 13 08:36:46 2022|MetricForRecognition.py|INFO] 问语 | Num:  111 | P: 21.60 | R: 31.53 | F1: 25.64
[Fri May 13 08:36:46 2022|MetricForRecognition.py|INFO] 排比 | Num:   41 | P: 31.25 | R: 24.39 | F1: 27.40
[Fri May 13 08:36:46 2022|MetricForRecognition.py|INFO] 对偶 | Num:   34 | P: 10.00 | R:  5.88 | F1:  7.41
[Fri May 13 08:36:46 2022|MetricForRecognition.py|INFO] 反复 | Num:   55 | P: 24.56 | R: 25.45 | F1: 25.00
[Fri May 13 08:36:46 2022|MetricForRecognition.py|INFO] 对比 | Num:   21 | P:  7.14 | R:  4.76 | F1:  5.71
[Fri May 13 08:36:46 2022|MetricForRecognition.py|INFO] 引语 | Num:   62 | P: 27.27 | R: 19.35 | F1: 22.64
[Fri May 13 08:36:46 2022|MetricForRecognition.py|INFO] Overall performance | Total num:  858 | P: 26.98 | R: 26.22 | Micro F1: 26.60 | Macro F1: 15.54
[Fri May 13 08:36:46 2022|TrainRecognition.py|INFO] epoch 15, iter 0, loss = 0.113063283264637, lr=2.5e-06
[Fri May 13 08:37:01 2022|TrainRecognition.py|INFO] epoch 15, iter 50, loss = 0.08824431896209717, lr=2.364130434782609e-06
[Fri May 13 08:37:17 2022|TrainRecognition.py|INFO] epoch 15, iter 100, loss = 0.16090835630893707, lr=2.2282608695652176e-06
[Fri May 13 08:37:32 2022|TrainRecognition.py|INFO] epoch 15, iter 150, loss = 0.07873509079217911, lr=2.0923913043478263e-06
[Fri May 13 08:37:42 2022|TrainRecognition.py|INFO] Evaluation Result on epoch 15:
[Fri May 13 08:37:48 2022|MetricForRecognition.py|INFO] 比喻 | Num:  296 | P: 38.76 | R: 44.26 | F1: 41.32
[Fri May 13 08:37:48 2022|MetricForRecognition.py|INFO] 比拟 | Num:   90 | P: 10.91 | R:  6.67 | F1:  8.28
[Fri May 13 08:37:48 2022|MetricForRecognition.py|INFO] 借代 | Num:   69 | P: 25.00 | R: 15.94 | F1: 19.47
[Fri May 13 08:37:48 2022|MetricForRecognition.py|INFO] 夸张 | Num:   69 | P:  4.44 | R:  2.90 | F1:  3.51
[Fri May 13 08:37:48 2022|MetricForRecognition.py|INFO] 反语 | Num:    4 | P:  0.00 | R:  0.00 | F1:  0.00
[Fri May 13 08:37:48 2022|MetricForRecognition.py|INFO] 通感 | Num:    6 | P:  0.00 | R:  0.00 | F1:  0.00
[Fri May 13 08:37:48 2022|MetricForRecognition.py|INFO] 问语 | Num:  111 | P: 21.94 | R: 30.63 | F1: 25.56
[Fri May 13 08:37:48 2022|MetricForRecognition.py|INFO] 排比 | Num:   41 | P: 31.25 | R: 24.39 | F1: 27.40
[Fri May 13 08:37:48 2022|MetricForRecognition.py|INFO] 对偶 | Num:   34 | P: 15.00 | R:  8.82 | F1: 11.11
[Fri May 13 08:37:48 2022|MetricForRecognition.py|INFO] 反复 | Num:   55 | P: 20.00 | R: 18.18 | F1: 19.05
[Fri May 13 08:37:48 2022|MetricForRecognition.py|INFO] 对比 | Num:   21 | P:  7.14 | R:  4.76 | F1:  5.71
[Fri May 13 08:37:48 2022|MetricForRecognition.py|INFO] 引语 | Num:   62 | P: 28.00 | R: 22.58 | F1: 25.00
[Fri May 13 08:37:48 2022|MetricForRecognition.py|INFO] Overall performance | Total num:  858 | P: 27.65 | R: 25.87 | Micro F1: 26.73 | Macro F1: 15.53
[Fri May 13 08:37:48 2022|TrainRecognition.py|INFO] epoch 16, iter 0, loss = 0.11392497271299362, lr=2.0000000000000003e-06
[Fri May 13 08:38:03 2022|TrainRecognition.py|INFO] epoch 16, iter 50, loss = 0.09176630526781082, lr=1.8641304347826088e-06
[Fri May 13 08:38:18 2022|TrainRecognition.py|INFO] epoch 16, iter 100, loss = 0.1504642516374588, lr=1.7282608695652175e-06
[Fri May 13 08:38:33 2022|TrainRecognition.py|INFO] epoch 16, iter 150, loss = 0.06899268925189972, lr=1.5923913043478262e-06
[Fri May 13 08:38:43 2022|TrainRecognition.py|INFO] Evaluation Result on epoch 16:
[Fri May 13 08:38:49 2022|MetricForRecognition.py|INFO] 比喻 | Num:  296 | P: 36.73 | R: 42.57 | F1: 39.44
[Fri May 13 08:38:49 2022|MetricForRecognition.py|INFO] 比拟 | Num:   90 | P: 10.00 | R:  5.56 | F1:  7.14
[Fri May 13 08:38:49 2022|MetricForRecognition.py|INFO] 借代 | Num:   69 | P: 26.19 | R: 15.94 | F1: 19.82
[Fri May 13 08:38:49 2022|MetricForRecognition.py|INFO] 夸张 | Num:   69 | P:  8.51 | R:  5.80 | F1:  6.90
[Fri May 13 08:38:49 2022|MetricForRecognition.py|INFO] 反语 | Num:    4 | P:  0.00 | R:  0.00 | F1:  0.00
[Fri May 13 08:38:49 2022|MetricForRecognition.py|INFO] 通感 | Num:    6 | P:  0.00 | R:  0.00 | F1:  0.00
[Fri May 13 08:38:49 2022|MetricForRecognition.py|INFO] 问语 | Num:  111 | P: 23.78 | R: 30.63 | F1: 26.77
[Fri May 13 08:38:49 2022|MetricForRecognition.py|INFO] 排比 | Num:   41 | P: 28.57 | R: 24.39 | F1: 26.32
[Fri May 13 08:38:49 2022|MetricForRecognition.py|INFO] 对偶 | Num:   34 | P:  8.33 | R:  5.88 | F1:  6.90
[Fri May 13 08:38:49 2022|MetricForRecognition.py|INFO] 反复 | Num:   55 | P: 16.36 | R: 16.36 | F1: 16.36
[Fri May 13 08:38:49 2022|MetricForRecognition.py|INFO] 对比 | Num:   21 | P:  6.67 | R:  4.76 | F1:  5.56
[Fri May 13 08:38:49 2022|MetricForRecognition.py|INFO] 引语 | Num:   62 | P: 26.42 | R: 22.58 | F1: 24.35
[Fri May 13 08:38:49 2022|MetricForRecognition.py|INFO] Overall performance | Total num:  858 | P: 26.77 | R: 25.17 | Micro F1: 25.95 | Macro F1: 14.96
[Fri May 13 08:38:49 2022|TrainRecognition.py|INFO] epoch 17, iter 0, loss = 0.09764650464057922, lr=1.5e-06
[Fri May 13 08:39:04 2022|TrainRecognition.py|INFO] epoch 17, iter 50, loss = 0.09177738428115845, lr=1.3641304347826087e-06
[Fri May 13 08:39:19 2022|TrainRecognition.py|INFO] epoch 17, iter 100, loss = 0.13317382335662842, lr=1.2282608695652175e-06
[Fri May 13 08:39:34 2022|TrainRecognition.py|INFO] epoch 17, iter 150, loss = 0.08260925859212875, lr=1.0923913043478262e-06
[Fri May 13 08:39:43 2022|TrainRecognition.py|INFO] Evaluation Result on epoch 17:
[Fri May 13 08:39:50 2022|MetricForRecognition.py|INFO] 比喻 | Num:  296 | P: 38.78 | R: 40.88 | F1: 39.80
[Fri May 13 08:39:50 2022|MetricForRecognition.py|INFO] 比拟 | Num:   90 | P: 10.20 | R:  5.56 | F1:  7.19
[Fri May 13 08:39:50 2022|MetricForRecognition.py|INFO] 借代 | Num:   69 | P: 28.57 | R: 17.39 | F1: 21.62
[Fri May 13 08:39:50 2022|MetricForRecognition.py|INFO] 夸张 | Num:   69 | P:  7.50 | R:  4.35 | F1:  5.50
[Fri May 13 08:39:50 2022|MetricForRecognition.py|INFO] 反语 | Num:    4 | P:  0.00 | R:  0.00 | F1:  0.00
[Fri May 13 08:39:50 2022|MetricForRecognition.py|INFO] 通感 | Num:    6 | P:  0.00 | R:  0.00 | F1:  0.00
[Fri May 13 08:39:50 2022|MetricForRecognition.py|INFO] 问语 | Num:  111 | P: 23.45 | R: 30.63 | F1: 26.56
[Fri May 13 08:39:50 2022|MetricForRecognition.py|INFO] 排比 | Num:   41 | P: 27.03 | R: 24.39 | F1: 25.64
[Fri May 13 08:39:50 2022|MetricForRecognition.py|INFO] 对偶 | Num:   34 | P: 12.00 | R:  8.82 | F1: 10.17
[Fri May 13 08:39:50 2022|MetricForRecognition.py|INFO] 反复 | Num:   55 | P: 18.87 | R: 18.18 | F1: 18.52
[Fri May 13 08:39:50 2022|MetricForRecognition.py|INFO] 对比 | Num:   21 | P:  6.67 | R:  4.76 | F1:  5.56
[Fri May 13 08:39:50 2022|MetricForRecognition.py|INFO] 引语 | Num:   62 | P: 26.42 | R: 22.58 | F1: 24.35
[Fri May 13 08:39:50 2022|MetricForRecognition.py|INFO] Overall performance | Total num:  858 | P: 27.63 | R: 24.83 | Micro F1: 26.15 | Macro F1: 15.41
[Fri May 13 08:39:50 2022|TrainRecognition.py|INFO] epoch 18, iter 0, loss = 0.09602296352386475, lr=1.0000000000000002e-06
[Fri May 13 08:40:06 2022|TrainRecognition.py|INFO] epoch 18, iter 50, loss = 0.08452332019805908, lr=8.641304347826088e-07
[Fri May 13 08:40:21 2022|TrainRecognition.py|INFO] epoch 18, iter 100, loss = 0.13438276946544647, lr=7.282608695652174e-07
[Fri May 13 08:40:36 2022|TrainRecognition.py|INFO] epoch 18, iter 150, loss = 0.06073484569787979, lr=5.923913043478261e-07
[Fri May 13 08:40:46 2022|TrainRecognition.py|INFO] Evaluation Result on epoch 18:
[Fri May 13 08:40:51 2022|MetricForRecognition.py|INFO] 比喻 | Num:  296 | P: 39.47 | R: 40.54 | F1: 40.00
[Fri May 13 08:40:51 2022|MetricForRecognition.py|INFO] 比拟 | Num:   90 | P:  9.80 | R:  5.56 | F1:  7.09
[Fri May 13 08:40:51 2022|MetricForRecognition.py|INFO] 借代 | Num:   69 | P: 27.50 | R: 15.94 | F1: 20.18
[Fri May 13 08:40:51 2022|MetricForRecognition.py|INFO] 夸张 | Num:   69 | P:  7.32 | R:  4.35 | F1:  5.45
[Fri May 13 08:40:51 2022|MetricForRecognition.py|INFO] 反语 | Num:    4 | P:  0.00 | R:  0.00 | F1:  0.00
[Fri May 13 08:40:51 2022|MetricForRecognition.py|INFO] 通感 | Num:    6 | P:  0.00 | R:  0.00 | F1:  0.00
[Fri May 13 08:40:51 2022|MetricForRecognition.py|INFO] 问语 | Num:  111 | P: 24.44 | R: 29.73 | F1: 26.83
[Fri May 13 08:40:51 2022|MetricForRecognition.py|INFO] 排比 | Num:   41 | P: 28.21 | R: 26.83 | F1: 27.50
[Fri May 13 08:40:51 2022|MetricForRecognition.py|INFO] 对偶 | Num:   34 | P: 12.50 | R:  8.82 | F1: 10.34
[Fri May 13 08:40:51 2022|MetricForRecognition.py|INFO] 反复 | Num:   55 | P: 23.64 | R: 23.64 | F1: 23.64
[Fri May 13 08:40:51 2022|MetricForRecognition.py|INFO] 对比 | Num:   21 | P:  6.67 | R:  4.76 | F1:  5.56
[Fri May 13 08:40:51 2022|MetricForRecognition.py|INFO] 引语 | Num:   62 | P: 26.92 | R: 22.58 | F1: 24.56
[Fri May 13 08:40:51 2022|MetricForRecognition.py|INFO] Overall performance | Total num:  858 | P: 28.31 | R: 24.94 | Micro F1: 26.52 | Macro F1: 15.93
[Fri May 13 08:40:52 2022|TrainRecognition.py|INFO] epoch 19, iter 0, loss = 0.09715522825717926, lr=5.000000000000001e-07
[Fri May 13 08:41:07 2022|TrainRecognition.py|INFO] epoch 19, iter 50, loss = 0.08434625715017319, lr=3.641304347826087e-07
[Fri May 13 08:41:21 2022|TrainRecognition.py|INFO] epoch 19, iter 100, loss = 0.14942269027233124, lr=2.2826086956521742e-07
[Fri May 13 08:41:36 2022|TrainRecognition.py|INFO] epoch 19, iter 150, loss = 0.07147097587585449, lr=9.23913043478261e-08
[Fri May 13 08:41:46 2022|TrainRecognition.py|INFO] Evaluation Result on epoch 19:
[Fri May 13 08:41:51 2022|MetricForRecognition.py|INFO] 比喻 | Num:  296 | P: 38.49 | R: 41.22 | F1: 39.80
[Fri May 13 08:41:51 2022|MetricForRecognition.py|INFO] 比拟 | Num:   90 | P: 10.00 | R:  4.44 | F1:  6.15
[Fri May 13 08:41:51 2022|MetricForRecognition.py|INFO] 借代 | Num:   69 | P: 27.27 | R: 17.39 | F1: 21.24
[Fri May 13 08:41:51 2022|MetricForRecognition.py|INFO] 夸张 | Num:   69 | P:  8.11 | R:  4.35 | F1:  5.66
[Fri May 13 08:41:51 2022|MetricForRecognition.py|INFO] 反语 | Num:    4 | P:  0.00 | R:  0.00 | F1:  0.00
[Fri May 13 08:41:51 2022|MetricForRecognition.py|INFO] 通感 | Num:    6 | P:  0.00 | R:  0.00 | F1:  0.00
[Fri May 13 08:41:51 2022|MetricForRecognition.py|INFO] 问语 | Num:  111 | P: 24.26 | R: 29.73 | F1: 26.72
[Fri May 13 08:41:51 2022|MetricForRecognition.py|INFO] 排比 | Num:   41 | P: 26.83 | R: 26.83 | F1: 26.83
[Fri May 13 08:41:51 2022|MetricForRecognition.py|INFO] 对偶 | Num:   34 | P: 13.04 | R:  8.82 | F1: 10.53
[Fri May 13 08:41:51 2022|MetricForRecognition.py|INFO] 反复 | Num:   55 | P: 22.41 | R: 23.64 | F1: 23.01
[Fri May 13 08:41:51 2022|MetricForRecognition.py|INFO] 对比 | Num:   21 | P:  5.00 | R:  4.76 | F1:  4.88
[Fri May 13 08:41:51 2022|MetricForRecognition.py|INFO] 引语 | Num:   62 | P: 26.92 | R: 22.58 | F1: 24.56
[Fri May 13 08:41:51 2022|MetricForRecognition.py|INFO] Overall performance | Total num:  858 | P: 28.12 | R: 25.17 | Micro F1: 26.57 | Macro F1: 15.78
[Fri May 13 08:41:51 2022|main.py|INFO] Progress| Train Complete!
[Fri May 13 08:41:52 2022|TrainRecognition.py|INFO] Load best checkpoint from epoch 11
[Fri May 13 08:42:01 2022|MetricForRecognition.py|INFO] 比喻 | Num:  666 | P: 42.94 | R: 43.39 | F1: 43.17
[Fri May 13 08:42:01 2022|MetricForRecognition.py|INFO] 比拟 | Num:  234 | P: 15.56 | R:  5.98 | F1:  8.64
[Fri May 13 08:42:01 2022|MetricForRecognition.py|INFO] 借代 | Num:  121 | P:  7.84 | R:  6.61 | F1:  7.17
[Fri May 13 08:42:01 2022|MetricForRecognition.py|INFO] 夸张 | Num:  142 | P:  7.50 | R:  4.23 | F1:  5.41
[Fri May 13 08:42:01 2022|MetricForRecognition.py|INFO] 反语 | Num:    5 | P:  0.00 | R:  0.00 | F1:  0.00
[Fri May 13 08:42:01 2022|MetricForRecognition.py|INFO] 通感 | Num:    9 | P:  0.00 | R:  0.00 | F1:  0.00
[Fri May 13 08:42:01 2022|MetricForRecognition.py|INFO] 问语 | Num:  197 | P: 20.56 | R: 25.89 | F1: 22.92
[Fri May 13 08:42:01 2022|MetricForRecognition.py|INFO] 排比 | Num:   96 | P: 43.75 | R: 36.46 | F1: 39.77
[Fri May 13 08:42:01 2022|MetricForRecognition.py|INFO] 对偶 | Num:   69 | P: 20.45 | R: 13.04 | F1: 15.93
[Fri May 13 08:42:01 2022|MetricForRecognition.py|INFO] 反复 | Num:  102 | P: 20.00 | R: 20.59 | F1: 20.29
[Fri May 13 08:42:01 2022|MetricForRecognition.py|INFO] 对比 | Num:   58 | P: 17.86 | R:  8.62 | F1: 11.63
[Fri May 13 08:42:01 2022|MetricForRecognition.py|INFO] 引语 | Num:  111 | P: 39.29 | R: 29.73 | F1: 33.85
[Fri May 13 08:42:01 2022|MetricForRecognition.py|INFO] Overall performance | Total num: 1810 | P: 30.70 | R: 26.02 | Micro F1: 28.17 | Macro F1: 17.40
